  1048 Thread-1 05-16 04:47 faker.factory DEBUG    Looking for locale `en_US` in provider `faker.providers.address`.
  1048 Thread-2 05-16 04:47 faker.factory DEBUG    Looking for locale `en_US` in provider `faker.providers.address`.
  1058 Thread-3 05-16 04:47 faker.factory DEBUG    Looking for locale `en_US` in provider `faker.providers.address`.
  1059 Thread-4 05-16 04:47 faker.factory DEBUG    Looking for locale `en_US` in provider `faker.providers.address`.
  1059 Thread-5 05-16 04:47 faker.factory DEBUG    Looking for locale `en_US` in provider `faker.providers.address`.
  1059 Thread-6 05-16 04:47 faker.factory DEBUG    Looking for locale `en_US` in provider `faker.providers.address`.
  1059 Thread-7 05-16 04:47 faker.factory DEBUG    Looking for locale `en_US` in provider `faker.providers.address`.
  1059 Thread-8 05-16 04:47 faker.factory DEBUG    Looking for locale `en_US` in provider `faker.providers.address`.
  1059 Thread-9 05-16 04:47 faker.factory DEBUG    Looking for locale `en_US` in provider `faker.providers.address`.
  1059 Thread-10 05-16 04:47 faker.factory DEBUG    Looking for locale `en_US` in provider `faker.providers.address`.
  1181 Thread-1 05-16 04:47 faker.factory DEBUG    Provider `faker.providers.address` has been localized to `en_US`.
  1189 Thread-2 05-16 04:47 faker.factory DEBUG    Provider `faker.providers.address` has been localized to `en_US`.
  1189 Thread-4 05-16 04:47 faker.factory DEBUG    Provider `faker.providers.address` has been localized to `en_US`.
  1203 Thread-1 05-16 04:47 faker.factory DEBUG    Looking for locale `en_US` in provider `faker.providers.automotive`.
  1203 Thread-2 05-16 04:47 faker.factory DEBUG    Looking for locale `en_US` in provider `faker.providers.automotive`.
  1203 Thread-3 05-16 04:47 faker.factory DEBUG    Provider `faker.providers.address` has been localized to `en_US`.
  1203 Thread-4 05-16 04:47 faker.factory DEBUG    Looking for locale `en_US` in provider `faker.providers.automotive`.
  1203 Thread-3 05-16 04:47 faker.factory DEBUG    Looking for locale `en_US` in provider `faker.providers.automotive`.
  1250 Thread-5 05-16 04:47 faker.factory DEBUG    Provider `faker.providers.address` has been localized to `en_US`.
  1250 Thread-6 05-16 04:47 faker.factory DEBUG    Provider `faker.providers.address` has been localized to `en_US`.
  1250 Thread-8 05-16 04:47 faker.factory DEBUG    Provider `faker.providers.address` has been localized to `en_US`.
  1250 Thread-7 05-16 04:47 faker.factory DEBUG    Provider `faker.providers.address` has been localized to `en_US`.
  1266 Thread-5 05-16 04:47 faker.factory DEBUG    Looking for locale `en_US` in provider `faker.providers.automotive`.
  1266 Thread-10 05-16 04:47 faker.factory DEBUG    Provider `faker.providers.address` has been localized to `en_US`.
  1266 Thread-9 05-16 04:47 faker.factory DEBUG    Provider `faker.providers.address` has been localized to `en_US`.
  1266 Thread-1 05-16 04:47 faker.factory DEBUG    Provider `faker.providers.automotive` has been localized to `en_US`.
  1266 Thread-6 05-16 04:47 faker.factory DEBUG    Looking for locale `en_US` in provider `faker.providers.automotive`.
  1266 Thread-8 05-16 04:47 faker.factory DEBUG    Looking for locale `en_US` in provider `faker.providers.automotive`.
  1266 Thread-2 05-16 04:47 faker.factory DEBUG    Provider `faker.providers.automotive` has been localized to `en_US`.
  1266 Thread-7 05-16 04:47 faker.factory DEBUG    Looking for locale `en_US` in provider `faker.providers.automotive`.
  1266 Thread-4 05-16 04:47 faker.factory DEBUG    Provider `faker.providers.automotive` has been localized to `en_US`.
  1266 Thread-10 05-16 04:47 faker.factory DEBUG    Looking for locale `en_US` in provider `faker.providers.automotive`.
  1266 Thread-1 05-16 04:47 faker.factory DEBUG    Looking for locale `en_US` in provider `faker.providers.bank`.
  1266 Thread-9 05-16 04:47 faker.factory DEBUG    Looking for locale `en_US` in provider `faker.providers.automotive`.
  1266 Thread-2 05-16 04:47 faker.factory DEBUG    Looking for locale `en_US` in provider `faker.providers.bank`.
  1266 Thread-3 05-16 04:47 faker.factory DEBUG    Provider `faker.providers.automotive` has been localized to `en_US`.
  1266 Thread-4 05-16 04:47 faker.factory DEBUG    Looking for locale `en_US` in provider `faker.providers.bank`.
  1282 Thread-3 05-16 04:47 faker.factory DEBUG    Looking for locale `en_US` in provider `faker.providers.bank`.
  1305 Thread-1 05-16 04:47 faker.factory DEBUG    Specified locale `en_US` is not available for provider `faker.providers.bank`. Locale reset to `en_GB` for this provider.
  1319 Thread-4 05-16 04:47 faker.factory DEBUG    Specified locale `en_US` is not available for provider `faker.providers.bank`. Locale reset to `en_GB` for this provider.
  1319 Thread-2 05-16 04:47 faker.factory DEBUG    Specified locale `en_US` is not available for provider `faker.providers.bank`. Locale reset to `en_GB` for this provider.
  1319 Thread-1 05-16 04:47 faker.factory DEBUG    Provider `faker.providers.barcode` does not feature localization. Specified locale `en_US` is not utilized for this provider.
  1319 Thread-4 05-16 04:47 faker.factory DEBUG    Provider `faker.providers.barcode` does not feature localization. Specified locale `en_US` is not utilized for this provider.
  1319 Thread-5 05-16 04:47 faker.factory DEBUG    Provider `faker.providers.automotive` has been localized to `en_US`.
  1319 Thread-2 05-16 04:47 faker.factory DEBUG    Provider `faker.providers.barcode` does not feature localization. Specified locale `en_US` is not utilized for this provider.
  1319 Thread-3 05-16 04:47 faker.factory DEBUG    Specified locale `en_US` is not available for provider `faker.providers.bank`. Locale reset to `en_GB` for this provider.
  1319 Thread-1 05-16 04:47 faker.factory DEBUG    Looking for locale `en_US` in provider `faker.providers.color`.
  1335 Thread-4 05-16 04:47 faker.factory DEBUG    Looking for locale `en_US` in provider `faker.providers.color`.
  1335 Thread-5 05-16 04:47 faker.factory DEBUG    Looking for locale `en_US` in provider `faker.providers.bank`.
  1335 Thread-6 05-16 04:47 faker.factory DEBUG    Provider `faker.providers.automotive` has been localized to `en_US`.
  1335 Thread-2 05-16 04:47 faker.factory DEBUG    Looking for locale `en_US` in provider `faker.providers.color`.
  1335 Thread-3 05-16 04:47 faker.factory DEBUG    Provider `faker.providers.barcode` does not feature localization. Specified locale `en_US` is not utilized for this provider.
  1335 Thread-8 05-16 04:47 faker.factory DEBUG    Provider `faker.providers.automotive` has been localized to `en_US`.
  1335 Thread-7 05-16 04:47 faker.factory DEBUG    Provider `faker.providers.automotive` has been localized to `en_US`.
  1335 Thread-10 05-16 04:47 faker.factory DEBUG    Provider `faker.providers.automotive` has been localized to `en_US`.
  1335 Thread-6 05-16 04:47 faker.factory DEBUG    Looking for locale `en_US` in provider `faker.providers.bank`.
  1335 Thread-9 05-16 04:47 faker.factory DEBUG    Provider `faker.providers.automotive` has been localized to `en_US`.
  1335 Thread-3 05-16 04:47 faker.factory DEBUG    Looking for locale `en_US` in provider `faker.providers.color`.
  1335 Thread-8 05-16 04:47 faker.factory DEBUG    Looking for locale `en_US` in provider `faker.providers.bank`.
  1335 Thread-7 05-16 04:47 faker.factory DEBUG    Looking for locale `en_US` in provider `faker.providers.bank`.
  1335 Thread-10 05-16 04:47 faker.factory DEBUG    Looking for locale `en_US` in provider `faker.providers.bank`.
  1351 Thread-9 05-16 04:47 faker.factory DEBUG    Looking for locale `en_US` in provider `faker.providers.bank`.
  1367 Thread-5 05-16 04:47 faker.factory DEBUG    Specified locale `en_US` is not available for provider `faker.providers.bank`. Locale reset to `en_GB` for this provider.
  1367 Thread-1 05-16 04:47 faker.factory DEBUG    Provider `faker.providers.color` has been localized to `en_US`.
  1367 Thread-4 05-16 04:47 faker.factory DEBUG    Provider `faker.providers.color` has been localized to `en_US`.
  1367 Thread-5 05-16 04:47 faker.factory DEBUG    Provider `faker.providers.barcode` does not feature localization. Specified locale `en_US` is not utilized for this provider.
  1382 Thread-1 05-16 04:47 faker.factory DEBUG    Looking for locale `en_US` in provider `faker.providers.company`.
  1382 Thread-2 05-16 04:47 faker.factory DEBUG    Provider `faker.providers.color` has been localized to `en_US`.
  1382 Thread-4 05-16 04:47 faker.factory DEBUG    Looking for locale `en_US` in provider `faker.providers.company`.
  1382 Thread-6 05-16 04:47 faker.factory DEBUG    Specified locale `en_US` is not available for provider `faker.providers.bank`. Locale reset to `en_GB` for this provider.
  1382 Thread-5 05-16 04:47 faker.factory DEBUG    Looking for locale `en_US` in provider `faker.providers.color`.
  1382 Thread-2 05-16 04:47 faker.factory DEBUG    Looking for locale `en_US` in provider `faker.providers.company`.
  1388 Thread-6 05-16 04:47 faker.factory DEBUG    Provider `faker.providers.barcode` does not feature localization. Specified locale `en_US` is not utilized for this provider.
  1388 Thread-8 05-16 04:47 faker.factory DEBUG    Specified locale `en_US` is not available for provider `faker.providers.bank`. Locale reset to `en_GB` for this provider.
  1388 Thread-7 05-16 04:47 faker.factory DEBUG    Specified locale `en_US` is not available for provider `faker.providers.bank`. Locale reset to `en_GB` for this provider.
  1388 Thread-3 05-16 04:47 faker.factory DEBUG    Provider `faker.providers.color` has been localized to `en_US`.
  1388 Thread-10 05-16 04:47 faker.factory DEBUG    Specified locale `en_US` is not available for provider `faker.providers.bank`. Locale reset to `en_GB` for this provider.
  1388 Thread-6 05-16 04:47 faker.factory DEBUG    Looking for locale `en_US` in provider `faker.providers.color`.
  1388 Thread-8 05-16 04:47 faker.factory DEBUG    Provider `faker.providers.barcode` does not feature localization. Specified locale `en_US` is not utilized for this provider.
  1388 Thread-9 05-16 04:47 faker.factory DEBUG    Specified locale `en_US` is not available for provider `faker.providers.bank`. Locale reset to `en_GB` for this provider.
  1388 Thread-7 05-16 04:47 faker.factory DEBUG    Provider `faker.providers.barcode` does not feature localization. Specified locale `en_US` is not utilized for this provider.
  1388 Thread-3 05-16 04:47 faker.factory DEBUG    Looking for locale `en_US` in provider `faker.providers.company`.
  1388 Thread-10 05-16 04:47 faker.factory DEBUG    Provider `faker.providers.barcode` does not feature localization. Specified locale `en_US` is not utilized for this provider.
  1388 Thread-8 05-16 04:47 faker.factory DEBUG    Looking for locale `en_US` in provider `faker.providers.color`.
  1388 Thread-9 05-16 04:47 faker.factory DEBUG    Provider `faker.providers.barcode` does not feature localization. Specified locale `en_US` is not utilized for this provider.
  1388 Thread-7 05-16 04:47 faker.factory DEBUG    Looking for locale `en_US` in provider `faker.providers.color`.
  1388 Thread-10 05-16 04:47 faker.factory DEBUG    Looking for locale `en_US` in provider `faker.providers.color`.
  1404 Thread-9 05-16 04:47 faker.factory DEBUG    Looking for locale `en_US` in provider `faker.providers.color`.
  1420 Thread-5 05-16 04:47 faker.factory DEBUG    Provider `faker.providers.color` has been localized to `en_US`.
  1420 Thread-5 05-16 04:47 faker.factory DEBUG    Looking for locale `en_US` in provider `faker.providers.company`.
  1420 Thread-6 05-16 04:47 faker.factory DEBUG    Provider `faker.providers.color` has been localized to `en_US`.
  1436 Thread-6 05-16 04:47 faker.factory DEBUG    Looking for locale `en_US` in provider `faker.providers.company`.
  1436 Thread-8 05-16 04:47 faker.factory DEBUG    Provider `faker.providers.color` has been localized to `en_US`.
  1436 Thread-10 05-16 04:47 faker.factory DEBUG    Provider `faker.providers.color` has been localized to `en_US`.
  1436 Thread-7 05-16 04:47 faker.factory DEBUG    Provider `faker.providers.color` has been localized to `en_US`.
  1436 Thread-9 05-16 04:47 faker.factory DEBUG    Provider `faker.providers.color` has been localized to `en_US`.
  1436 Thread-8 05-16 04:47 faker.factory DEBUG    Looking for locale `en_US` in provider `faker.providers.company`.
  1436 Thread-10 05-16 04:47 faker.factory DEBUG    Looking for locale `en_US` in provider `faker.providers.company`.
  1436 Thread-7 05-16 04:47 faker.factory DEBUG    Looking for locale `en_US` in provider `faker.providers.company`.
  1451 Thread-9 05-16 04:47 faker.factory DEBUG    Looking for locale `en_US` in provider `faker.providers.company`.
  1483 Thread-1 05-16 04:47 faker.factory DEBUG    Provider `faker.providers.company` has been localized to `en_US`.
  1489 Thread-4 05-16 04:47 faker.factory DEBUG    Provider `faker.providers.company` has been localized to `en_US`.
  1489 Thread-1 05-16 04:47 faker.factory DEBUG    Provider `faker.providers.credit_card` does not feature localization. Specified locale `en_US` is not utilized for this provider.
  1489 Thread-2 05-16 04:47 faker.factory DEBUG    Provider `faker.providers.company` has been localized to `en_US`.
  1489 Thread-4 05-16 04:47 faker.factory DEBUG    Provider `faker.providers.credit_card` does not feature localization. Specified locale `en_US` is not utilized for this provider.
  1489 Thread-1 05-16 04:47 faker.factory DEBUG    Provider `faker.providers.currency` does not feature localization. Specified locale `en_US` is not utilized for this provider.
  1505 Thread-2 05-16 04:47 faker.factory DEBUG    Provider `faker.providers.credit_card` does not feature localization. Specified locale `en_US` is not utilized for this provider.
  1505 Thread-4 05-16 04:47 faker.factory DEBUG    Provider `faker.providers.currency` does not feature localization. Specified locale `en_US` is not utilized for this provider.
  1505 Thread-1 05-16 04:47 faker.factory DEBUG    Looking for locale `en_US` in provider `faker.providers.date_time`.
  1505 Thread-2 05-16 04:47 faker.factory DEBUG    Provider `faker.providers.currency` does not feature localization. Specified locale `en_US` is not utilized for this provider.
  1505 Thread-3 05-16 04:47 faker.factory DEBUG    Provider `faker.providers.company` has been localized to `en_US`.
  1505 Thread-4 05-16 04:47 faker.factory DEBUG    Looking for locale `en_US` in provider `faker.providers.date_time`.
  1505 Thread-2 05-16 04:47 faker.factory DEBUG    Looking for locale `en_US` in provider `faker.providers.date_time`.
  1505 Thread-3 05-16 04:47 faker.factory DEBUG    Provider `faker.providers.credit_card` does not feature localization. Specified locale `en_US` is not utilized for this provider.
  1536 Thread-3 05-16 04:47 faker.factory DEBUG    Provider `faker.providers.currency` does not feature localization. Specified locale `en_US` is not utilized for this provider.
  1536 Thread-3 05-16 04:47 faker.factory DEBUG    Looking for locale `en_US` in provider `faker.providers.date_time`.
  1568 Thread-5 05-16 04:47 faker.factory DEBUG    Provider `faker.providers.company` has been localized to `en_US`.
  1582 Thread-5 05-16 04:47 faker.factory DEBUG    Provider `faker.providers.credit_card` does not feature localization. Specified locale `en_US` is not utilized for this provider.
  1589 Thread-6 05-16 04:47 faker.factory DEBUG    Provider `faker.providers.company` has been localized to `en_US`.
  1589 Thread-5 05-16 04:47 faker.factory DEBUG    Provider `faker.providers.currency` does not feature localization. Specified locale `en_US` is not utilized for this provider.
  1589 Thread-6 05-16 04:47 faker.factory DEBUG    Provider `faker.providers.credit_card` does not feature localization. Specified locale `en_US` is not utilized for this provider.
  1589 Thread-5 05-16 04:47 faker.factory DEBUG    Looking for locale `en_US` in provider `faker.providers.date_time`.
  1589 Thread-6 05-16 04:47 faker.factory DEBUG    Provider `faker.providers.currency` does not feature localization. Specified locale `en_US` is not utilized for this provider.
  1589 Thread-1 05-16 04:47 faker.factory DEBUG    Provider `faker.providers.date_time` has been localized to `en_US`.
  1589 Thread-7 05-16 04:47 faker.factory DEBUG    Provider `faker.providers.company` has been localized to `en_US`.
  1589 Thread-8 05-16 04:47 faker.factory DEBUG    Provider `faker.providers.company` has been localized to `en_US`.
  1589 Thread-10 05-16 04:47 faker.factory DEBUG    Provider `faker.providers.company` has been localized to `en_US`.
  1589 Thread-4 05-16 04:47 faker.factory DEBUG    Provider `faker.providers.date_time` has been localized to `en_US`.
  1605 Thread-9 05-16 04:47 faker.factory DEBUG    Provider `faker.providers.company` has been localized to `en_US`.
  1605 Thread-6 05-16 04:47 faker.factory DEBUG    Looking for locale `en_US` in provider `faker.providers.date_time`.
  1605 Thread-2 05-16 04:47 faker.factory DEBUG    Provider `faker.providers.date_time` has been localized to `en_US`.
  1605 Thread-7 05-16 04:47 faker.factory DEBUG    Provider `faker.providers.credit_card` does not feature localization. Specified locale `en_US` is not utilized for this provider.
  1605 Thread-1 05-16 04:47 faker.factory DEBUG    Provider `faker.providers.file` does not feature localization. Specified locale `en_US` is not utilized for this provider.
  1605 Thread-8 05-16 04:47 faker.factory DEBUG    Provider `faker.providers.credit_card` does not feature localization. Specified locale `en_US` is not utilized for this provider.
  1605 Thread-10 05-16 04:47 faker.factory DEBUG    Provider `faker.providers.credit_card` does not feature localization. Specified locale `en_US` is not utilized for this provider.
  1605 Thread-9 05-16 04:47 faker.factory DEBUG    Provider `faker.providers.credit_card` does not feature localization. Specified locale `en_US` is not utilized for this provider.
  1605 Thread-4 05-16 04:47 faker.factory DEBUG    Provider `faker.providers.file` does not feature localization. Specified locale `en_US` is not utilized for this provider.
  1605 Thread-3 05-16 04:47 faker.factory DEBUG    Provider `faker.providers.date_time` has been localized to `en_US`.
  1605 Thread-2 05-16 04:47 faker.factory DEBUG    Provider `faker.providers.file` does not feature localization. Specified locale `en_US` is not utilized for this provider.
  1605 Thread-7 05-16 04:47 faker.factory DEBUG    Provider `faker.providers.currency` does not feature localization. Specified locale `en_US` is not utilized for this provider.
  1605 Thread-1 05-16 04:47 faker.factory DEBUG    Looking for locale `en_US` in provider `faker.providers.geo`.
  1605 Thread-8 05-16 04:47 faker.factory DEBUG    Provider `faker.providers.currency` does not feature localization. Specified locale `en_US` is not utilized for this provider.
  1605 Thread-10 05-16 04:47 faker.factory DEBUG    Provider `faker.providers.currency` does not feature localization. Specified locale `en_US` is not utilized for this provider.
  1621 Thread-9 05-16 04:47 faker.factory DEBUG    Provider `faker.providers.currency` does not feature localization. Specified locale `en_US` is not utilized for this provider.
  1621 Thread-4 05-16 04:47 faker.factory DEBUG    Looking for locale `en_US` in provider `faker.providers.geo`.
  1621 Thread-3 05-16 04:47 faker.factory DEBUG    Provider `faker.providers.file` does not feature localization. Specified locale `en_US` is not utilized for this provider.
  1621 Thread-2 05-16 04:47 faker.factory DEBUG    Looking for locale `en_US` in provider `faker.providers.geo`.
  1621 Thread-7 05-16 04:47 faker.factory DEBUG    Looking for locale `en_US` in provider `faker.providers.date_time`.
  1621 Thread-8 05-16 04:47 faker.factory DEBUG    Looking for locale `en_US` in provider `faker.providers.date_time`.
  1621 Thread-10 05-16 04:47 faker.factory DEBUG    Looking for locale `en_US` in provider `faker.providers.date_time`.
  1621 Thread-9 05-16 04:47 faker.factory DEBUG    Looking for locale `en_US` in provider `faker.providers.date_time`.
  1621 Thread-3 05-16 04:47 faker.factory DEBUG    Looking for locale `en_US` in provider `faker.providers.geo`.
  1621 Thread-1 05-16 04:47 faker.factory DEBUG    Provider `faker.providers.geo` has been localized to `en_US`.
  1637 Thread-1 05-16 04:47 faker.factory DEBUG    Looking for locale `en_US` in provider `faker.providers.internet`.
  1637 Thread-4 05-16 04:47 faker.factory DEBUG    Provider `faker.providers.geo` has been localized to `en_US`.
  1637 Thread-2 05-16 04:47 faker.factory DEBUG    Provider `faker.providers.geo` has been localized to `en_US`.
  1637 Thread-4 05-16 04:47 faker.factory DEBUG    Looking for locale `en_US` in provider `faker.providers.internet`.
  1637 Thread-5 05-16 04:47 faker.factory DEBUG    Provider `faker.providers.date_time` has been localized to `en_US`.
  1651 Thread-2 05-16 04:47 faker.factory DEBUG    Looking for locale `en_US` in provider `faker.providers.internet`.
  1651 Thread-3 05-16 04:47 faker.factory DEBUG    Provider `faker.providers.geo` has been localized to `en_US`.
  1651 Thread-5 05-16 04:47 faker.factory DEBUG    Provider `faker.providers.file` does not feature localization. Specified locale `en_US` is not utilized for this provider.
  1651 Thread-6 05-16 04:47 faker.factory DEBUG    Provider `faker.providers.date_time` has been localized to `en_US`.
  1651 Thread-3 05-16 04:47 faker.factory DEBUG    Looking for locale `en_US` in provider `faker.providers.internet`.
  1651 Thread-5 05-16 04:47 faker.factory DEBUG    Looking for locale `en_US` in provider `faker.providers.geo`.
  1651 Thread-6 05-16 04:47 faker.factory DEBUG    Provider `faker.providers.file` does not feature localization. Specified locale `en_US` is not utilized for this provider.
  1667 Thread-6 05-16 04:47 faker.factory DEBUG    Looking for locale `en_US` in provider `faker.providers.geo`.
  1667 Thread-7 05-16 04:47 faker.factory DEBUG    Provider `faker.providers.date_time` has been localized to `en_US`.
  1667 Thread-5 05-16 04:47 faker.factory DEBUG    Provider `faker.providers.geo` has been localized to `en_US`.
  1667 Thread-8 05-16 04:47 faker.factory DEBUG    Provider `faker.providers.date_time` has been localized to `en_US`.
  1683 Thread-10 05-16 04:47 faker.factory DEBUG    Provider `faker.providers.date_time` has been localized to `en_US`.
  1683 Thread-5 05-16 04:47 faker.factory DEBUG    Looking for locale `en_US` in provider `faker.providers.internet`.
  1683 Thread-9 05-16 04:47 faker.factory DEBUG    Provider `faker.providers.date_time` has been localized to `en_US`.
  1683 Thread-7 05-16 04:47 faker.factory DEBUG    Provider `faker.providers.file` does not feature localization. Specified locale `en_US` is not utilized for this provider.
  1683 Thread-8 05-16 04:47 faker.factory DEBUG    Provider `faker.providers.file` does not feature localization. Specified locale `en_US` is not utilized for this provider.
  1683 Thread-6 05-16 04:47 faker.factory DEBUG    Provider `faker.providers.geo` has been localized to `en_US`.
  1683 Thread-10 05-16 04:47 faker.factory DEBUG    Provider `faker.providers.file` does not feature localization. Specified locale `en_US` is not utilized for this provider.
  1690 Thread-9 05-16 04:47 faker.factory DEBUG    Provider `faker.providers.file` does not feature localization. Specified locale `en_US` is not utilized for this provider.
  1690 Thread-7 05-16 04:47 faker.factory DEBUG    Looking for locale `en_US` in provider `faker.providers.geo`.
  1690 Thread-8 05-16 04:47 faker.factory DEBUG    Looking for locale `en_US` in provider `faker.providers.geo`.
  1690 Thread-6 05-16 04:47 faker.factory DEBUG    Looking for locale `en_US` in provider `faker.providers.internet`.
  1690 Thread-10 05-16 04:47 faker.factory DEBUG    Looking for locale `en_US` in provider `faker.providers.geo`.
  1690 Thread-9 05-16 04:47 faker.factory DEBUG    Looking for locale `en_US` in provider `faker.providers.geo`.
  1706 Thread-7 05-16 04:47 faker.factory DEBUG    Provider `faker.providers.geo` has been localized to `en_US`.
  1706 Thread-8 05-16 04:47 faker.factory DEBUG    Provider `faker.providers.geo` has been localized to `en_US`.
  1706 Thread-10 05-16 04:47 faker.factory DEBUG    Provider `faker.providers.geo` has been localized to `en_US`.
  1706 Thread-7 05-16 04:47 faker.factory DEBUG    Looking for locale `en_US` in provider `faker.providers.internet`.
  1706 Thread-9 05-16 04:47 faker.factory DEBUG    Provider `faker.providers.geo` has been localized to `en_US`.
  1706 Thread-8 05-16 04:47 faker.factory DEBUG    Looking for locale `en_US` in provider `faker.providers.internet`.
  1720 Thread-10 05-16 04:47 faker.factory DEBUG    Looking for locale `en_US` in provider `faker.providers.internet`.
  1720 Thread-9 05-16 04:47 faker.factory DEBUG    Looking for locale `en_US` in provider `faker.providers.internet`.
  1768 Thread-1 05-16 04:47 faker.factory DEBUG    Provider `faker.providers.internet` has been localized to `en_US`.
  1768 Thread-1 05-16 04:47 faker.factory DEBUG    Provider `faker.providers.isbn` does not feature localization. Specified locale `en_US` is not utilized for this provider.
  1768 Thread-4 05-16 04:47 faker.factory DEBUG    Provider `faker.providers.internet` has been localized to `en_US`.
  1768 Thread-2 05-16 04:47 faker.factory DEBUG    Provider `faker.providers.internet` has been localized to `en_US`.
  1783 Thread-1 05-16 04:47 faker.factory DEBUG    Looking for locale `en_US` in provider `faker.providers.job`.
  1783 Thread-4 05-16 04:47 faker.factory DEBUG    Provider `faker.providers.isbn` does not feature localization. Specified locale `en_US` is not utilized for this provider.
  1789 Thread-2 05-16 04:47 faker.factory DEBUG    Provider `faker.providers.isbn` does not feature localization. Specified locale `en_US` is not utilized for this provider.
  1789 Thread-3 05-16 04:47 faker.factory DEBUG    Provider `faker.providers.internet` has been localized to `en_US`.
  1789 Thread-4 05-16 04:47 faker.factory DEBUG    Looking for locale `en_US` in provider `faker.providers.job`.
  1789 Thread-2 05-16 04:47 faker.factory DEBUG    Looking for locale `en_US` in provider `faker.providers.job`.
  1789 Thread-3 05-16 04:47 faker.factory DEBUG    Provider `faker.providers.isbn` does not feature localization. Specified locale `en_US` is not utilized for this provider.
  1805 Thread-3 05-16 04:47 faker.factory DEBUG    Looking for locale `en_US` in provider `faker.providers.job`.
  1821 Thread-5 05-16 04:47 faker.factory DEBUG    Provider `faker.providers.internet` has been localized to `en_US`.
  1868 Thread-5 05-16 04:47 faker.factory DEBUG    Provider `faker.providers.isbn` does not feature localization. Specified locale `en_US` is not utilized for this provider.
  1868 Thread-6 05-16 04:47 faker.factory DEBUG    Provider `faker.providers.internet` has been localized to `en_US`.
  1868 Thread-5 05-16 04:47 faker.factory DEBUG    Looking for locale `en_US` in provider `faker.providers.job`.
  1884 Thread-6 05-16 04:47 faker.factory DEBUG    Provider `faker.providers.isbn` does not feature localization. Specified locale `en_US` is not utilized for this provider.
  1890 Thread-6 05-16 04:47 faker.factory DEBUG    Looking for locale `en_US` in provider `faker.providers.job`.
  1890 Thread-7 05-16 04:47 faker.factory DEBUG    Provider `faker.providers.internet` has been localized to `en_US`.
  1890 Thread-8 05-16 04:47 faker.factory DEBUG    Provider `faker.providers.internet` has been localized to `en_US`.
  1905 Thread-10 05-16 04:47 faker.factory DEBUG    Provider `faker.providers.internet` has been localized to `en_US`.
  1905 Thread-7 05-16 04:47 faker.factory DEBUG    Provider `faker.providers.isbn` does not feature localization. Specified locale `en_US` is not utilized for this provider.
  1905 Thread-9 05-16 04:47 faker.factory DEBUG    Provider `faker.providers.internet` has been localized to `en_US`.
  1905 Thread-8 05-16 04:47 faker.factory DEBUG    Provider `faker.providers.isbn` does not feature localization. Specified locale `en_US` is not utilized for this provider.
  1905 Thread-7 05-16 04:47 faker.factory DEBUG    Looking for locale `en_US` in provider `faker.providers.job`.
  1905 Thread-1 05-16 04:47 faker.factory DEBUG    Provider `faker.providers.job` has been localized to `en_US`.
  1905 Thread-10 05-16 04:47 faker.factory DEBUG    Provider `faker.providers.isbn` does not feature localization. Specified locale `en_US` is not utilized for this provider.
  1905 Thread-9 05-16 04:47 faker.factory DEBUG    Provider `faker.providers.isbn` does not feature localization. Specified locale `en_US` is not utilized for this provider.
  1905 Thread-8 05-16 04:47 faker.factory DEBUG    Looking for locale `en_US` in provider `faker.providers.job`.
  1921 Thread-1 05-16 04:47 faker.factory DEBUG    Looking for locale `en_US` in provider `faker.providers.lorem`.
  1921 Thread-10 05-16 04:47 faker.factory DEBUG    Looking for locale `en_US` in provider `faker.providers.job`.
  1921 Thread-9 05-16 04:47 faker.factory DEBUG    Looking for locale `en_US` in provider `faker.providers.job`.
  1921 Thread-2 05-16 04:47 faker.factory DEBUG    Provider `faker.providers.job` has been localized to `en_US`.
  1921 Thread-4 05-16 04:47 faker.factory DEBUG    Provider `faker.providers.job` has been localized to `en_US`.
  1921 Thread-2 05-16 04:47 faker.factory DEBUG    Looking for locale `en_US` in provider `faker.providers.lorem`.
  1921 Thread-4 05-16 04:47 faker.factory DEBUG    Looking for locale `en_US` in provider `faker.providers.lorem`.
  1937 Thread-3 05-16 04:47 faker.factory DEBUG    Provider `faker.providers.job` has been localized to `en_US`.
  1937 Thread-3 05-16 04:47 faker.factory DEBUG    Looking for locale `en_US` in provider `faker.providers.lorem`.
  1953 Thread-5 05-16 04:47 faker.factory DEBUG    Provider `faker.providers.job` has been localized to `en_US`.
  1969 Thread-5 05-16 04:47 faker.factory DEBUG    Looking for locale `en_US` in provider `faker.providers.lorem`.
  1969 Thread-6 05-16 04:47 faker.factory DEBUG    Provider `faker.providers.job` has been localized to `en_US`.
  1969 Thread-1 05-16 04:47 faker.factory DEBUG    Provider `faker.providers.lorem` has been localized to `en_US`.
  1983 Thread-6 05-16 04:47 faker.factory DEBUG    Looking for locale `en_US` in provider `faker.providers.lorem`.
  1983 Thread-1 05-16 04:47 faker.factory DEBUG    Provider `faker.providers.misc` does not feature localization. Specified locale `en_US` is not utilized for this provider.
  1990 Thread-2 05-16 04:47 faker.factory DEBUG    Provider `faker.providers.lorem` has been localized to `en_US`.
  1990 Thread-1 05-16 04:47 faker.factory DEBUG    Looking for locale `en_US` in provider `faker.providers.person`.
  1990 Thread-4 05-16 04:47 faker.factory DEBUG    Provider `faker.providers.lorem` has been localized to `en_US`.
  1990 Thread-2 05-16 04:47 faker.factory DEBUG    Provider `faker.providers.misc` does not feature localization. Specified locale `en_US` is not utilized for this provider.
  1990 Thread-7 05-16 04:47 faker.factory DEBUG    Provider `faker.providers.job` has been localized to `en_US`.
  1990 Thread-4 05-16 04:47 faker.factory DEBUG    Provider `faker.providers.misc` does not feature localization. Specified locale `en_US` is not utilized for this provider.
  1990 Thread-3 05-16 04:47 faker.factory DEBUG    Provider `faker.providers.lorem` has been localized to `en_US`.
  1990 Thread-2 05-16 04:47 faker.factory DEBUG    Looking for locale `en_US` in provider `faker.providers.person`.
  1990 Thread-8 05-16 04:47 faker.factory DEBUG    Provider `faker.providers.job` has been localized to `en_US`.
  1990 Thread-7 05-16 04:47 faker.factory DEBUG    Looking for locale `en_US` in provider `faker.providers.lorem`.
  2006 Thread-4 05-16 04:47 faker.factory DEBUG    Looking for locale `en_US` in provider `faker.providers.person`.
  2006 Thread-10 05-16 04:47 faker.factory DEBUG    Provider `faker.providers.job` has been localized to `en_US`.
  2006 Thread-3 05-16 04:47 faker.factory DEBUG    Provider `faker.providers.misc` does not feature localization. Specified locale `en_US` is not utilized for this provider.
  2006 Thread-9 05-16 04:47 faker.factory DEBUG    Provider `faker.providers.job` has been localized to `en_US`.
  2006 Thread-8 05-16 04:47 faker.factory DEBUG    Looking for locale `en_US` in provider `faker.providers.lorem`.
  2006 Thread-10 05-16 04:47 faker.factory DEBUG    Looking for locale `en_US` in provider `faker.providers.lorem`.
  2006 Thread-3 05-16 04:47 faker.factory DEBUG    Looking for locale `en_US` in provider `faker.providers.person`.
  2006 Thread-9 05-16 04:47 faker.factory DEBUG    Looking for locale `en_US` in provider `faker.providers.lorem`.
  2022 Thread-5 05-16 04:47 faker.factory DEBUG    Provider `faker.providers.lorem` has been localized to `en_US`.
  2022 Thread-5 05-16 04:47 faker.factory DEBUG    Provider `faker.providers.misc` does not feature localization. Specified locale `en_US` is not utilized for this provider.
  2022 Thread-5 05-16 04:47 faker.factory DEBUG    Looking for locale `en_US` in provider `faker.providers.person`.
  2022 Thread-6 05-16 04:47 faker.factory DEBUG    Provider `faker.providers.lorem` has been localized to `en_US`.
  2038 Thread-6 05-16 04:47 faker.factory DEBUG    Provider `faker.providers.misc` does not feature localization. Specified locale `en_US` is not utilized for this provider.
  2038 Thread-6 05-16 04:47 faker.factory DEBUG    Looking for locale `en_US` in provider `faker.providers.person`.
  2052 Thread-7 05-16 04:47 faker.factory DEBUG    Provider `faker.providers.lorem` has been localized to `en_US`.
  2052 Thread-7 05-16 04:47 faker.factory DEBUG    Provider `faker.providers.misc` does not feature localization. Specified locale `en_US` is not utilized for this provider.
  2052 Thread-8 05-16 04:47 faker.factory DEBUG    Provider `faker.providers.lorem` has been localized to `en_US`.
  2052 Thread-10 05-16 04:47 faker.factory DEBUG    Provider `faker.providers.lorem` has been localized to `en_US`.
  2052 Thread-9 05-16 04:47 faker.factory DEBUG    Provider `faker.providers.lorem` has been localized to `en_US`.
  2052 Thread-7 05-16 04:47 faker.factory DEBUG    Looking for locale `en_US` in provider `faker.providers.person`.
  2069 Thread-8 05-16 04:47 faker.factory DEBUG    Provider `faker.providers.misc` does not feature localization. Specified locale `en_US` is not utilized for this provider.
  2069 Thread-10 05-16 04:47 faker.factory DEBUG    Provider `faker.providers.misc` does not feature localization. Specified locale `en_US` is not utilized for this provider.
  2069 Thread-9 05-16 04:47 faker.factory DEBUG    Provider `faker.providers.misc` does not feature localization. Specified locale `en_US` is not utilized for this provider.
  2069 Thread-8 05-16 04:47 faker.factory DEBUG    Looking for locale `en_US` in provider `faker.providers.person`.
  2069 Thread-10 05-16 04:47 faker.factory DEBUG    Looking for locale `en_US` in provider `faker.providers.person`.
  2069 Thread-9 05-16 04:47 faker.factory DEBUG    Looking for locale `en_US` in provider `faker.providers.person`.
  2190 Thread-1 05-16 04:47 faker.factory DEBUG    Provider `faker.providers.person` has been localized to `en_US`.
  2226 Thread-4 05-16 04:47 faker.factory DEBUG    Provider `faker.providers.person` has been localized to `en_US`.
  2230 Thread-2 05-16 04:47 faker.factory DEBUG    Provider `faker.providers.person` has been localized to `en_US`.
  2232 Thread-3 05-16 04:47 faker.factory DEBUG    Provider `faker.providers.person` has been localized to `en_US`.
  2246 Thread-5 05-16 04:47 faker.factory DEBUG    Provider `faker.providers.person` has been localized to `en_US`.
  2246 Thread-6 05-16 04:47 faker.factory DEBUG    Provider `faker.providers.person` has been localized to `en_US`.
  2270 Thread-7 05-16 04:47 faker.factory DEBUG    Provider `faker.providers.person` has been localized to `en_US`.
  2270 Thread-10 05-16 04:47 faker.factory DEBUG    Provider `faker.providers.person` has been localized to `en_US`.
  2270 Thread-9 05-16 04:47 faker.factory DEBUG    Provider `faker.providers.person` has been localized to `en_US`.
  2270 Thread-8 05-16 04:47 faker.factory DEBUG    Provider `faker.providers.person` has been localized to `en_US`.
  2279 Thread-1 05-16 04:47 faker.factory DEBUG    Looking for locale `en_US` in provider `faker.providers.phone_number`.
  2279 Thread-4 05-16 04:47 faker.factory DEBUG    Looking for locale `en_US` in provider `faker.providers.phone_number`.
  2279 Thread-2 05-16 04:47 faker.factory DEBUG    Looking for locale `en_US` in provider `faker.providers.phone_number`.
  2279 Thread-3 05-16 04:47 faker.factory DEBUG    Looking for locale `en_US` in provider `faker.providers.phone_number`.
  2279 Thread-5 05-16 04:47 faker.factory DEBUG    Looking for locale `en_US` in provider `faker.providers.phone_number`.
  2279 Thread-6 05-16 04:47 faker.factory DEBUG    Looking for locale `en_US` in provider `faker.providers.phone_number`.
  2279 Thread-7 05-16 04:47 faker.factory DEBUG    Looking for locale `en_US` in provider `faker.providers.phone_number`.
  2279 Thread-10 05-16 04:47 faker.factory DEBUG    Looking for locale `en_US` in provider `faker.providers.phone_number`.
  2279 Thread-8 05-16 04:47 faker.factory DEBUG    Looking for locale `en_US` in provider `faker.providers.phone_number`.
  2279 Thread-9 05-16 04:47 faker.factory DEBUG    Looking for locale `en_US` in provider `faker.providers.phone_number`.
  2474 Thread-1 05-16 04:47 faker.factory DEBUG    Provider `faker.providers.phone_number` has been localized to `en_US`.
  2474 Thread-2 05-16 04:47 faker.factory DEBUG    Provider `faker.providers.phone_number` has been localized to `en_US`.
  2474 Thread-4 05-16 04:47 faker.factory DEBUG    Provider `faker.providers.phone_number` has been localized to `en_US`.
  2474 Thread-3 05-16 04:47 faker.factory DEBUG    Provider `faker.providers.phone_number` has been localized to `en_US`.
  2483 Thread-5 05-16 04:47 faker.factory DEBUG    Provider `faker.providers.phone_number` has been localized to `en_US`.
  2483 Thread-7 05-16 04:47 faker.factory DEBUG    Provider `faker.providers.phone_number` has been localized to `en_US`.
  2483 Thread-1 05-16 04:47 faker.factory DEBUG    Provider `faker.providers.profile` does not feature localization. Specified locale `en_US` is not utilized for this provider.
  2483 Thread-10 05-16 04:47 faker.factory DEBUG    Provider `faker.providers.phone_number` has been localized to `en_US`.
  2483 Thread-6 05-16 04:47 faker.factory DEBUG    Provider `faker.providers.phone_number` has been localized to `en_US`.
  2483 Thread-2 05-16 04:47 faker.factory DEBUG    Provider `faker.providers.profile` does not feature localization. Specified locale `en_US` is not utilized for this provider.
  2486 Thread-4 05-16 04:47 faker.factory DEBUG    Provider `faker.providers.profile` does not feature localization. Specified locale `en_US` is not utilized for this provider.
  2486 Thread-8 05-16 04:47 faker.factory DEBUG    Provider `faker.providers.phone_number` has been localized to `en_US`.
  2486 Thread-3 05-16 04:47 faker.factory DEBUG    Provider `faker.providers.profile` does not feature localization. Specified locale `en_US` is not utilized for this provider.
  2486 Thread-5 05-16 04:47 faker.factory DEBUG    Provider `faker.providers.profile` does not feature localization. Specified locale `en_US` is not utilized for this provider.
  2486 Thread-7 05-16 04:47 faker.factory DEBUG    Provider `faker.providers.profile` does not feature localization. Specified locale `en_US` is not utilized for this provider.
  2486 Thread-1 05-16 04:47 faker.factory DEBUG    Provider `faker.providers.python` does not feature localization. Specified locale `en_US` is not utilized for this provider.
  2486 Thread-10 05-16 04:47 faker.factory DEBUG    Provider `faker.providers.profile` does not feature localization. Specified locale `en_US` is not utilized for this provider.
  2486 Thread-9 05-16 04:47 faker.factory DEBUG    Provider `faker.providers.phone_number` has been localized to `en_US`.
  2490 Thread-6 05-16 04:47 faker.factory DEBUG    Provider `faker.providers.profile` does not feature localization. Specified locale `en_US` is not utilized for this provider.
  2490 Thread-2 05-16 04:47 faker.factory DEBUG    Provider `faker.providers.python` does not feature localization. Specified locale `en_US` is not utilized for this provider.
  2490 Thread-4 05-16 04:47 faker.factory DEBUG    Provider `faker.providers.python` does not feature localization. Specified locale `en_US` is not utilized for this provider.
  2490 Thread-8 05-16 04:47 faker.factory DEBUG    Provider `faker.providers.profile` does not feature localization. Specified locale `en_US` is not utilized for this provider.
  2490 Thread-3 05-16 04:47 faker.factory DEBUG    Provider `faker.providers.python` does not feature localization. Specified locale `en_US` is not utilized for this provider.
  2490 Thread-5 05-16 04:47 faker.factory DEBUG    Provider `faker.providers.python` does not feature localization. Specified locale `en_US` is not utilized for this provider.
  2490 Thread-7 05-16 04:47 faker.factory DEBUG    Provider `faker.providers.python` does not feature localization. Specified locale `en_US` is not utilized for this provider.
  2490 Thread-1 05-16 04:47 faker.factory DEBUG    Looking for locale `en_US` in provider `faker.providers.ssn`.
  2490 Thread-10 05-16 04:47 faker.factory DEBUG    Provider `faker.providers.python` does not feature localization. Specified locale `en_US` is not utilized for this provider.
  2495 Thread-9 05-16 04:47 faker.factory DEBUG    Provider `faker.providers.profile` does not feature localization. Specified locale `en_US` is not utilized for this provider.
  2495 Thread-6 05-16 04:47 faker.factory DEBUG    Provider `faker.providers.python` does not feature localization. Specified locale `en_US` is not utilized for this provider.
  2495 Thread-2 05-16 04:47 faker.factory DEBUG    Looking for locale `en_US` in provider `faker.providers.ssn`.
  2495 Thread-4 05-16 04:47 faker.factory DEBUG    Looking for locale `en_US` in provider `faker.providers.ssn`.
  2495 Thread-8 05-16 04:47 faker.factory DEBUG    Provider `faker.providers.python` does not feature localization. Specified locale `en_US` is not utilized for this provider.
  2495 Thread-3 05-16 04:47 faker.factory DEBUG    Looking for locale `en_US` in provider `faker.providers.ssn`.
  2495 Thread-5 05-16 04:47 faker.factory DEBUG    Looking for locale `en_US` in provider `faker.providers.ssn`.
  2499 Thread-7 05-16 04:47 faker.factory DEBUG    Looking for locale `en_US` in provider `faker.providers.ssn`.
  2499 Thread-10 05-16 04:47 faker.factory DEBUG    Looking for locale `en_US` in provider `faker.providers.ssn`.
  2499 Thread-9 05-16 04:47 faker.factory DEBUG    Provider `faker.providers.python` does not feature localization. Specified locale `en_US` is not utilized for this provider.
  2499 Thread-6 05-16 04:47 faker.factory DEBUG    Looking for locale `en_US` in provider `faker.providers.ssn`.
  2503 Thread-8 05-16 04:47 faker.factory DEBUG    Looking for locale `en_US` in provider `faker.providers.ssn`.
  2506 Thread-9 05-16 04:47 faker.factory DEBUG    Looking for locale `en_US` in provider `faker.providers.ssn`.
  2674 Thread-1 05-16 04:47 faker.factory DEBUG    Provider `faker.providers.ssn` has been localized to `en_US`.
  2678 Thread-4 05-16 04:47 faker.factory DEBUG    Provider `faker.providers.ssn` has been localized to `en_US`.
  2683 Thread-2 05-16 04:47 faker.factory DEBUG    Provider `faker.providers.ssn` has been localized to `en_US`.
  2687 Thread-1 05-16 04:47 faker.factory DEBUG    Provider `faker.providers.user_agent` does not feature localization. Specified locale `en_US` is not utilized for this provider.
  2687 Thread-3 05-16 04:47 faker.factory DEBUG    Provider `faker.providers.ssn` has been localized to `en_US`.
  2690 Thread-4 05-16 04:47 faker.factory DEBUG    Provider `faker.providers.user_agent` does not feature localization. Specified locale `en_US` is not utilized for this provider.
  2690 Thread-2 05-16 04:47 faker.factory DEBUG    Provider `faker.providers.user_agent` does not feature localization. Specified locale `en_US` is not utilized for this provider.
  2690 Thread-5 05-16 04:47 faker.factory DEBUG    Provider `faker.providers.ssn` has been localized to `en_US`.
  2690 Thread-7 05-16 04:47 faker.factory DEBUG    Provider `faker.providers.ssn` has been localized to `en_US`.
  2694 Thread-3 05-16 04:47 faker.factory DEBUG    Provider `faker.providers.user_agent` does not feature localization. Specified locale `en_US` is not utilized for this provider.
  2694 Thread-10 05-16 04:47 faker.factory DEBUG    Provider `faker.providers.ssn` has been localized to `en_US`.
  2694 Thread-6 05-16 04:47 faker.factory DEBUG    Provider `faker.providers.ssn` has been localized to `en_US`.
  2694 Thread-5 05-16 04:47 faker.factory DEBUG    Provider `faker.providers.user_agent` does not feature localization. Specified locale `en_US` is not utilized for this provider.
  2694 Thread-8 05-16 04:47 faker.factory DEBUG    Provider `faker.providers.ssn` has been localized to `en_US`.
  2699 Thread-7 05-16 04:47 faker.factory DEBUG    Provider `faker.providers.user_agent` does not feature localization. Specified locale `en_US` is not utilized for this provider.
  2699 Thread-9 05-16 04:47 faker.factory DEBUG    Provider `faker.providers.ssn` has been localized to `en_US`.
  2699 Thread-10 05-16 04:47 faker.factory DEBUG    Provider `faker.providers.user_agent` does not feature localization. Specified locale `en_US` is not utilized for this provider.
  2699 Thread-6 05-16 04:47 faker.factory DEBUG    Provider `faker.providers.user_agent` does not feature localization. Specified locale `en_US` is not utilized for this provider.
  2699 Thread-8 05-16 04:47 faker.factory DEBUG    Provider `faker.providers.user_agent` does not feature localization. Specified locale `en_US` is not utilized for this provider.
  2703 Thread-9 05-16 04:47 faker.factory DEBUG    Provider `faker.providers.user_agent` does not feature localization. Specified locale `en_US` is not utilized for this provider.
