   417 Thread-1 05-16 04:51 faker.factory DEBUG    Looking for locale `en_US` in provider `faker.providers.address`.
   417 Thread-2 05-16 04:51 faker.factory DEBUG    Looking for locale `en_US` in provider `faker.providers.address`.
   417 Thread-3 05-16 04:51 faker.factory DEBUG    Looking for locale `en_US` in provider `faker.providers.address`.
   431 Thread-4 05-16 04:51 faker.factory DEBUG    Looking for locale `en_US` in provider `faker.providers.address`.
   431 Thread-5 05-16 04:51 faker.factory DEBUG    Looking for locale `en_US` in provider `faker.providers.address`.
   431 Thread-6 05-16 04:51 faker.factory DEBUG    Looking for locale `en_US` in provider `faker.providers.address`.
   431 Thread-7 05-16 04:51 faker.factory DEBUG    Looking for locale `en_US` in provider `faker.providers.address`.
   431 Thread-8 05-16 04:51 faker.factory DEBUG    Looking for locale `en_US` in provider `faker.providers.address`.
   438 Thread-9 05-16 04:51 faker.factory DEBUG    Looking for locale `en_US` in provider `faker.providers.address`.
   438 Thread-10 05-16 04:51 faker.factory DEBUG    Looking for locale `en_US` in provider `faker.providers.address`.
   585 Thread-1 05-16 04:51 faker.factory DEBUG    Provider `faker.providers.address` has been localized to `en_US`.
   601 Thread-2 05-16 04:51 faker.factory DEBUG    Provider `faker.providers.address` has been localized to `en_US`.
   601 Thread-3 05-16 04:51 faker.factory DEBUG    Provider `faker.providers.address` has been localized to `en_US`.
   601 Thread-1 05-16 04:51 faker.factory DEBUG    Looking for locale `en_US` in provider `faker.providers.automotive`.
   601 Thread-4 05-16 04:51 faker.factory DEBUG    Provider `faker.providers.address` has been localized to `en_US`.
   601 Thread-2 05-16 04:51 faker.factory DEBUG    Looking for locale `en_US` in provider `faker.providers.automotive`.
   616 Thread-3 05-16 04:51 faker.factory DEBUG    Looking for locale `en_US` in provider `faker.providers.automotive`.
   616 Thread-4 05-16 04:51 faker.factory DEBUG    Looking for locale `en_US` in provider `faker.providers.automotive`.
   616 Thread-5 05-16 04:51 faker.factory DEBUG    Provider `faker.providers.address` has been localized to `en_US`.
   616 Thread-6 05-16 04:51 faker.factory DEBUG    Provider `faker.providers.address` has been localized to `en_US`.
   616 Thread-7 05-16 04:51 faker.factory DEBUG    Provider `faker.providers.address` has been localized to `en_US`.
   616 Thread-8 05-16 04:51 faker.factory DEBUG    Provider `faker.providers.address` has been localized to `en_US`.
   616 Thread-9 05-16 04:51 faker.factory DEBUG    Provider `faker.providers.address` has been localized to `en_US`.
   616 Thread-10 05-16 04:51 faker.factory DEBUG    Provider `faker.providers.address` has been localized to `en_US`.
   616 Thread-5 05-16 04:51 faker.factory DEBUG    Looking for locale `en_US` in provider `faker.providers.automotive`.
   632 Thread-6 05-16 04:51 faker.factory DEBUG    Looking for locale `en_US` in provider `faker.providers.automotive`.
   632 Thread-7 05-16 04:51 faker.factory DEBUG    Looking for locale `en_US` in provider `faker.providers.automotive`.
   632 Thread-8 05-16 04:51 faker.factory DEBUG    Looking for locale `en_US` in provider `faker.providers.automotive`.
   632 Thread-9 05-16 04:51 faker.factory DEBUG    Looking for locale `en_US` in provider `faker.providers.automotive`.
   632 Thread-10 05-16 04:51 faker.factory DEBUG    Looking for locale `en_US` in provider `faker.providers.automotive`.
   654 Thread-1 05-16 04:51 faker.factory DEBUG    Provider `faker.providers.automotive` has been localized to `en_US`.
   670 Thread-2 05-16 04:51 faker.factory DEBUG    Provider `faker.providers.automotive` has been localized to `en_US`.
   670 Thread-1 05-16 04:51 faker.factory DEBUG    Looking for locale `en_US` in provider `faker.providers.bank`.
   670 Thread-3 05-16 04:51 faker.factory DEBUG    Provider `faker.providers.automotive` has been localized to `en_US`.
   670 Thread-2 05-16 04:51 faker.factory DEBUG    Looking for locale `en_US` in provider `faker.providers.bank`.
   670 Thread-4 05-16 04:51 faker.factory DEBUG    Provider `faker.providers.automotive` has been localized to `en_US`.
   670 Thread-3 05-16 04:51 faker.factory DEBUG    Looking for locale `en_US` in provider `faker.providers.bank`.
   670 Thread-4 05-16 04:51 faker.factory DEBUG    Looking for locale `en_US` in provider `faker.providers.bank`.
   685 Thread-7 05-16 04:51 faker.factory DEBUG    Provider `faker.providers.automotive` has been localized to `en_US`.
   685 Thread-6 05-16 04:51 faker.factory DEBUG    Provider `faker.providers.automotive` has been localized to `en_US`.
   685 Thread-5 05-16 04:51 faker.factory DEBUG    Provider `faker.providers.automotive` has been localized to `en_US`.
   685 Thread-10 05-16 04:51 faker.factory DEBUG    Provider `faker.providers.automotive` has been localized to `en_US`.
   685 Thread-7 05-16 04:51 faker.factory DEBUG    Looking for locale `en_US` in provider `faker.providers.bank`.
   685 Thread-8 05-16 04:51 faker.factory DEBUG    Provider `faker.providers.automotive` has been localized to `en_US`.
   685 Thread-6 05-16 04:51 faker.factory DEBUG    Looking for locale `en_US` in provider `faker.providers.bank`.
   685 Thread-9 05-16 04:51 faker.factory DEBUG    Provider `faker.providers.automotive` has been localized to `en_US`.
   685 Thread-5 05-16 04:51 faker.factory DEBUG    Looking for locale `en_US` in provider `faker.providers.bank`.
   685 Thread-10 05-16 04:51 faker.factory DEBUG    Looking for locale `en_US` in provider `faker.providers.bank`.
   701 Thread-8 05-16 04:51 faker.factory DEBUG    Looking for locale `en_US` in provider `faker.providers.bank`.
   701 Thread-9 05-16 04:51 faker.factory DEBUG    Looking for locale `en_US` in provider `faker.providers.bank`.
   701 Thread-1 05-16 04:51 faker.factory DEBUG    Specified locale `en_US` is not available for provider `faker.providers.bank`. Locale reset to `en_GB` for this provider.
   701 Thread-1 05-16 04:51 faker.factory DEBUG    Provider `faker.providers.barcode` does not feature localization. Specified locale `en_US` is not utilized for this provider.
   717 Thread-2 05-16 04:51 faker.factory DEBUG    Specified locale `en_US` is not available for provider `faker.providers.bank`. Locale reset to `en_GB` for this provider.
   717 Thread-3 05-16 04:51 faker.factory DEBUG    Specified locale `en_US` is not available for provider `faker.providers.bank`. Locale reset to `en_GB` for this provider.
   717 Thread-1 05-16 04:51 faker.factory DEBUG    Looking for locale `en_US` in provider `faker.providers.color`.
   717 Thread-2 05-16 04:51 faker.factory DEBUG    Provider `faker.providers.barcode` does not feature localization. Specified locale `en_US` is not utilized for this provider.
   717 Thread-4 05-16 04:51 faker.factory DEBUG    Specified locale `en_US` is not available for provider `faker.providers.bank`. Locale reset to `en_GB` for this provider.
   717 Thread-3 05-16 04:51 faker.factory DEBUG    Provider `faker.providers.barcode` does not feature localization. Specified locale `en_US` is not utilized for this provider.
   717 Thread-2 05-16 04:51 faker.factory DEBUG    Looking for locale `en_US` in provider `faker.providers.color`.
   717 Thread-4 05-16 04:51 faker.factory DEBUG    Provider `faker.providers.barcode` does not feature localization. Specified locale `en_US` is not utilized for this provider.
   717 Thread-3 05-16 04:51 faker.factory DEBUG    Looking for locale `en_US` in provider `faker.providers.color`.
   733 Thread-4 05-16 04:51 faker.factory DEBUG    Looking for locale `en_US` in provider `faker.providers.color`.
   739 Thread-7 05-16 04:51 faker.factory DEBUG    Specified locale `en_US` is not available for provider `faker.providers.bank`. Locale reset to `en_GB` for this provider.
   739 Thread-6 05-16 04:51 faker.factory DEBUG    Specified locale `en_US` is not available for provider `faker.providers.bank`. Locale reset to `en_GB` for this provider.
   739 Thread-7 05-16 04:51 faker.factory DEBUG    Provider `faker.providers.barcode` does not feature localization. Specified locale `en_US` is not utilized for this provider.
   739 Thread-6 05-16 04:51 faker.factory DEBUG    Provider `faker.providers.barcode` does not feature localization. Specified locale `en_US` is not utilized for this provider.
   739 Thread-5 05-16 04:51 faker.factory DEBUG    Specified locale `en_US` is not available for provider `faker.providers.bank`. Locale reset to `en_GB` for this provider.
   739 Thread-10 05-16 04:51 faker.factory DEBUG    Specified locale `en_US` is not available for provider `faker.providers.bank`. Locale reset to `en_GB` for this provider.
   739 Thread-8 05-16 04:51 faker.factory DEBUG    Specified locale `en_US` is not available for provider `faker.providers.bank`. Locale reset to `en_GB` for this provider.
   739 Thread-7 05-16 04:51 faker.factory DEBUG    Looking for locale `en_US` in provider `faker.providers.color`.
   739 Thread-9 05-16 04:51 faker.factory DEBUG    Specified locale `en_US` is not available for provider `faker.providers.bank`. Locale reset to `en_GB` for this provider.
   739 Thread-6 05-16 04:51 faker.factory DEBUG    Looking for locale `en_US` in provider `faker.providers.color`.
   739 Thread-5 05-16 04:51 faker.factory DEBUG    Provider `faker.providers.barcode` does not feature localization. Specified locale `en_US` is not utilized for this provider.
   739 Thread-10 05-16 04:51 faker.factory DEBUG    Provider `faker.providers.barcode` does not feature localization. Specified locale `en_US` is not utilized for this provider.
   739 Thread-8 05-16 04:51 faker.factory DEBUG    Provider `faker.providers.barcode` does not feature localization. Specified locale `en_US` is not utilized for this provider.
   754 Thread-9 05-16 04:51 faker.factory DEBUG    Provider `faker.providers.barcode` does not feature localization. Specified locale `en_US` is not utilized for this provider.
   754 Thread-5 05-16 04:51 faker.factory DEBUG    Looking for locale `en_US` in provider `faker.providers.color`.
   754 Thread-10 05-16 04:51 faker.factory DEBUG    Looking for locale `en_US` in provider `faker.providers.color`.
   754 Thread-8 05-16 04:51 faker.factory DEBUG    Looking for locale `en_US` in provider `faker.providers.color`.
   754 Thread-9 05-16 04:51 faker.factory DEBUG    Looking for locale `en_US` in provider `faker.providers.color`.
   754 Thread-1 05-16 04:51 faker.factory DEBUG    Provider `faker.providers.color` has been localized to `en_US`.
   754 Thread-1 05-16 04:51 faker.factory DEBUG    Looking for locale `en_US` in provider `faker.providers.company`.
   770 Thread-2 05-16 04:51 faker.factory DEBUG    Provider `faker.providers.color` has been localized to `en_US`.
   770 Thread-3 05-16 04:51 faker.factory DEBUG    Provider `faker.providers.color` has been localized to `en_US`.
   779 Thread-2 05-16 04:51 faker.factory DEBUG    Looking for locale `en_US` in provider `faker.providers.company`.
   779 Thread-4 05-16 04:51 faker.factory DEBUG    Provider `faker.providers.color` has been localized to `en_US`.
   779 Thread-3 05-16 04:51 faker.factory DEBUG    Looking for locale `en_US` in provider `faker.providers.company`.
   782 Thread-4 05-16 04:51 faker.factory DEBUG    Looking for locale `en_US` in provider `faker.providers.company`.
   790 Thread-7 05-16 04:51 faker.factory DEBUG    Provider `faker.providers.color` has been localized to `en_US`.
   795 Thread-6 05-16 04:51 faker.factory DEBUG    Provider `faker.providers.color` has been localized to `en_US`.
   795 Thread-7 05-16 04:51 faker.factory DEBUG    Looking for locale `en_US` in provider `faker.providers.company`.
   799 Thread-6 05-16 04:51 faker.factory DEBUG    Looking for locale `en_US` in provider `faker.providers.company`.
   799 Thread-5 05-16 04:51 faker.factory DEBUG    Provider `faker.providers.color` has been localized to `en_US`.
   799 Thread-10 05-16 04:51 faker.factory DEBUG    Provider `faker.providers.color` has been localized to `en_US`.
   802 Thread-8 05-16 04:51 faker.factory DEBUG    Provider `faker.providers.color` has been localized to `en_US`.
   805 Thread-9 05-16 04:51 faker.factory DEBUG    Provider `faker.providers.color` has been localized to `en_US`.
   805 Thread-5 05-16 04:51 faker.factory DEBUG    Looking for locale `en_US` in provider `faker.providers.company`.
   805 Thread-10 05-16 04:51 faker.factory DEBUG    Looking for locale `en_US` in provider `faker.providers.company`.
   805 Thread-8 05-16 04:51 faker.factory DEBUG    Looking for locale `en_US` in provider `faker.providers.company`.
   805 Thread-9 05-16 04:51 faker.factory DEBUG    Looking for locale `en_US` in provider `faker.providers.company`.
   871 Thread-1 05-16 04:51 faker.factory DEBUG    Provider `faker.providers.company` has been localized to `en_US`.
   871 Thread-1 05-16 04:51 faker.factory DEBUG    Provider `faker.providers.credit_card` does not feature localization. Specified locale `en_US` is not utilized for this provider.
   871 Thread-2 05-16 04:51 faker.factory DEBUG    Provider `faker.providers.company` has been localized to `en_US`.
   871 Thread-3 05-16 04:51 faker.factory DEBUG    Provider `faker.providers.company` has been localized to `en_US`.
   887 Thread-1 05-16 04:51 faker.factory DEBUG    Provider `faker.providers.currency` does not feature localization. Specified locale `en_US` is not utilized for this provider.
   887 Thread-2 05-16 04:51 faker.factory DEBUG    Provider `faker.providers.credit_card` does not feature localization. Specified locale `en_US` is not utilized for this provider.
   887 Thread-4 05-16 04:51 faker.factory DEBUG    Provider `faker.providers.company` has been localized to `en_US`.
   887 Thread-3 05-16 04:51 faker.factory DEBUG    Provider `faker.providers.credit_card` does not feature localization. Specified locale `en_US` is not utilized for this provider.
   887 Thread-1 05-16 04:51 faker.factory DEBUG    Looking for locale `en_US` in provider `faker.providers.date_time`.
   887 Thread-2 05-16 04:51 faker.factory DEBUG    Provider `faker.providers.currency` does not feature localization. Specified locale `en_US` is not utilized for this provider.
   887 Thread-4 05-16 04:51 faker.factory DEBUG    Provider `faker.providers.credit_card` does not feature localization. Specified locale `en_US` is not utilized for this provider.
   887 Thread-3 05-16 04:51 faker.factory DEBUG    Provider `faker.providers.currency` does not feature localization. Specified locale `en_US` is not utilized for this provider.
   887 Thread-2 05-16 04:51 faker.factory DEBUG    Looking for locale `en_US` in provider `faker.providers.date_time`.
   901 Thread-4 05-16 04:51 faker.factory DEBUG    Provider `faker.providers.currency` does not feature localization. Specified locale `en_US` is not utilized for this provider.
   901 Thread-3 05-16 04:51 faker.factory DEBUG    Looking for locale `en_US` in provider `faker.providers.date_time`.
   901 Thread-7 05-16 04:51 faker.factory DEBUG    Provider `faker.providers.company` has been localized to `en_US`.
   901 Thread-4 05-16 04:51 faker.factory DEBUG    Looking for locale `en_US` in provider `faker.providers.date_time`.
   901 Thread-6 05-16 04:51 faker.factory DEBUG    Provider `faker.providers.company` has been localized to `en_US`.
   901 Thread-7 05-16 04:51 faker.factory DEBUG    Provider `faker.providers.credit_card` does not feature localization. Specified locale `en_US` is not utilized for this provider.
   901 Thread-6 05-16 04:51 faker.factory DEBUG    Provider `faker.providers.credit_card` does not feature localization. Specified locale `en_US` is not utilized for this provider.
   901 Thread-5 05-16 04:51 faker.factory DEBUG    Provider `faker.providers.company` has been localized to `en_US`.
   901 Thread-7 05-16 04:51 faker.factory DEBUG    Provider `faker.providers.currency` does not feature localization. Specified locale `en_US` is not utilized for this provider.
   917 Thread-8 05-16 04:51 faker.factory DEBUG    Provider `faker.providers.company` has been localized to `en_US`.
   917 Thread-10 05-16 04:51 faker.factory DEBUG    Provider `faker.providers.company` has been localized to `en_US`.
   917 Thread-9 05-16 04:51 faker.factory DEBUG    Provider `faker.providers.company` has been localized to `en_US`.
   917 Thread-6 05-16 04:51 faker.factory DEBUG    Provider `faker.providers.currency` does not feature localization. Specified locale `en_US` is not utilized for this provider.
   917 Thread-5 05-16 04:51 faker.factory DEBUG    Provider `faker.providers.credit_card` does not feature localization. Specified locale `en_US` is not utilized for this provider.
   917 Thread-7 05-16 04:51 faker.factory DEBUG    Looking for locale `en_US` in provider `faker.providers.date_time`.
   917 Thread-8 05-16 04:51 faker.factory DEBUG    Provider `faker.providers.credit_card` does not feature localization. Specified locale `en_US` is not utilized for this provider.
   917 Thread-10 05-16 04:51 faker.factory DEBUG    Provider `faker.providers.credit_card` does not feature localization. Specified locale `en_US` is not utilized for this provider.
   917 Thread-9 05-16 04:51 faker.factory DEBUG    Provider `faker.providers.credit_card` does not feature localization. Specified locale `en_US` is not utilized for this provider.
   917 Thread-6 05-16 04:51 faker.factory DEBUG    Looking for locale `en_US` in provider `faker.providers.date_time`.
   917 Thread-5 05-16 04:51 faker.factory DEBUG    Provider `faker.providers.currency` does not feature localization. Specified locale `en_US` is not utilized for this provider.
   917 Thread-8 05-16 04:51 faker.factory DEBUG    Provider `faker.providers.currency` does not feature localization. Specified locale `en_US` is not utilized for this provider.
   917 Thread-10 05-16 04:51 faker.factory DEBUG    Provider `faker.providers.currency` does not feature localization. Specified locale `en_US` is not utilized for this provider.
   917 Thread-9 05-16 04:51 faker.factory DEBUG    Provider `faker.providers.currency` does not feature localization. Specified locale `en_US` is not utilized for this provider.
   934 Thread-5 05-16 04:51 faker.factory DEBUG    Looking for locale `en_US` in provider `faker.providers.date_time`.
   934 Thread-8 05-16 04:51 faker.factory DEBUG    Looking for locale `en_US` in provider `faker.providers.date_time`.
   934 Thread-10 05-16 04:51 faker.factory DEBUG    Looking for locale `en_US` in provider `faker.providers.date_time`.
   934 Thread-9 05-16 04:51 faker.factory DEBUG    Looking for locale `en_US` in provider `faker.providers.date_time`.
   940 Thread-1 05-16 04:51 faker.factory DEBUG    Provider `faker.providers.date_time` has been localized to `en_US`.
   940 Thread-2 05-16 04:51 faker.factory DEBUG    Provider `faker.providers.date_time` has been localized to `en_US`.
   955 Thread-1 05-16 04:51 faker.factory DEBUG    Provider `faker.providers.file` does not feature localization. Specified locale `en_US` is not utilized for this provider.
   955 Thread-3 05-16 04:51 faker.factory DEBUG    Provider `faker.providers.date_time` has been localized to `en_US`.
   955 Thread-2 05-16 04:51 faker.factory DEBUG    Provider `faker.providers.file` does not feature localization. Specified locale `en_US` is not utilized for this provider.
   955 Thread-1 05-16 04:51 faker.factory DEBUG    Looking for locale `en_US` in provider `faker.providers.geo`.
   955 Thread-4 05-16 04:51 faker.factory DEBUG    Provider `faker.providers.date_time` has been localized to `en_US`.
   955 Thread-3 05-16 04:51 faker.factory DEBUG    Provider `faker.providers.file` does not feature localization. Specified locale `en_US` is not utilized for this provider.
   955 Thread-2 05-16 04:51 faker.factory DEBUG    Looking for locale `en_US` in provider `faker.providers.geo`.
   970 Thread-4 05-16 04:51 faker.factory DEBUG    Provider `faker.providers.file` does not feature localization. Specified locale `en_US` is not utilized for this provider.
   970 Thread-3 05-16 04:51 faker.factory DEBUG    Looking for locale `en_US` in provider `faker.providers.geo`.
   970 Thread-4 05-16 04:51 faker.factory DEBUG    Looking for locale `en_US` in provider `faker.providers.geo`.
   970 Thread-7 05-16 04:51 faker.factory DEBUG    Provider `faker.providers.date_time` has been localized to `en_US`.
   970 Thread-1 05-16 04:51 faker.factory DEBUG    Provider `faker.providers.geo` has been localized to `en_US`.
   986 Thread-6 05-16 04:51 faker.factory DEBUG    Provider `faker.providers.date_time` has been localized to `en_US`.
   986 Thread-2 05-16 04:51 faker.factory DEBUG    Provider `faker.providers.geo` has been localized to `en_US`.
   986 Thread-1 05-16 04:51 faker.factory DEBUG    Looking for locale `en_US` in provider `faker.providers.internet`.
   986 Thread-7 05-16 04:51 faker.factory DEBUG    Provider `faker.providers.file` does not feature localization. Specified locale `en_US` is not utilized for this provider.
   986 Thread-2 05-16 04:51 faker.factory DEBUG    Looking for locale `en_US` in provider `faker.providers.internet`.
   986 Thread-6 05-16 04:51 faker.factory DEBUG    Provider `faker.providers.file` does not feature localization. Specified locale `en_US` is not utilized for this provider.
   986 Thread-3 05-16 04:51 faker.factory DEBUG    Provider `faker.providers.geo` has been localized to `en_US`.
   986 Thread-5 05-16 04:51 faker.factory DEBUG    Provider `faker.providers.date_time` has been localized to `en_US`.
   986 Thread-4 05-16 04:51 faker.factory DEBUG    Provider `faker.providers.geo` has been localized to `en_US`.
   986 Thread-8 05-16 04:51 faker.factory DEBUG    Provider `faker.providers.date_time` has been localized to `en_US`.
   986 Thread-7 05-16 04:51 faker.factory DEBUG    Looking for locale `en_US` in provider `faker.providers.geo`.
   986 Thread-10 05-16 04:51 faker.factory DEBUG    Provider `faker.providers.date_time` has been localized to `en_US`.
   986 Thread-6 05-16 04:51 faker.factory DEBUG    Looking for locale `en_US` in provider `faker.providers.geo`.
   986 Thread-9 05-16 04:51 faker.factory DEBUG    Provider `faker.providers.date_time` has been localized to `en_US`.
  1003 Thread-3 05-16 04:51 faker.factory DEBUG    Looking for locale `en_US` in provider `faker.providers.internet`.
  1003 Thread-4 05-16 04:51 faker.factory DEBUG    Looking for locale `en_US` in provider `faker.providers.internet`.
  1003 Thread-5 05-16 04:51 faker.factory DEBUG    Provider `faker.providers.file` does not feature localization. Specified locale `en_US` is not utilized for this provider.
  1003 Thread-8 05-16 04:51 faker.factory DEBUG    Provider `faker.providers.file` does not feature localization. Specified locale `en_US` is not utilized for this provider.
  1003 Thread-10 05-16 04:51 faker.factory DEBUG    Provider `faker.providers.file` does not feature localization. Specified locale `en_US` is not utilized for this provider.
  1003 Thread-9 05-16 04:51 faker.factory DEBUG    Provider `faker.providers.file` does not feature localization. Specified locale `en_US` is not utilized for this provider.
  1003 Thread-5 05-16 04:51 faker.factory DEBUG    Looking for locale `en_US` in provider `faker.providers.geo`.
  1003 Thread-8 05-16 04:51 faker.factory DEBUG    Looking for locale `en_US` in provider `faker.providers.geo`.
  1003 Thread-10 05-16 04:51 faker.factory DEBUG    Looking for locale `en_US` in provider `faker.providers.geo`.
  1003 Thread-9 05-16 04:51 faker.factory DEBUG    Looking for locale `en_US` in provider `faker.providers.geo`.
  1003 Thread-7 05-16 04:51 faker.factory DEBUG    Provider `faker.providers.geo` has been localized to `en_US`.
  1003 Thread-6 05-16 04:51 faker.factory DEBUG    Provider `faker.providers.geo` has been localized to `en_US`.
  1017 Thread-7 05-16 04:51 faker.factory DEBUG    Looking for locale `en_US` in provider `faker.providers.internet`.
  1017 Thread-6 05-16 04:51 faker.factory DEBUG    Looking for locale `en_US` in provider `faker.providers.internet`.
  1017 Thread-5 05-16 04:51 faker.factory DEBUG    Provider `faker.providers.geo` has been localized to `en_US`.
  1017 Thread-8 05-16 04:51 faker.factory DEBUG    Provider `faker.providers.geo` has been localized to `en_US`.
  1017 Thread-10 05-16 04:51 faker.factory DEBUG    Provider `faker.providers.geo` has been localized to `en_US`.
  1017 Thread-9 05-16 04:51 faker.factory DEBUG    Provider `faker.providers.geo` has been localized to `en_US`.
  1017 Thread-5 05-16 04:51 faker.factory DEBUG    Looking for locale `en_US` in provider `faker.providers.internet`.
  1017 Thread-8 05-16 04:51 faker.factory DEBUG    Looking for locale `en_US` in provider `faker.providers.internet`.
  1033 Thread-10 05-16 04:51 faker.factory DEBUG    Looking for locale `en_US` in provider `faker.providers.internet`.
  1033 Thread-9 05-16 04:51 faker.factory DEBUG    Looking for locale `en_US` in provider `faker.providers.internet`.
  1086 Thread-1 05-16 04:51 faker.factory DEBUG    Provider `faker.providers.internet` has been localized to `en_US`.
  1102 Thread-1 05-16 04:51 faker.factory DEBUG    Provider `faker.providers.isbn` does not feature localization. Specified locale `en_US` is not utilized for this provider.
  1102 Thread-2 05-16 04:51 faker.factory DEBUG    Provider `faker.providers.internet` has been localized to `en_US`.
  1102 Thread-1 05-16 04:51 faker.factory DEBUG    Looking for locale `en_US` in provider `faker.providers.job`.
  1118 Thread-2 05-16 04:51 faker.factory DEBUG    Provider `faker.providers.isbn` does not feature localization. Specified locale `en_US` is not utilized for this provider.
  1118 Thread-4 05-16 04:51 faker.factory DEBUG    Provider `faker.providers.internet` has been localized to `en_US`.
  1118 Thread-2 05-16 04:51 faker.factory DEBUG    Looking for locale `en_US` in provider `faker.providers.job`.
  1118 Thread-3 05-16 04:51 faker.factory DEBUG    Provider `faker.providers.internet` has been localized to `en_US`.
  1118 Thread-4 05-16 04:51 faker.factory DEBUG    Provider `faker.providers.isbn` does not feature localization. Specified locale `en_US` is not utilized for this provider.
  1134 Thread-3 05-16 04:51 faker.factory DEBUG    Provider `faker.providers.isbn` does not feature localization. Specified locale `en_US` is not utilized for this provider.
  1134 Thread-4 05-16 04:51 faker.factory DEBUG    Looking for locale `en_US` in provider `faker.providers.job`.
  1134 Thread-3 05-16 04:51 faker.factory DEBUG    Looking for locale `en_US` in provider `faker.providers.job`.
  1141 Thread-7 05-16 04:51 faker.factory DEBUG    Provider `faker.providers.internet` has been localized to `en_US`.
  1141 Thread-6 05-16 04:51 faker.factory DEBUG    Provider `faker.providers.internet` has been localized to `en_US`.
  1141 Thread-7 05-16 04:51 faker.factory DEBUG    Provider `faker.providers.isbn` does not feature localization. Specified locale `en_US` is not utilized for this provider.
  1141 Thread-6 05-16 04:51 faker.factory DEBUG    Provider `faker.providers.isbn` does not feature localization. Specified locale `en_US` is not utilized for this provider.
  1141 Thread-7 05-16 04:51 faker.factory DEBUG    Looking for locale `en_US` in provider `faker.providers.job`.
  1141 Thread-5 05-16 04:51 faker.factory DEBUG    Provider `faker.providers.internet` has been localized to `en_US`.
  1141 Thread-6 05-16 04:51 faker.factory DEBUG    Looking for locale `en_US` in provider `faker.providers.job`.
  1155 Thread-10 05-16 04:51 faker.factory DEBUG    Provider `faker.providers.internet` has been localized to `en_US`.
  1155 Thread-8 05-16 04:51 faker.factory DEBUG    Provider `faker.providers.internet` has been localized to `en_US`.
  1155 Thread-5 05-16 04:51 faker.factory DEBUG    Provider `faker.providers.isbn` does not feature localization. Specified locale `en_US` is not utilized for this provider.
  1155 Thread-9 05-16 04:51 faker.factory DEBUG    Provider `faker.providers.internet` has been localized to `en_US`.
  1155 Thread-10 05-16 04:51 faker.factory DEBUG    Provider `faker.providers.isbn` does not feature localization. Specified locale `en_US` is not utilized for this provider.
  1155 Thread-8 05-16 04:51 faker.factory DEBUG    Provider `faker.providers.isbn` does not feature localization. Specified locale `en_US` is not utilized for this provider.
  1155 Thread-5 05-16 04:51 faker.factory DEBUG    Looking for locale `en_US` in provider `faker.providers.job`.
  1155 Thread-9 05-16 04:51 faker.factory DEBUG    Provider `faker.providers.isbn` does not feature localization. Specified locale `en_US` is not utilized for this provider.
  1155 Thread-10 05-16 04:51 faker.factory DEBUG    Looking for locale `en_US` in provider `faker.providers.job`.
  1155 Thread-8 05-16 04:51 faker.factory DEBUG    Looking for locale `en_US` in provider `faker.providers.job`.
  1155 Thread-9 05-16 04:51 faker.factory DEBUG    Looking for locale `en_US` in provider `faker.providers.job`.
  1171 Thread-1 05-16 04:51 faker.factory DEBUG    Provider `faker.providers.job` has been localized to `en_US`.
  1187 Thread-1 05-16 04:51 faker.factory DEBUG    Looking for locale `en_US` in provider `faker.providers.lorem`.
  1187 Thread-2 05-16 04:51 faker.factory DEBUG    Provider `faker.providers.job` has been localized to `en_US`.
  1203 Thread-2 05-16 04:51 faker.factory DEBUG    Looking for locale `en_US` in provider `faker.providers.lorem`.
  1203 Thread-4 05-16 04:51 faker.factory DEBUG    Provider `faker.providers.job` has been localized to `en_US`.
  1203 Thread-3 05-16 04:51 faker.factory DEBUG    Provider `faker.providers.job` has been localized to `en_US`.
  1203 Thread-4 05-16 04:51 faker.factory DEBUG    Looking for locale `en_US` in provider `faker.providers.lorem`.
  1203 Thread-3 05-16 04:51 faker.factory DEBUG    Looking for locale `en_US` in provider `faker.providers.lorem`.
  1218 Thread-7 05-16 04:51 faker.factory DEBUG    Provider `faker.providers.job` has been localized to `en_US`.
  1233 Thread-7 05-16 04:51 faker.factory DEBUG    Looking for locale `en_US` in provider `faker.providers.lorem`.
  1233 Thread-6 05-16 04:51 faker.factory DEBUG    Provider `faker.providers.job` has been localized to `en_US`.
  1240 Thread-6 05-16 04:51 faker.factory DEBUG    Looking for locale `en_US` in provider `faker.providers.lorem`.
  1240 Thread-5 05-16 04:51 faker.factory DEBUG    Provider `faker.providers.job` has been localized to `en_US`.
  1240 Thread-10 05-16 04:51 faker.factory DEBUG    Provider `faker.providers.job` has been localized to `en_US`.
  1240 Thread-5 05-16 04:51 faker.factory DEBUG    Looking for locale `en_US` in provider `faker.providers.lorem`.
  1240 Thread-8 05-16 04:51 faker.factory DEBUG    Provider `faker.providers.job` has been localized to `en_US`.
  1240 Thread-1 05-16 04:51 faker.factory DEBUG    Provider `faker.providers.lorem` has been localized to `en_US`.
  1240 Thread-10 05-16 04:51 faker.factory DEBUG    Looking for locale `en_US` in provider `faker.providers.lorem`.
  1240 Thread-9 05-16 04:51 faker.factory DEBUG    Provider `faker.providers.job` has been localized to `en_US`.
  1256 Thread-8 05-16 04:51 faker.factory DEBUG    Looking for locale `en_US` in provider `faker.providers.lorem`.
  1256 Thread-1 05-16 04:51 faker.factory DEBUG    Provider `faker.providers.misc` does not feature localization. Specified locale `en_US` is not utilized for this provider.
  1256 Thread-2 05-16 04:51 faker.factory DEBUG    Provider `faker.providers.lorem` has been localized to `en_US`.
  1256 Thread-9 05-16 04:51 faker.factory DEBUG    Looking for locale `en_US` in provider `faker.providers.lorem`.
  1256 Thread-1 05-16 04:51 faker.factory DEBUG    Looking for locale `en_US` in provider `faker.providers.person`.
  1256 Thread-2 05-16 04:51 faker.factory DEBUG    Provider `faker.providers.misc` does not feature localization. Specified locale `en_US` is not utilized for this provider.
  1272 Thread-2 05-16 04:51 faker.factory DEBUG    Looking for locale `en_US` in provider `faker.providers.person`.
  1272 Thread-4 05-16 04:51 faker.factory DEBUG    Provider `faker.providers.lorem` has been localized to `en_US`.
  1272 Thread-3 05-16 04:51 faker.factory DEBUG    Provider `faker.providers.lorem` has been localized to `en_US`.
  1272 Thread-4 05-16 04:51 faker.factory DEBUG    Provider `faker.providers.misc` does not feature localization. Specified locale `en_US` is not utilized for this provider.
  1272 Thread-3 05-16 04:51 faker.factory DEBUG    Provider `faker.providers.misc` does not feature localization. Specified locale `en_US` is not utilized for this provider.
  1272 Thread-4 05-16 04:51 faker.factory DEBUG    Looking for locale `en_US` in provider `faker.providers.person`.
  1272 Thread-3 05-16 04:51 faker.factory DEBUG    Looking for locale `en_US` in provider `faker.providers.person`.
  1287 Thread-7 05-16 04:51 faker.factory DEBUG    Provider `faker.providers.lorem` has been localized to `en_US`.
  1287 Thread-7 05-16 04:51 faker.factory DEBUG    Provider `faker.providers.misc` does not feature localization. Specified locale `en_US` is not utilized for this provider.
  1287 Thread-6 05-16 04:51 faker.factory DEBUG    Provider `faker.providers.lorem` has been localized to `en_US`.
  1287 Thread-7 05-16 04:51 faker.factory DEBUG    Looking for locale `en_US` in provider `faker.providers.person`.
  1287 Thread-6 05-16 04:51 faker.factory DEBUG    Provider `faker.providers.misc` does not feature localization. Specified locale `en_US` is not utilized for this provider.
  1287 Thread-5 05-16 04:51 faker.factory DEBUG    Provider `faker.providers.lorem` has been localized to `en_US`.
  1287 Thread-6 05-16 04:51 faker.factory DEBUG    Looking for locale `en_US` in provider `faker.providers.person`.
  1287 Thread-10 05-16 04:51 faker.factory DEBUG    Provider `faker.providers.lorem` has been localized to `en_US`.
  1287 Thread-5 05-16 04:51 faker.factory DEBUG    Provider `faker.providers.misc` does not feature localization. Specified locale `en_US` is not utilized for this provider.
  1302 Thread-8 05-16 04:51 faker.factory DEBUG    Provider `faker.providers.lorem` has been localized to `en_US`.
  1302 Thread-10 05-16 04:51 faker.factory DEBUG    Provider `faker.providers.misc` does not feature localization. Specified locale `en_US` is not utilized for this provider.
  1302 Thread-9 05-16 04:51 faker.factory DEBUG    Provider `faker.providers.lorem` has been localized to `en_US`.
  1302 Thread-5 05-16 04:51 faker.factory DEBUG    Looking for locale `en_US` in provider `faker.providers.person`.
  1302 Thread-8 05-16 04:51 faker.factory DEBUG    Provider `faker.providers.misc` does not feature localization. Specified locale `en_US` is not utilized for this provider.
  1302 Thread-10 05-16 04:51 faker.factory DEBUG    Looking for locale `en_US` in provider `faker.providers.person`.
  1302 Thread-9 05-16 04:51 faker.factory DEBUG    Provider `faker.providers.misc` does not feature localization. Specified locale `en_US` is not utilized for this provider.
  1302 Thread-8 05-16 04:51 faker.factory DEBUG    Looking for locale `en_US` in provider `faker.providers.person`.
  1302 Thread-9 05-16 04:51 faker.factory DEBUG    Looking for locale `en_US` in provider `faker.providers.person`.
  1440 Thread-1 05-16 04:51 faker.factory DEBUG    Provider `faker.providers.person` has been localized to `en_US`.
  1457 Thread-2 05-16 04:51 faker.factory DEBUG    Provider `faker.providers.person` has been localized to `en_US`.
  1473 Thread-4 05-16 04:51 faker.factory DEBUG    Provider `faker.providers.person` has been localized to `en_US`.
  1473 Thread-3 05-16 04:51 faker.factory DEBUG    Provider `faker.providers.person` has been localized to `en_US`.
  1487 Thread-7 05-16 04:51 faker.factory DEBUG    Provider `faker.providers.person` has been localized to `en_US`.
  1487 Thread-6 05-16 04:51 faker.factory DEBUG    Provider `faker.providers.person` has been localized to `en_US`.
  1487 Thread-5 05-16 04:51 faker.factory DEBUG    Provider `faker.providers.person` has been localized to `en_US`.
  1487 Thread-10 05-16 04:51 faker.factory DEBUG    Provider `faker.providers.person` has been localized to `en_US`.
  1503 Thread-8 05-16 04:51 faker.factory DEBUG    Provider `faker.providers.person` has been localized to `en_US`.
  1503 Thread-9 05-16 04:51 faker.factory DEBUG    Provider `faker.providers.person` has been localized to `en_US`.
  1503 Thread-1 05-16 04:51 faker.factory DEBUG    Looking for locale `en_US` in provider `faker.providers.phone_number`.
  1503 Thread-2 05-16 04:51 faker.factory DEBUG    Looking for locale `en_US` in provider `faker.providers.phone_number`.
  1503 Thread-4 05-16 04:51 faker.factory DEBUG    Looking for locale `en_US` in provider `faker.providers.phone_number`.
  1503 Thread-3 05-16 04:51 faker.factory DEBUG    Looking for locale `en_US` in provider `faker.providers.phone_number`.
  1503 Thread-7 05-16 04:51 faker.factory DEBUG    Looking for locale `en_US` in provider `faker.providers.phone_number`.
  1503 Thread-6 05-16 04:51 faker.factory DEBUG    Looking for locale `en_US` in provider `faker.providers.phone_number`.
  1503 Thread-5 05-16 04:51 faker.factory DEBUG    Looking for locale `en_US` in provider `faker.providers.phone_number`.
  1503 Thread-8 05-16 04:51 faker.factory DEBUG    Looking for locale `en_US` in provider `faker.providers.phone_number`.
  1503 Thread-10 05-16 04:51 faker.factory DEBUG    Looking for locale `en_US` in provider `faker.providers.phone_number`.
  1503 Thread-9 05-16 04:51 faker.factory DEBUG    Looking for locale `en_US` in provider `faker.providers.phone_number`.
  1688 Thread-2 05-16 04:51 faker.factory DEBUG    Provider `faker.providers.phone_number` has been localized to `en_US`.
  1688 Thread-1 05-16 04:51 faker.factory DEBUG    Provider `faker.providers.phone_number` has been localized to `en_US`.
  1688 Thread-4 05-16 04:51 faker.factory DEBUG    Provider `faker.providers.phone_number` has been localized to `en_US`.
  1703 Thread-3 05-16 04:51 faker.factory DEBUG    Provider `faker.providers.phone_number` has been localized to `en_US`.
  1703 Thread-7 05-16 04:51 faker.factory DEBUG    Provider `faker.providers.phone_number` has been localized to `en_US`.
  1703 Thread-2 05-16 04:51 faker.factory DEBUG    Provider `faker.providers.profile` does not feature localization. Specified locale `en_US` is not utilized for this provider.
  1703 Thread-6 05-16 04:51 faker.factory DEBUG    Provider `faker.providers.phone_number` has been localized to `en_US`.
  1703 Thread-5 05-16 04:51 faker.factory DEBUG    Provider `faker.providers.phone_number` has been localized to `en_US`.
  1703 Thread-1 05-16 04:51 faker.factory DEBUG    Provider `faker.providers.profile` does not feature localization. Specified locale `en_US` is not utilized for this provider.
  1703 Thread-4 05-16 04:51 faker.factory DEBUG    Provider `faker.providers.profile` does not feature localization. Specified locale `en_US` is not utilized for this provider.
  1703 Thread-8 05-16 04:51 faker.factory DEBUG    Provider `faker.providers.phone_number` has been localized to `en_US`.
  1703 Thread-3 05-16 04:51 faker.factory DEBUG    Provider `faker.providers.profile` does not feature localization. Specified locale `en_US` is not utilized for this provider.
  1703 Thread-10 05-16 04:51 faker.factory DEBUG    Provider `faker.providers.phone_number` has been localized to `en_US`.
  1703 Thread-7 05-16 04:51 faker.factory DEBUG    Provider `faker.providers.profile` does not feature localization. Specified locale `en_US` is not utilized for this provider.
  1703 Thread-2 05-16 04:51 faker.factory DEBUG    Provider `faker.providers.python` does not feature localization. Specified locale `en_US` is not utilized for this provider.
  1703 Thread-6 05-16 04:51 faker.factory DEBUG    Provider `faker.providers.profile` does not feature localization. Specified locale `en_US` is not utilized for this provider.
  1703 Thread-9 05-16 04:51 faker.factory DEBUG    Provider `faker.providers.phone_number` has been localized to `en_US`.
  1703 Thread-5 05-16 04:51 faker.factory DEBUG    Provider `faker.providers.profile` does not feature localization. Specified locale `en_US` is not utilized for this provider.
  1703 Thread-1 05-16 04:51 faker.factory DEBUG    Provider `faker.providers.python` does not feature localization. Specified locale `en_US` is not utilized for this provider.
  1703 Thread-4 05-16 04:51 faker.factory DEBUG    Provider `faker.providers.python` does not feature localization. Specified locale `en_US` is not utilized for this provider.
  1703 Thread-8 05-16 04:51 faker.factory DEBUG    Provider `faker.providers.profile` does not feature localization. Specified locale `en_US` is not utilized for this provider.
  1703 Thread-3 05-16 04:51 faker.factory DEBUG    Provider `faker.providers.python` does not feature localization. Specified locale `en_US` is not utilized for this provider.
  1703 Thread-10 05-16 04:51 faker.factory DEBUG    Provider `faker.providers.profile` does not feature localization. Specified locale `en_US` is not utilized for this provider.
  1703 Thread-7 05-16 04:51 faker.factory DEBUG    Provider `faker.providers.python` does not feature localization. Specified locale `en_US` is not utilized for this provider.
  1703 Thread-2 05-16 04:51 faker.factory DEBUG    Looking for locale `en_US` in provider `faker.providers.ssn`.
  1720 Thread-6 05-16 04:51 faker.factory DEBUG    Provider `faker.providers.python` does not feature localization. Specified locale `en_US` is not utilized for this provider.
  1720 Thread-9 05-16 04:51 faker.factory DEBUG    Provider `faker.providers.profile` does not feature localization. Specified locale `en_US` is not utilized for this provider.
  1720 Thread-5 05-16 04:51 faker.factory DEBUG    Provider `faker.providers.python` does not feature localization. Specified locale `en_US` is not utilized for this provider.
  1720 Thread-1 05-16 04:51 faker.factory DEBUG    Looking for locale `en_US` in provider `faker.providers.ssn`.
  1720 Thread-4 05-16 04:51 faker.factory DEBUG    Looking for locale `en_US` in provider `faker.providers.ssn`.
  1720 Thread-8 05-16 04:51 faker.factory DEBUG    Provider `faker.providers.python` does not feature localization. Specified locale `en_US` is not utilized for this provider.
  1720 Thread-3 05-16 04:51 faker.factory DEBUG    Looking for locale `en_US` in provider `faker.providers.ssn`.
  1720 Thread-10 05-16 04:51 faker.factory DEBUG    Provider `faker.providers.python` does not feature localization. Specified locale `en_US` is not utilized for this provider.
  1720 Thread-7 05-16 04:51 faker.factory DEBUG    Looking for locale `en_US` in provider `faker.providers.ssn`.
  1720 Thread-6 05-16 04:51 faker.factory DEBUG    Looking for locale `en_US` in provider `faker.providers.ssn`.
  1720 Thread-9 05-16 04:51 faker.factory DEBUG    Provider `faker.providers.python` does not feature localization. Specified locale `en_US` is not utilized for this provider.
  1720 Thread-5 05-16 04:51 faker.factory DEBUG    Looking for locale `en_US` in provider `faker.providers.ssn`.
  1720 Thread-8 05-16 04:51 faker.factory DEBUG    Looking for locale `en_US` in provider `faker.providers.ssn`.
  1720 Thread-10 05-16 04:51 faker.factory DEBUG    Looking for locale `en_US` in provider `faker.providers.ssn`.
  1720 Thread-9 05-16 04:51 faker.factory DEBUG    Looking for locale `en_US` in provider `faker.providers.ssn`.
  1878 Thread-2 05-16 04:51 faker.factory DEBUG    Provider `faker.providers.ssn` has been localized to `en_US`.
  1889 Thread-2 05-16 04:51 faker.factory DEBUG    Provider `faker.providers.user_agent` does not feature localization. Specified locale `en_US` is not utilized for this provider.
  1889 Thread-1 05-16 04:51 faker.factory DEBUG    Provider `faker.providers.ssn` has been localized to `en_US`.
  1894 Thread-4 05-16 04:51 faker.factory DEBUG    Provider `faker.providers.ssn` has been localized to `en_US`.
  1894 Thread-3 05-16 04:51 faker.factory DEBUG    Provider `faker.providers.ssn` has been localized to `en_US`.
  1898 Thread-1 05-16 04:51 faker.factory DEBUG    Provider `faker.providers.user_agent` does not feature localization. Specified locale `en_US` is not utilized for this provider.
  1898 Thread-7 05-16 04:51 faker.factory DEBUG    Provider `faker.providers.ssn` has been localized to `en_US`.
  1898 Thread-4 05-16 04:51 faker.factory DEBUG    Provider `faker.providers.user_agent` does not feature localization. Specified locale `en_US` is not utilized for this provider.
  1901 Thread-6 05-16 04:51 faker.factory DEBUG    Provider `faker.providers.ssn` has been localized to `en_US`.
  1901 Thread-3 05-16 04:51 faker.factory DEBUG    Provider `faker.providers.user_agent` does not feature localization. Specified locale `en_US` is not utilized for this provider.
  1901 Thread-7 05-16 04:51 faker.factory DEBUG    Provider `faker.providers.user_agent` does not feature localization. Specified locale `en_US` is not utilized for this provider.
  1905 Thread-5 05-16 04:51 faker.factory DEBUG    Provider `faker.providers.ssn` has been localized to `en_US`.
  1905 Thread-8 05-16 04:51 faker.factory DEBUG    Provider `faker.providers.ssn` has been localized to `en_US`.
  1905 Thread-10 05-16 04:51 faker.factory DEBUG    Provider `faker.providers.ssn` has been localized to `en_US`.
  1905 Thread-6 05-16 04:51 faker.factory DEBUG    Provider `faker.providers.user_agent` does not feature localization. Specified locale `en_US` is not utilized for this provider.
  1905 Thread-9 05-16 04:51 faker.factory DEBUG    Provider `faker.providers.ssn` has been localized to `en_US`.
  1905 Thread-5 05-16 04:51 faker.factory DEBUG    Provider `faker.providers.user_agent` does not feature localization. Specified locale `en_US` is not utilized for this provider.
  1910 Thread-8 05-16 04:51 faker.factory DEBUG    Provider `faker.providers.user_agent` does not feature localization. Specified locale `en_US` is not utilized for this provider.
  1910 Thread-10 05-16 04:51 faker.factory DEBUG    Provider `faker.providers.user_agent` does not feature localization. Specified locale `en_US` is not utilized for this provider.
  1910 Thread-9 05-16 04:51 faker.factory DEBUG    Provider `faker.providers.user_agent` does not feature localization. Specified locale `en_US` is not utilized for this provider.
  3405 MainThread 05-16 04:51 root         INFO     Report is generated at C:\Users\sushrut.holey\gitrepos\ThreadingExample\reports\report_16_05_2019_04_51.csv
