   417 Thread-1 05-16 04:52 faker.factory DEBUG    Looking for locale `en_US` in provider `faker.providers.address`.
   417 Thread-2 05-16 04:52 faker.factory DEBUG    Looking for locale `en_US` in provider `faker.providers.address`.
   421 Thread-3 05-16 04:52 faker.factory DEBUG    Looking for locale `en_US` in provider `faker.providers.address`.
   421 Thread-4 05-16 04:52 faker.factory DEBUG    Looking for locale `en_US` in provider `faker.providers.address`.
   424 Thread-5 05-16 04:52 faker.factory DEBUG    Looking for locale `en_US` in provider `faker.providers.address`.
   424 Thread-6 05-16 04:52 faker.factory DEBUG    Looking for locale `en_US` in provider `faker.providers.address`.
   427 Thread-7 05-16 04:52 faker.factory DEBUG    Looking for locale `en_US` in provider `faker.providers.address`.
   427 Thread-8 05-16 04:52 faker.factory DEBUG    Looking for locale `en_US` in provider `faker.providers.address`.
   427 Thread-9 05-16 04:52 faker.factory DEBUG    Looking for locale `en_US` in provider `faker.providers.address`.
   430 Thread-10 05-16 04:52 faker.factory DEBUG    Looking for locale `en_US` in provider `faker.providers.address`.
   585 Thread-1 05-16 04:52 faker.factory DEBUG    Provider `faker.providers.address` has been localized to `en_US`.
   588 Thread-2 05-16 04:52 faker.factory DEBUG    Provider `faker.providers.address` has been localized to `en_US`.
   601 Thread-3 05-16 04:52 faker.factory DEBUG    Provider `faker.providers.address` has been localized to `en_US`.
   605 Thread-2 05-16 04:52 faker.factory DEBUG    Looking for locale `en_US` in provider `faker.providers.automotive`.
   605 Thread-1 05-16 04:52 faker.factory DEBUG    Looking for locale `en_US` in provider `faker.providers.automotive`.
   608 Thread-4 05-16 04:52 faker.factory DEBUG    Provider `faker.providers.address` has been localized to `en_US`.
   608 Thread-3 05-16 04:52 faker.factory DEBUG    Looking for locale `en_US` in provider `faker.providers.automotive`.
   615 Thread-4 05-16 04:52 faker.factory DEBUG    Looking for locale `en_US` in provider `faker.providers.automotive`.
   619 Thread-5 05-16 04:52 faker.factory DEBUG    Provider `faker.providers.address` has been localized to `en_US`.
   619 Thread-6 05-16 04:52 faker.factory DEBUG    Provider `faker.providers.address` has been localized to `en_US`.
   619 Thread-7 05-16 04:52 faker.factory DEBUG    Provider `faker.providers.address` has been localized to `en_US`.
   622 Thread-8 05-16 04:52 faker.factory DEBUG    Provider `faker.providers.address` has been localized to `en_US`.
   622 Thread-9 05-16 04:52 faker.factory DEBUG    Provider `faker.providers.address` has been localized to `en_US`.
   622 Thread-5 05-16 04:52 faker.factory DEBUG    Looking for locale `en_US` in provider `faker.providers.automotive`.
   622 Thread-10 05-16 04:52 faker.factory DEBUG    Provider `faker.providers.address` has been localized to `en_US`.
   626 Thread-6 05-16 04:52 faker.factory DEBUG    Looking for locale `en_US` in provider `faker.providers.automotive`.
   626 Thread-7 05-16 04:52 faker.factory DEBUG    Looking for locale `en_US` in provider `faker.providers.automotive`.
   629 Thread-8 05-16 04:52 faker.factory DEBUG    Looking for locale `en_US` in provider `faker.providers.automotive`.
   629 Thread-9 05-16 04:52 faker.factory DEBUG    Looking for locale `en_US` in provider `faker.providers.automotive`.
   629 Thread-10 05-16 04:52 faker.factory DEBUG    Looking for locale `en_US` in provider `faker.providers.automotive`.
   657 Thread-2 05-16 04:52 faker.factory DEBUG    Provider `faker.providers.automotive` has been localized to `en_US`.
   661 Thread-1 05-16 04:52 faker.factory DEBUG    Provider `faker.providers.automotive` has been localized to `en_US`.
   667 Thread-3 05-16 04:52 faker.factory DEBUG    Provider `faker.providers.automotive` has been localized to `en_US`.
   667 Thread-2 05-16 04:52 faker.factory DEBUG    Looking for locale `en_US` in provider `faker.providers.bank`.
   671 Thread-1 05-16 04:52 faker.factory DEBUG    Looking for locale `en_US` in provider `faker.providers.bank`.
   671 Thread-3 05-16 04:52 faker.factory DEBUG    Looking for locale `en_US` in provider `faker.providers.bank`.
   674 Thread-4 05-16 04:52 faker.factory DEBUG    Provider `faker.providers.automotive` has been localized to `en_US`.
   678 Thread-4 05-16 04:52 faker.factory DEBUG    Looking for locale `en_US` in provider `faker.providers.bank`.
   685 Thread-5 05-16 04:52 faker.factory DEBUG    Provider `faker.providers.automotive` has been localized to `en_US`.
   688 Thread-6 05-16 04:52 faker.factory DEBUG    Provider `faker.providers.automotive` has been localized to `en_US`.
   688 Thread-7 05-16 04:52 faker.factory DEBUG    Provider `faker.providers.automotive` has been localized to `en_US`.
   693 Thread-5 05-16 04:52 faker.factory DEBUG    Looking for locale `en_US` in provider `faker.providers.bank`.
   693 Thread-8 05-16 04:52 faker.factory DEBUG    Provider `faker.providers.automotive` has been localized to `en_US`.
   693 Thread-6 05-16 04:52 faker.factory DEBUG    Looking for locale `en_US` in provider `faker.providers.bank`.
   693 Thread-7 05-16 04:52 faker.factory DEBUG    Looking for locale `en_US` in provider `faker.providers.bank`.
   693 Thread-9 05-16 04:52 faker.factory DEBUG    Provider `faker.providers.automotive` has been localized to `en_US`.
   693 Thread-10 05-16 04:52 faker.factory DEBUG    Provider `faker.providers.automotive` has been localized to `en_US`.
   695 Thread-8 05-16 04:52 faker.factory DEBUG    Looking for locale `en_US` in provider `faker.providers.bank`.
   700 Thread-9 05-16 04:52 faker.factory DEBUG    Looking for locale `en_US` in provider `faker.providers.bank`.
   700 Thread-10 05-16 04:52 faker.factory DEBUG    Looking for locale `en_US` in provider `faker.providers.bank`.
   707 Thread-1 05-16 04:52 faker.factory DEBUG    Specified locale `en_US` is not available for provider `faker.providers.bank`. Locale reset to `en_GB` for this provider.
   707 Thread-2 05-16 04:52 faker.factory DEBUG    Specified locale `en_US` is not available for provider `faker.providers.bank`. Locale reset to `en_GB` for this provider.
   710 Thread-3 05-16 04:52 faker.factory DEBUG    Specified locale `en_US` is not available for provider `faker.providers.bank`. Locale reset to `en_GB` for this provider.
   713 Thread-1 05-16 04:52 faker.factory DEBUG    Provider `faker.providers.barcode` does not feature localization. Specified locale `en_US` is not utilized for this provider.
   713 Thread-2 05-16 04:52 faker.factory DEBUG    Provider `faker.providers.barcode` does not feature localization. Specified locale `en_US` is not utilized for this provider.
   717 Thread-3 05-16 04:52 faker.factory DEBUG    Provider `faker.providers.barcode` does not feature localization. Specified locale `en_US` is not utilized for this provider.
   717 Thread-4 05-16 04:52 faker.factory DEBUG    Specified locale `en_US` is not available for provider `faker.providers.bank`. Locale reset to `en_GB` for this provider.
   720 Thread-1 05-16 04:52 faker.factory DEBUG    Looking for locale `en_US` in provider `faker.providers.color`.
   720 Thread-2 05-16 04:52 faker.factory DEBUG    Looking for locale `en_US` in provider `faker.providers.color`.
   720 Thread-3 05-16 04:52 faker.factory DEBUG    Looking for locale `en_US` in provider `faker.providers.color`.
   723 Thread-4 05-16 04:52 faker.factory DEBUG    Provider `faker.providers.barcode` does not feature localization. Specified locale `en_US` is not utilized for this provider.
   730 Thread-4 05-16 04:52 faker.factory DEBUG    Looking for locale `en_US` in provider `faker.providers.color`.
   730 Thread-5 05-16 04:52 faker.factory DEBUG    Specified locale `en_US` is not available for provider `faker.providers.bank`. Locale reset to `en_GB` for this provider.
   734 Thread-6 05-16 04:52 faker.factory DEBUG    Specified locale `en_US` is not available for provider `faker.providers.bank`. Locale reset to `en_GB` for this provider.
   734 Thread-5 05-16 04:52 faker.factory DEBUG    Provider `faker.providers.barcode` does not feature localization. Specified locale `en_US` is not utilized for this provider.
   737 Thread-7 05-16 04:52 faker.factory DEBUG    Specified locale `en_US` is not available for provider `faker.providers.bank`. Locale reset to `en_GB` for this provider.
   737 Thread-6 05-16 04:52 faker.factory DEBUG    Provider `faker.providers.barcode` does not feature localization. Specified locale `en_US` is not utilized for this provider.
   740 Thread-5 05-16 04:52 faker.factory DEBUG    Looking for locale `en_US` in provider `faker.providers.color`.
   740 Thread-8 05-16 04:52 faker.factory DEBUG    Specified locale `en_US` is not available for provider `faker.providers.bank`. Locale reset to `en_GB` for this provider.
   740 Thread-9 05-16 04:52 faker.factory DEBUG    Specified locale `en_US` is not available for provider `faker.providers.bank`. Locale reset to `en_GB` for this provider.
   740 Thread-7 05-16 04:52 faker.factory DEBUG    Provider `faker.providers.barcode` does not feature localization. Specified locale `en_US` is not utilized for this provider.
   744 Thread-6 05-16 04:52 faker.factory DEBUG    Looking for locale `en_US` in provider `faker.providers.color`.
   744 Thread-10 05-16 04:52 faker.factory DEBUG    Specified locale `en_US` is not available for provider `faker.providers.bank`. Locale reset to `en_GB` for this provider.
   744 Thread-8 05-16 04:52 faker.factory DEBUG    Provider `faker.providers.barcode` does not feature localization. Specified locale `en_US` is not utilized for this provider.
   747 Thread-9 05-16 04:52 faker.factory DEBUG    Provider `faker.providers.barcode` does not feature localization. Specified locale `en_US` is not utilized for this provider.
   747 Thread-7 05-16 04:52 faker.factory DEBUG    Looking for locale `en_US` in provider `faker.providers.color`.
   751 Thread-10 05-16 04:52 faker.factory DEBUG    Provider `faker.providers.barcode` does not feature localization. Specified locale `en_US` is not utilized for this provider.
   751 Thread-8 05-16 04:52 faker.factory DEBUG    Looking for locale `en_US` in provider `faker.providers.color`.
   751 Thread-9 05-16 04:52 faker.factory DEBUG    Looking for locale `en_US` in provider `faker.providers.color`.
   754 Thread-10 05-16 04:52 faker.factory DEBUG    Looking for locale `en_US` in provider `faker.providers.color`.
   761 Thread-1 05-16 04:52 faker.factory DEBUG    Provider `faker.providers.color` has been localized to `en_US`.
   761 Thread-2 05-16 04:52 faker.factory DEBUG    Provider `faker.providers.color` has been localized to `en_US`.
   766 Thread-3 05-16 04:52 faker.factory DEBUG    Provider `faker.providers.color` has been localized to `en_US`.
   769 Thread-1 05-16 04:52 faker.factory DEBUG    Looking for locale `en_US` in provider `faker.providers.company`.
   773 Thread-2 05-16 04:52 faker.factory DEBUG    Looking for locale `en_US` in provider `faker.providers.company`.
   773 Thread-3 05-16 04:52 faker.factory DEBUG    Looking for locale `en_US` in provider `faker.providers.company`.
   776 Thread-4 05-16 04:52 faker.factory DEBUG    Provider `faker.providers.color` has been localized to `en_US`.
   779 Thread-4 05-16 04:52 faker.factory DEBUG    Looking for locale `en_US` in provider `faker.providers.company`.
   786 Thread-5 05-16 04:52 faker.factory DEBUG    Provider `faker.providers.color` has been localized to `en_US`.
   789 Thread-6 05-16 04:52 faker.factory DEBUG    Provider `faker.providers.color` has been localized to `en_US`.
   793 Thread-5 05-16 04:52 faker.factory DEBUG    Looking for locale `en_US` in provider `faker.providers.company`.
   796 Thread-6 05-16 04:52 faker.factory DEBUG    Looking for locale `en_US` in provider `faker.providers.company`.
   796 Thread-7 05-16 04:52 faker.factory DEBUG    Provider `faker.providers.color` has been localized to `en_US`.
   796 Thread-8 05-16 04:52 faker.factory DEBUG    Provider `faker.providers.color` has been localized to `en_US`.
   800 Thread-9 05-16 04:52 faker.factory DEBUG    Provider `faker.providers.color` has been localized to `en_US`.
   800 Thread-10 05-16 04:52 faker.factory DEBUG    Provider `faker.providers.color` has been localized to `en_US`.
   803 Thread-7 05-16 04:52 faker.factory DEBUG    Looking for locale `en_US` in provider `faker.providers.company`.
   803 Thread-8 05-16 04:52 faker.factory DEBUG    Looking for locale `en_US` in provider `faker.providers.company`.
   803 Thread-9 05-16 04:52 faker.factory DEBUG    Looking for locale `en_US` in provider `faker.providers.company`.
   807 Thread-10 05-16 04:52 faker.factory DEBUG    Looking for locale `en_US` in provider `faker.providers.company`.
   888 Thread-2 05-16 04:52 faker.factory DEBUG    Provider `faker.providers.company` has been localized to `en_US`.
   888 Thread-1 05-16 04:52 faker.factory DEBUG    Provider `faker.providers.company` has been localized to `en_US`.
   888 Thread-3 05-16 04:52 faker.factory DEBUG    Provider `faker.providers.company` has been localized to `en_US`.
   898 Thread-2 05-16 04:52 faker.factory DEBUG    Provider `faker.providers.credit_card` does not feature localization. Specified locale `en_US` is not utilized for this provider.
   898 Thread-1 05-16 04:52 faker.factory DEBUG    Provider `faker.providers.credit_card` does not feature localization. Specified locale `en_US` is not utilized for this provider.
   898 Thread-4 05-16 04:52 faker.factory DEBUG    Provider `faker.providers.company` has been localized to `en_US`.
   898 Thread-3 05-16 04:52 faker.factory DEBUG    Provider `faker.providers.credit_card` does not feature localization. Specified locale `en_US` is not utilized for this provider.
   904 Thread-2 05-16 04:52 faker.factory DEBUG    Provider `faker.providers.currency` does not feature localization. Specified locale `en_US` is not utilized for this provider.
   904 Thread-1 05-16 04:52 faker.factory DEBUG    Provider `faker.providers.currency` does not feature localization. Specified locale `en_US` is not utilized for this provider.
   904 Thread-4 05-16 04:52 faker.factory DEBUG    Provider `faker.providers.credit_card` does not feature localization. Specified locale `en_US` is not utilized for this provider.
   908 Thread-3 05-16 04:52 faker.factory DEBUG    Provider `faker.providers.currency` does not feature localization. Specified locale `en_US` is not utilized for this provider.
   908 Thread-2 05-16 04:52 faker.factory DEBUG    Looking for locale `en_US` in provider `faker.providers.date_time`.
   911 Thread-1 05-16 04:52 faker.factory DEBUG    Looking for locale `en_US` in provider `faker.providers.date_time`.
   911 Thread-4 05-16 04:52 faker.factory DEBUG    Provider `faker.providers.currency` does not feature localization. Specified locale `en_US` is not utilized for this provider.
   911 Thread-5 05-16 04:52 faker.factory DEBUG    Provider `faker.providers.company` has been localized to `en_US`.
   911 Thread-3 05-16 04:52 faker.factory DEBUG    Looking for locale `en_US` in provider `faker.providers.date_time`.
   915 Thread-4 05-16 04:52 faker.factory DEBUG    Looking for locale `en_US` in provider `faker.providers.date_time`.
   918 Thread-5 05-16 04:52 faker.factory DEBUG    Provider `faker.providers.credit_card` does not feature localization. Specified locale `en_US` is not utilized for this provider.
   918 Thread-6 05-16 04:52 faker.factory DEBUG    Provider `faker.providers.company` has been localized to `en_US`.
   922 Thread-7 05-16 04:52 faker.factory DEBUG    Provider `faker.providers.company` has been localized to `en_US`.
   922 Thread-5 05-16 04:52 faker.factory DEBUG    Provider `faker.providers.currency` does not feature localization. Specified locale `en_US` is not utilized for this provider.
   922 Thread-8 05-16 04:52 faker.factory DEBUG    Provider `faker.providers.company` has been localized to `en_US`.
   922 Thread-6 05-16 04:52 faker.factory DEBUG    Provider `faker.providers.credit_card` does not feature localization. Specified locale `en_US` is not utilized for this provider.
   925 Thread-9 05-16 04:52 faker.factory DEBUG    Provider `faker.providers.company` has been localized to `en_US`.
   925 Thread-7 05-16 04:52 faker.factory DEBUG    Provider `faker.providers.credit_card` does not feature localization. Specified locale `en_US` is not utilized for this provider.
   925 Thread-10 05-16 04:52 faker.factory DEBUG    Provider `faker.providers.company` has been localized to `en_US`.
   925 Thread-5 05-16 04:52 faker.factory DEBUG    Looking for locale `en_US` in provider `faker.providers.date_time`.
   925 Thread-8 05-16 04:52 faker.factory DEBUG    Provider `faker.providers.credit_card` does not feature localization. Specified locale `en_US` is not utilized for this provider.
   930 Thread-6 05-16 04:52 faker.factory DEBUG    Provider `faker.providers.currency` does not feature localization. Specified locale `en_US` is not utilized for this provider.
   930 Thread-9 05-16 04:52 faker.factory DEBUG    Provider `faker.providers.credit_card` does not feature localization. Specified locale `en_US` is not utilized for this provider.
   930 Thread-7 05-16 04:52 faker.factory DEBUG    Provider `faker.providers.currency` does not feature localization. Specified locale `en_US` is not utilized for this provider.
   932 Thread-10 05-16 04:52 faker.factory DEBUG    Provider `faker.providers.credit_card` does not feature localization. Specified locale `en_US` is not utilized for this provider.
   932 Thread-8 05-16 04:52 faker.factory DEBUG    Provider `faker.providers.currency` does not feature localization. Specified locale `en_US` is not utilized for this provider.
   932 Thread-6 05-16 04:52 faker.factory DEBUG    Looking for locale `en_US` in provider `faker.providers.date_time`.
   937 Thread-9 05-16 04:52 faker.factory DEBUG    Provider `faker.providers.currency` does not feature localization. Specified locale `en_US` is not utilized for this provider.
   937 Thread-7 05-16 04:52 faker.factory DEBUG    Looking for locale `en_US` in provider `faker.providers.date_time`.
   937 Thread-10 05-16 04:52 faker.factory DEBUG    Provider `faker.providers.currency` does not feature localization. Specified locale `en_US` is not utilized for this provider.
   940 Thread-8 05-16 04:52 faker.factory DEBUG    Looking for locale `en_US` in provider `faker.providers.date_time`.
   940 Thread-9 05-16 04:52 faker.factory DEBUG    Looking for locale `en_US` in provider `faker.providers.date_time`.
   944 Thread-10 05-16 04:52 faker.factory DEBUG    Looking for locale `en_US` in provider `faker.providers.date_time`.
   953 Thread-2 05-16 04:52 faker.factory DEBUG    Provider `faker.providers.date_time` has been localized to `en_US`.
   957 Thread-1 05-16 04:52 faker.factory DEBUG    Provider `faker.providers.date_time` has been localized to `en_US`.
   963 Thread-3 05-16 04:52 faker.factory DEBUG    Provider `faker.providers.date_time` has been localized to `en_US`.
   967 Thread-2 05-16 04:52 faker.factory DEBUG    Provider `faker.providers.file` does not feature localization. Specified locale `en_US` is not utilized for this provider.
   967 Thread-1 05-16 04:52 faker.factory DEBUG    Provider `faker.providers.file` does not feature localization. Specified locale `en_US` is not utilized for this provider.
   970 Thread-4 05-16 04:52 faker.factory DEBUG    Provider `faker.providers.date_time` has been localized to `en_US`.
   974 Thread-2 05-16 04:52 faker.factory DEBUG    Looking for locale `en_US` in provider `faker.providers.geo`.
   974 Thread-3 05-16 04:52 faker.factory DEBUG    Provider `faker.providers.file` does not feature localization. Specified locale `en_US` is not utilized for this provider.
   977 Thread-1 05-16 04:52 faker.factory DEBUG    Looking for locale `en_US` in provider `faker.providers.geo`.
   977 Thread-4 05-16 04:52 faker.factory DEBUG    Provider `faker.providers.file` does not feature localization. Specified locale `en_US` is not utilized for this provider.
   981 Thread-3 05-16 04:52 faker.factory DEBUG    Looking for locale `en_US` in provider `faker.providers.geo`.
   984 Thread-4 05-16 04:52 faker.factory DEBUG    Looking for locale `en_US` in provider `faker.providers.geo`.
   984 Thread-5 05-16 04:52 faker.factory DEBUG    Provider `faker.providers.date_time` has been localized to `en_US`.
   991 Thread-5 05-16 04:52 faker.factory DEBUG    Provider `faker.providers.file` does not feature localization. Specified locale `en_US` is not utilized for this provider.
   996 Thread-6 05-16 04:52 faker.factory DEBUG    Provider `faker.providers.date_time` has been localized to `en_US`.
   996 Thread-2 05-16 04:52 faker.factory DEBUG    Provider `faker.providers.geo` has been localized to `en_US`.
   996 Thread-1 05-16 04:52 faker.factory DEBUG    Provider `faker.providers.geo` has been localized to `en_US`.
   996 Thread-7 05-16 04:52 faker.factory DEBUG    Provider `faker.providers.date_time` has been localized to `en_US`.
   996 Thread-5 05-16 04:52 faker.factory DEBUG    Looking for locale `en_US` in provider `faker.providers.geo`.
   996 Thread-8 05-16 04:52 faker.factory DEBUG    Provider `faker.providers.date_time` has been localized to `en_US`.
  1003 Thread-3 05-16 04:52 faker.factory DEBUG    Provider `faker.providers.geo` has been localized to `en_US`.
  1003 Thread-9 05-16 04:52 faker.factory DEBUG    Provider `faker.providers.date_time` has been localized to `en_US`.
  1003 Thread-2 05-16 04:52 faker.factory DEBUG    Looking for locale `en_US` in provider `faker.providers.internet`.
  1003 Thread-6 05-16 04:52 faker.factory DEBUG    Provider `faker.providers.file` does not feature localization. Specified locale `en_US` is not utilized for this provider.
  1003 Thread-1 05-16 04:52 faker.factory DEBUG    Looking for locale `en_US` in provider `faker.providers.internet`.
  1003 Thread-10 05-16 04:52 faker.factory DEBUG    Provider `faker.providers.date_time` has been localized to `en_US`.
  1006 Thread-4 05-16 04:52 faker.factory DEBUG    Provider `faker.providers.geo` has been localized to `en_US`.
  1006 Thread-7 05-16 04:52 faker.factory DEBUG    Provider `faker.providers.file` does not feature localization. Specified locale `en_US` is not utilized for this provider.
  1006 Thread-3 05-16 04:52 faker.factory DEBUG    Looking for locale `en_US` in provider `faker.providers.internet`.
  1006 Thread-8 05-16 04:52 faker.factory DEBUG    Provider `faker.providers.file` does not feature localization. Specified locale `en_US` is not utilized for this provider.
  1009 Thread-9 05-16 04:52 faker.factory DEBUG    Provider `faker.providers.file` does not feature localization. Specified locale `en_US` is not utilized for this provider.
  1009 Thread-6 05-16 04:52 faker.factory DEBUG    Looking for locale `en_US` in provider `faker.providers.geo`.
  1009 Thread-10 05-16 04:52 faker.factory DEBUG    Provider `faker.providers.file` does not feature localization. Specified locale `en_US` is not utilized for this provider.
  1009 Thread-4 05-16 04:52 faker.factory DEBUG    Looking for locale `en_US` in provider `faker.providers.internet`.
  1013 Thread-7 05-16 04:52 faker.factory DEBUG    Looking for locale `en_US` in provider `faker.providers.geo`.
  1013 Thread-8 05-16 04:52 faker.factory DEBUG    Looking for locale `en_US` in provider `faker.providers.geo`.
  1013 Thread-5 05-16 04:52 faker.factory DEBUG    Provider `faker.providers.geo` has been localized to `en_US`.
  1013 Thread-9 05-16 04:52 faker.factory DEBUG    Looking for locale `en_US` in provider `faker.providers.geo`.
  1013 Thread-10 05-16 04:52 faker.factory DEBUG    Looking for locale `en_US` in provider `faker.providers.geo`.
  1016 Thread-5 05-16 04:52 faker.factory DEBUG    Looking for locale `en_US` in provider `faker.providers.internet`.
  1023 Thread-6 05-16 04:52 faker.factory DEBUG    Provider `faker.providers.geo` has been localized to `en_US`.
  1026 Thread-7 05-16 04:52 faker.factory DEBUG    Provider `faker.providers.geo` has been localized to `en_US`.
  1030 Thread-6 05-16 04:52 faker.factory DEBUG    Looking for locale `en_US` in provider `faker.providers.internet`.
  1030 Thread-8 05-16 04:52 faker.factory DEBUG    Provider `faker.providers.geo` has been localized to `en_US`.
  1033 Thread-9 05-16 04:52 faker.factory DEBUG    Provider `faker.providers.geo` has been localized to `en_US`.
  1033 Thread-7 05-16 04:52 faker.factory DEBUG    Looking for locale `en_US` in provider `faker.providers.internet`.
  1033 Thread-10 05-16 04:52 faker.factory DEBUG    Provider `faker.providers.geo` has been localized to `en_US`.
  1033 Thread-8 05-16 04:52 faker.factory DEBUG    Looking for locale `en_US` in provider `faker.providers.internet`.
  1037 Thread-9 05-16 04:52 faker.factory DEBUG    Looking for locale `en_US` in provider `faker.providers.internet`.
  1037 Thread-10 05-16 04:52 faker.factory DEBUG    Looking for locale `en_US` in provider `faker.providers.internet`.
  1114 Thread-2 05-16 04:52 faker.factory DEBUG    Provider `faker.providers.internet` has been localized to `en_US`.
  1114 Thread-1 05-16 04:52 faker.factory DEBUG    Provider `faker.providers.internet` has been localized to `en_US`.
  1125 Thread-3 05-16 04:52 faker.factory DEBUG    Provider `faker.providers.internet` has been localized to `en_US`.
  1125 Thread-2 05-16 04:52 faker.factory DEBUG    Provider `faker.providers.isbn` does not feature localization. Specified locale `en_US` is not utilized for this provider.
  1128 Thread-1 05-16 04:52 faker.factory DEBUG    Provider `faker.providers.isbn` does not feature localization. Specified locale `en_US` is not utilized for this provider.
  1131 Thread-2 05-16 04:52 faker.factory DEBUG    Looking for locale `en_US` in provider `faker.providers.job`.
  1131 Thread-3 05-16 04:52 faker.factory DEBUG    Provider `faker.providers.isbn` does not feature localization. Specified locale `en_US` is not utilized for this provider.
  1131 Thread-4 05-16 04:52 faker.factory DEBUG    Provider `faker.providers.internet` has been localized to `en_US`.
  1131 Thread-1 05-16 04:52 faker.factory DEBUG    Looking for locale `en_US` in provider `faker.providers.job`.
  1138 Thread-3 05-16 04:52 faker.factory DEBUG    Looking for locale `en_US` in provider `faker.providers.job`.
  1138 Thread-4 05-16 04:52 faker.factory DEBUG    Provider `faker.providers.isbn` does not feature localization. Specified locale `en_US` is not utilized for this provider.
  1141 Thread-5 05-16 04:52 faker.factory DEBUG    Provider `faker.providers.internet` has been localized to `en_US`.
  1141 Thread-4 05-16 04:52 faker.factory DEBUG    Looking for locale `en_US` in provider `faker.providers.job`.
  1145 Thread-5 05-16 04:52 faker.factory DEBUG    Provider `faker.providers.isbn` does not feature localization. Specified locale `en_US` is not utilized for this provider.
  1148 Thread-5 05-16 04:52 faker.factory DEBUG    Looking for locale `en_US` in provider `faker.providers.job`.
  1148 Thread-6 05-16 04:52 faker.factory DEBUG    Provider `faker.providers.internet` has been localized to `en_US`.
  1152 Thread-7 05-16 04:52 faker.factory DEBUG    Provider `faker.providers.internet` has been localized to `en_US`.
  1155 Thread-8 05-16 04:52 faker.factory DEBUG    Provider `faker.providers.internet` has been localized to `en_US`.
  1155 Thread-9 05-16 04:52 faker.factory DEBUG    Provider `faker.providers.internet` has been localized to `en_US`.
  1155 Thread-6 05-16 04:52 faker.factory DEBUG    Provider `faker.providers.isbn` does not feature localization. Specified locale `en_US` is not utilized for this provider.
  1158 Thread-7 05-16 04:52 faker.factory DEBUG    Provider `faker.providers.isbn` does not feature localization. Specified locale `en_US` is not utilized for this provider.
  1158 Thread-10 05-16 04:52 faker.factory DEBUG    Provider `faker.providers.internet` has been localized to `en_US`.
  1158 Thread-8 05-16 04:52 faker.factory DEBUG    Provider `faker.providers.isbn` does not feature localization. Specified locale `en_US` is not utilized for this provider.
  1158 Thread-6 05-16 04:52 faker.factory DEBUG    Looking for locale `en_US` in provider `faker.providers.job`.
  1158 Thread-9 05-16 04:52 faker.factory DEBUG    Provider `faker.providers.isbn` does not feature localization. Specified locale `en_US` is not utilized for this provider.
  1162 Thread-7 05-16 04:52 faker.factory DEBUG    Looking for locale `en_US` in provider `faker.providers.job`.
  1165 Thread-8 05-16 04:52 faker.factory DEBUG    Looking for locale `en_US` in provider `faker.providers.job`.
  1165 Thread-10 05-16 04:52 faker.factory DEBUG    Provider `faker.providers.isbn` does not feature localization. Specified locale `en_US` is not utilized for this provider.
  1165 Thread-9 05-16 04:52 faker.factory DEBUG    Looking for locale `en_US` in provider `faker.providers.job`.
  1172 Thread-10 05-16 04:52 faker.factory DEBUG    Looking for locale `en_US` in provider `faker.providers.job`.
  1200 Thread-2 05-16 04:52 faker.factory DEBUG    Provider `faker.providers.job` has been localized to `en_US`.
  1200 Thread-1 05-16 04:52 faker.factory DEBUG    Provider `faker.providers.job` has been localized to `en_US`.
  1207 Thread-3 05-16 04:52 faker.factory DEBUG    Provider `faker.providers.job` has been localized to `en_US`.
  1207 Thread-2 05-16 04:52 faker.factory DEBUG    Looking for locale `en_US` in provider `faker.providers.lorem`.
  1211 Thread-1 05-16 04:52 faker.factory DEBUG    Looking for locale `en_US` in provider `faker.providers.lorem`.
  1214 Thread-3 05-16 04:52 faker.factory DEBUG    Looking for locale `en_US` in provider `faker.providers.lorem`.
  1218 Thread-4 05-16 04:52 faker.factory DEBUG    Provider `faker.providers.job` has been localized to `en_US`.
  1226 Thread-4 05-16 04:52 faker.factory DEBUG    Looking for locale `en_US` in provider `faker.providers.lorem`.
  1228 Thread-5 05-16 04:52 faker.factory DEBUG    Provider `faker.providers.job` has been localized to `en_US`.
  1233 Thread-5 05-16 04:52 faker.factory DEBUG    Looking for locale `en_US` in provider `faker.providers.lorem`.
  1243 Thread-6 05-16 04:52 faker.factory DEBUG    Provider `faker.providers.job` has been localized to `en_US`.
  1246 Thread-7 05-16 04:52 faker.factory DEBUG    Provider `faker.providers.job` has been localized to `en_US`.
  1250 Thread-8 05-16 04:52 faker.factory DEBUG    Provider `faker.providers.job` has been localized to `en_US`.
  1250 Thread-6 05-16 04:52 faker.factory DEBUG    Looking for locale `en_US` in provider `faker.providers.lorem`.
  1250 Thread-9 05-16 04:52 faker.factory DEBUG    Provider `faker.providers.job` has been localized to `en_US`.
  1250 Thread-7 05-16 04:52 faker.factory DEBUG    Looking for locale `en_US` in provider `faker.providers.lorem`.
  1253 Thread-8 05-16 04:52 faker.factory DEBUG    Looking for locale `en_US` in provider `faker.providers.lorem`.
  1253 Thread-10 05-16 04:52 faker.factory DEBUG    Provider `faker.providers.job` has been localized to `en_US`.
  1256 Thread-9 05-16 04:52 faker.factory DEBUG    Looking for locale `en_US` in provider `faker.providers.lorem`.
  1259 Thread-10 05-16 04:52 faker.factory DEBUG    Looking for locale `en_US` in provider `faker.providers.lorem`.
  1263 Thread-2 05-16 04:52 faker.factory DEBUG    Provider `faker.providers.lorem` has been localized to `en_US`.
  1266 Thread-1 05-16 04:52 faker.factory DEBUG    Provider `faker.providers.lorem` has been localized to `en_US`.
  1270 Thread-3 05-16 04:52 faker.factory DEBUG    Provider `faker.providers.lorem` has been localized to `en_US`.
  1273 Thread-2 05-16 04:52 faker.factory DEBUG    Provider `faker.providers.misc` does not feature localization. Specified locale `en_US` is not utilized for this provider.
  1277 Thread-1 05-16 04:52 faker.factory DEBUG    Provider `faker.providers.misc` does not feature localization. Specified locale `en_US` is not utilized for this provider.
  1277 Thread-3 05-16 04:52 faker.factory DEBUG    Provider `faker.providers.misc` does not feature localization. Specified locale `en_US` is not utilized for this provider.
  1280 Thread-2 05-16 04:52 faker.factory DEBUG    Looking for locale `en_US` in provider `faker.providers.person`.
  1280 Thread-4 05-16 04:52 faker.factory DEBUG    Provider `faker.providers.lorem` has been localized to `en_US`.
  1280 Thread-1 05-16 04:52 faker.factory DEBUG    Looking for locale `en_US` in provider `faker.providers.person`.
  1284 Thread-3 05-16 04:52 faker.factory DEBUG    Looking for locale `en_US` in provider `faker.providers.person`.
  1284 Thread-4 05-16 04:52 faker.factory DEBUG    Provider `faker.providers.misc` does not feature localization. Specified locale `en_US` is not utilized for this provider.
  1292 Thread-4 05-16 04:52 faker.factory DEBUG    Looking for locale `en_US` in provider `faker.providers.person`.
  1292 Thread-5 05-16 04:52 faker.factory DEBUG    Provider `faker.providers.lorem` has been localized to `en_US`.
  1295 Thread-5 05-16 04:52 faker.factory DEBUG    Provider `faker.providers.misc` does not feature localization. Specified locale `en_US` is not utilized for this provider.
  1299 Thread-5 05-16 04:52 faker.factory DEBUG    Looking for locale `en_US` in provider `faker.providers.person`.
  1302 Thread-6 05-16 04:52 faker.factory DEBUG    Provider `faker.providers.lorem` has been localized to `en_US`.
  1302 Thread-7 05-16 04:52 faker.factory DEBUG    Provider `faker.providers.lorem` has been localized to `en_US`.
  1302 Thread-8 05-16 04:52 faker.factory DEBUG    Provider `faker.providers.lorem` has been localized to `en_US`.
  1305 Thread-9 05-16 04:52 faker.factory DEBUG    Provider `faker.providers.lorem` has been localized to `en_US`.
  1305 Thread-6 05-16 04:52 faker.factory DEBUG    Provider `faker.providers.misc` does not feature localization. Specified locale `en_US` is not utilized for this provider.
  1305 Thread-7 05-16 04:52 faker.factory DEBUG    Provider `faker.providers.misc` does not feature localization. Specified locale `en_US` is not utilized for this provider.
  1305 Thread-8 05-16 04:52 faker.factory DEBUG    Provider `faker.providers.misc` does not feature localization. Specified locale `en_US` is not utilized for this provider.
  1309 Thread-9 05-16 04:52 faker.factory DEBUG    Provider `faker.providers.misc` does not feature localization. Specified locale `en_US` is not utilized for this provider.
  1309 Thread-6 05-16 04:52 faker.factory DEBUG    Looking for locale `en_US` in provider `faker.providers.person`.
  1309 Thread-10 05-16 04:52 faker.factory DEBUG    Provider `faker.providers.lorem` has been localized to `en_US`.
  1309 Thread-7 05-16 04:52 faker.factory DEBUG    Looking for locale `en_US` in provider `faker.providers.person`.
  1312 Thread-8 05-16 04:52 faker.factory DEBUG    Looking for locale `en_US` in provider `faker.providers.person`.
  1312 Thread-9 05-16 04:52 faker.factory DEBUG    Looking for locale `en_US` in provider `faker.providers.person`.
  1315 Thread-10 05-16 04:52 faker.factory DEBUG    Provider `faker.providers.misc` does not feature localization. Specified locale `en_US` is not utilized for this provider.
  1319 Thread-10 05-16 04:52 faker.factory DEBUG    Looking for locale `en_US` in provider `faker.providers.person`.
  1493 Thread-1 05-16 04:52 faker.factory DEBUG    Provider `faker.providers.person` has been localized to `en_US`.
  1493 Thread-2 05-16 04:52 faker.factory DEBUG    Provider `faker.providers.person` has been localized to `en_US`.
  1503 Thread-3 05-16 04:52 faker.factory DEBUG    Provider `faker.providers.person` has been localized to `en_US`.
  1507 Thread-4 05-16 04:52 faker.factory DEBUG    Provider `faker.providers.person` has been localized to `en_US`.
  1517 Thread-5 05-16 04:52 faker.factory DEBUG    Provider `faker.providers.person` has been localized to `en_US`.
  1532 Thread-8 05-16 04:52 faker.factory DEBUG    Provider `faker.providers.person` has been localized to `en_US`.
  1532 Thread-7 05-16 04:52 faker.factory DEBUG    Provider `faker.providers.person` has been localized to `en_US`.
  1532 Thread-9 05-16 04:52 faker.factory DEBUG    Provider `faker.providers.person` has been localized to `en_US`.
  1532 Thread-6 05-16 04:52 faker.factory DEBUG    Provider `faker.providers.person` has been localized to `en_US`.
  1536 Thread-10 05-16 04:52 faker.factory DEBUG    Provider `faker.providers.person` has been localized to `en_US`.
  1542 Thread-1 05-16 04:52 faker.factory DEBUG    Looking for locale `en_US` in provider `faker.providers.phone_number`.
  1542 Thread-2 05-16 04:52 faker.factory DEBUG    Looking for locale `en_US` in provider `faker.providers.phone_number`.
  1542 Thread-3 05-16 04:52 faker.factory DEBUG    Looking for locale `en_US` in provider `faker.providers.phone_number`.
  1542 Thread-4 05-16 04:52 faker.factory DEBUG    Looking for locale `en_US` in provider `faker.providers.phone_number`.
  1542 Thread-8 05-16 04:52 faker.factory DEBUG    Looking for locale `en_US` in provider `faker.providers.phone_number`.
  1542 Thread-5 05-16 04:52 faker.factory DEBUG    Looking for locale `en_US` in provider `faker.providers.phone_number`.
  1542 Thread-7 05-16 04:52 faker.factory DEBUG    Looking for locale `en_US` in provider `faker.providers.phone_number`.
  1542 Thread-6 05-16 04:52 faker.factory DEBUG    Looking for locale `en_US` in provider `faker.providers.phone_number`.
  1542 Thread-9 05-16 04:52 faker.factory DEBUG    Looking for locale `en_US` in provider `faker.providers.phone_number`.
  1542 Thread-10 05-16 04:52 faker.factory DEBUG    Looking for locale `en_US` in provider `faker.providers.phone_number`.
  1723 Thread-2 05-16 04:52 faker.factory DEBUG    Provider `faker.providers.phone_number` has been localized to `en_US`.
  1723 Thread-3 05-16 04:52 faker.factory DEBUG    Provider `faker.providers.phone_number` has been localized to `en_US`.
  1726 Thread-1 05-16 04:52 faker.factory DEBUG    Provider `faker.providers.phone_number` has been localized to `en_US`.
  1726 Thread-4 05-16 04:52 faker.factory DEBUG    Provider `faker.providers.phone_number` has been localized to `en_US`.
  1733 Thread-2 05-16 04:52 faker.factory DEBUG    Provider `faker.providers.profile` does not feature localization. Specified locale `en_US` is not utilized for this provider.
  1733 Thread-5 05-16 04:52 faker.factory DEBUG    Provider `faker.providers.phone_number` has been localized to `en_US`.
  1733 Thread-3 05-16 04:52 faker.factory DEBUG    Provider `faker.providers.profile` does not feature localization. Specified locale `en_US` is not utilized for this provider.
  1737 Thread-8 05-16 04:52 faker.factory DEBUG    Provider `faker.providers.phone_number` has been localized to `en_US`.
  1737 Thread-6 05-16 04:52 faker.factory DEBUG    Provider `faker.providers.phone_number` has been localized to `en_US`.
  1737 Thread-1 05-16 04:52 faker.factory DEBUG    Provider `faker.providers.profile` does not feature localization. Specified locale `en_US` is not utilized for this provider.
  1737 Thread-7 05-16 04:52 faker.factory DEBUG    Provider `faker.providers.phone_number` has been localized to `en_US`.
  1737 Thread-4 05-16 04:52 faker.factory DEBUG    Provider `faker.providers.profile` does not feature localization. Specified locale `en_US` is not utilized for this provider.
  1740 Thread-2 05-16 04:52 faker.factory DEBUG    Provider `faker.providers.python` does not feature localization. Specified locale `en_US` is not utilized for this provider.
  1740 Thread-9 05-16 04:52 faker.factory DEBUG    Provider `faker.providers.phone_number` has been localized to `en_US`.
  1740 Thread-5 05-16 04:52 faker.factory DEBUG    Provider `faker.providers.profile` does not feature localization. Specified locale `en_US` is not utilized for this provider.
  1740 Thread-10 05-16 04:52 faker.factory DEBUG    Provider `faker.providers.phone_number` has been localized to `en_US`.
  1740 Thread-3 05-16 04:52 faker.factory DEBUG    Provider `faker.providers.python` does not feature localization. Specified locale `en_US` is not utilized for this provider.
  1740 Thread-8 05-16 04:52 faker.factory DEBUG    Provider `faker.providers.profile` does not feature localization. Specified locale `en_US` is not utilized for this provider.
  1740 Thread-6 05-16 04:52 faker.factory DEBUG    Provider `faker.providers.profile` does not feature localization. Specified locale `en_US` is not utilized for this provider.
  1740 Thread-1 05-16 04:52 faker.factory DEBUG    Provider `faker.providers.python` does not feature localization. Specified locale `en_US` is not utilized for this provider.
  1740 Thread-7 05-16 04:52 faker.factory DEBUG    Provider `faker.providers.profile` does not feature localization. Specified locale `en_US` is not utilized for this provider.
  1740 Thread-4 05-16 04:52 faker.factory DEBUG    Provider `faker.providers.python` does not feature localization. Specified locale `en_US` is not utilized for this provider.
  1744 Thread-2 05-16 04:52 faker.factory DEBUG    Looking for locale `en_US` in provider `faker.providers.ssn`.
  1744 Thread-9 05-16 04:52 faker.factory DEBUG    Provider `faker.providers.profile` does not feature localization. Specified locale `en_US` is not utilized for this provider.
  1744 Thread-5 05-16 04:52 faker.factory DEBUG    Provider `faker.providers.python` does not feature localization. Specified locale `en_US` is not utilized for this provider.
  1744 Thread-10 05-16 04:52 faker.factory DEBUG    Provider `faker.providers.profile` does not feature localization. Specified locale `en_US` is not utilized for this provider.
  1744 Thread-3 05-16 04:52 faker.factory DEBUG    Looking for locale `en_US` in provider `faker.providers.ssn`.
  1744 Thread-8 05-16 04:52 faker.factory DEBUG    Provider `faker.providers.python` does not feature localization. Specified locale `en_US` is not utilized for this provider.
  1744 Thread-6 05-16 04:52 faker.factory DEBUG    Provider `faker.providers.python` does not feature localization. Specified locale `en_US` is not utilized for this provider.
  1744 Thread-1 05-16 04:52 faker.factory DEBUG    Looking for locale `en_US` in provider `faker.providers.ssn`.
  1744 Thread-7 05-16 04:52 faker.factory DEBUG    Provider `faker.providers.python` does not feature localization. Specified locale `en_US` is not utilized for this provider.
  1747 Thread-4 05-16 04:52 faker.factory DEBUG    Looking for locale `en_US` in provider `faker.providers.ssn`.
  1747 Thread-9 05-16 04:52 faker.factory DEBUG    Provider `faker.providers.python` does not feature localization. Specified locale `en_US` is not utilized for this provider.
  1747 Thread-5 05-16 04:52 faker.factory DEBUG    Looking for locale `en_US` in provider `faker.providers.ssn`.
  1747 Thread-10 05-16 04:52 faker.factory DEBUG    Provider `faker.providers.python` does not feature localization. Specified locale `en_US` is not utilized for this provider.
  1747 Thread-8 05-16 04:52 faker.factory DEBUG    Looking for locale `en_US` in provider `faker.providers.ssn`.
  1751 Thread-6 05-16 04:52 faker.factory DEBUG    Looking for locale `en_US` in provider `faker.providers.ssn`.
  1751 Thread-7 05-16 04:52 faker.factory DEBUG    Looking for locale `en_US` in provider `faker.providers.ssn`.
  1751 Thread-9 05-16 04:52 faker.factory DEBUG    Looking for locale `en_US` in provider `faker.providers.ssn`.
  1751 Thread-10 05-16 04:52 faker.factory DEBUG    Looking for locale `en_US` in provider `faker.providers.ssn`.
  1911 Thread-2 05-16 04:52 faker.factory DEBUG    Provider `faker.providers.ssn` has been localized to `en_US`.
  1914 Thread-3 05-16 04:52 faker.factory DEBUG    Provider `faker.providers.ssn` has been localized to `en_US`.
  1921 Thread-1 05-16 04:52 faker.factory DEBUG    Provider `faker.providers.ssn` has been localized to `en_US`.
  1921 Thread-2 05-16 04:52 faker.factory DEBUG    Provider `faker.providers.user_agent` does not feature localization. Specified locale `en_US` is not utilized for this provider.
  1925 Thread-3 05-16 04:52 faker.factory DEBUG    Provider `faker.providers.user_agent` does not feature localization. Specified locale `en_US` is not utilized for this provider.
  1928 Thread-1 05-16 04:52 faker.factory DEBUG    Provider `faker.providers.user_agent` does not feature localization. Specified locale `en_US` is not utilized for this provider.
  1928 Thread-5 05-16 04:52 faker.factory DEBUG    Provider `faker.providers.ssn` has been localized to `en_US`.
  1928 Thread-4 05-16 04:52 faker.factory DEBUG    Provider `faker.providers.ssn` has been localized to `en_US`.
  1932 Thread-8 05-16 04:52 faker.factory DEBUG    Provider `faker.providers.ssn` has been localized to `en_US`.
  1932 Thread-6 05-16 04:52 faker.factory DEBUG    Provider `faker.providers.ssn` has been localized to `en_US`.
  1935 Thread-5 05-16 04:52 faker.factory DEBUG    Provider `faker.providers.user_agent` does not feature localization. Specified locale `en_US` is not utilized for this provider.
  1935 Thread-9 05-16 04:52 faker.factory DEBUG    Provider `faker.providers.ssn` has been localized to `en_US`.
  1935 Thread-4 05-16 04:52 faker.factory DEBUG    Provider `faker.providers.user_agent` does not feature localization. Specified locale `en_US` is not utilized for this provider.
  1935 Thread-8 05-16 04:52 faker.factory DEBUG    Provider `faker.providers.user_agent` does not feature localization. Specified locale `en_US` is not utilized for this provider.
  1935 Thread-7 05-16 04:52 faker.factory DEBUG    Provider `faker.providers.ssn` has been localized to `en_US`.
  1940 Thread-6 05-16 04:52 faker.factory DEBUG    Provider `faker.providers.user_agent` does not feature localization. Specified locale `en_US` is not utilized for this provider.
  1940 Thread-9 05-16 04:52 faker.factory DEBUG    Provider `faker.providers.user_agent` does not feature localization. Specified locale `en_US` is not utilized for this provider.
  1940 Thread-10 05-16 04:52 faker.factory DEBUG    Provider `faker.providers.ssn` has been localized to `en_US`.
  1943 Thread-7 05-16 04:52 faker.factory DEBUG    Provider `faker.providers.user_agent` does not feature localization. Specified locale `en_US` is not utilized for this provider.
  1943 Thread-10 05-16 04:52 faker.factory DEBUG    Provider `faker.providers.user_agent` does not feature localization. Specified locale `en_US` is not utilized for this provider.
  3493 MainThread 05-16 04:52 root         INFO     Report is generated at C:\Users\sushrut.holey\gitrepos\ThreadingExample\reports\report_16_05_2019_04_52.csv
