   407 Thread-1 05-16 04:57 faker.factory DEBUG    Looking for locale `en_US` in provider `faker.providers.address`.
   411 Thread-2 05-16 04:57 faker.factory DEBUG    Looking for locale `en_US` in provider `faker.providers.address`.
   411 Thread-3 05-16 04:57 faker.factory DEBUG    Looking for locale `en_US` in provider `faker.providers.address`.
   411 Thread-4 05-16 04:57 faker.factory DEBUG    Looking for locale `en_US` in provider `faker.providers.address`.
   415 Thread-5 05-16 04:57 faker.factory DEBUG    Looking for locale `en_US` in provider `faker.providers.address`.
   415 Thread-6 05-16 04:57 faker.factory DEBUG    Looking for locale `en_US` in provider `faker.providers.address`.
   419 Thread-7 05-16 04:57 faker.factory DEBUG    Looking for locale `en_US` in provider `faker.providers.address`.
   419 Thread-8 05-16 04:57 faker.factory DEBUG    Looking for locale `en_US` in provider `faker.providers.address`.
   419 Thread-9 05-16 04:57 faker.factory DEBUG    Looking for locale `en_US` in provider `faker.providers.address`.
   423 Thread-10 05-16 04:57 faker.factory DEBUG    Looking for locale `en_US` in provider `faker.providers.address`.
   567 Thread-1 05-16 04:57 faker.factory DEBUG    Provider `faker.providers.address` has been localized to `en_US`.
   567 Thread-2 05-16 04:57 faker.factory DEBUG    Provider `faker.providers.address` has been localized to `en_US`.
   579 Thread-4 05-16 04:57 faker.factory DEBUG    Provider `faker.providers.address` has been localized to `en_US`.
   583 Thread-3 05-16 04:57 faker.factory DEBUG    Provider `faker.providers.address` has been localized to `en_US`.
   587 Thread-1 05-16 04:57 faker.factory DEBUG    Looking for locale `en_US` in provider `faker.providers.automotive`.
   587 Thread-2 05-16 04:57 faker.factory DEBUG    Looking for locale `en_US` in provider `faker.providers.automotive`.
   592 Thread-4 05-16 04:57 faker.factory DEBUG    Looking for locale `en_US` in provider `faker.providers.automotive`.
   592 Thread-3 05-16 04:57 faker.factory DEBUG    Looking for locale `en_US` in provider `faker.providers.automotive`.
   595 Thread-5 05-16 04:57 faker.factory DEBUG    Provider `faker.providers.address` has been localized to `en_US`.
   599 Thread-6 05-16 04:57 faker.factory DEBUG    Provider `faker.providers.address` has been localized to `en_US`.
   599 Thread-5 05-16 04:57 faker.factory DEBUG    Looking for locale `en_US` in provider `faker.providers.automotive`.
   603 Thread-7 05-16 04:57 faker.factory DEBUG    Provider `faker.providers.address` has been localized to `en_US`.
   603 Thread-10 05-16 04:57 faker.factory DEBUG    Provider `faker.providers.address` has been localized to `en_US`.
   603 Thread-8 05-16 04:57 faker.factory DEBUG    Provider `faker.providers.address` has been localized to `en_US`.
   607 Thread-9 05-16 04:57 faker.factory DEBUG    Provider `faker.providers.address` has been localized to `en_US`.
   607 Thread-6 05-16 04:57 faker.factory DEBUG    Looking for locale `en_US` in provider `faker.providers.automotive`.
   607 Thread-7 05-16 04:57 faker.factory DEBUG    Looking for locale `en_US` in provider `faker.providers.automotive`.
   611 Thread-10 05-16 04:57 faker.factory DEBUG    Looking for locale `en_US` in provider `faker.providers.automotive`.
   611 Thread-8 05-16 04:57 faker.factory DEBUG    Looking for locale `en_US` in provider `faker.providers.automotive`.
   611 Thread-9 05-16 04:57 faker.factory DEBUG    Looking for locale `en_US` in provider `faker.providers.automotive`.
   643 Thread-1 05-16 04:57 faker.factory DEBUG    Provider `faker.providers.automotive` has been localized to `en_US`.
   643 Thread-2 05-16 04:57 faker.factory DEBUG    Provider `faker.providers.automotive` has been localized to `en_US`.
   648 Thread-4 05-16 04:57 faker.factory DEBUG    Provider `faker.providers.automotive` has been localized to `en_US`.
   655 Thread-1 05-16 04:57 faker.factory DEBUG    Looking for locale `en_US` in provider `faker.providers.bank`.
   655 Thread-3 05-16 04:57 faker.factory DEBUG    Provider `faker.providers.automotive` has been localized to `en_US`.
   655 Thread-2 05-16 04:57 faker.factory DEBUG    Looking for locale `en_US` in provider `faker.providers.bank`.
   655 Thread-4 05-16 04:57 faker.factory DEBUG    Looking for locale `en_US` in provider `faker.providers.bank`.
   659 Thread-3 05-16 04:57 faker.factory DEBUG    Looking for locale `en_US` in provider `faker.providers.bank`.
   663 Thread-5 05-16 04:57 faker.factory DEBUG    Provider `faker.providers.automotive` has been localized to `en_US`.
   667 Thread-5 05-16 04:57 faker.factory DEBUG    Looking for locale `en_US` in provider `faker.providers.bank`.
   667 Thread-6 05-16 04:57 faker.factory DEBUG    Provider `faker.providers.automotive` has been localized to `en_US`.
   671 Thread-7 05-16 04:57 faker.factory DEBUG    Provider `faker.providers.automotive` has been localized to `en_US`.
   671 Thread-10 05-16 04:57 faker.factory DEBUG    Provider `faker.providers.automotive` has been localized to `en_US`.
   671 Thread-6 05-16 04:57 faker.factory DEBUG    Looking for locale `en_US` in provider `faker.providers.bank`.
   671 Thread-8 05-16 04:57 faker.factory DEBUG    Provider `faker.providers.automotive` has been localized to `en_US`.
   675 Thread-7 05-16 04:57 faker.factory DEBUG    Looking for locale `en_US` in provider `faker.providers.bank`.
   675 Thread-9 05-16 04:57 faker.factory DEBUG    Provider `faker.providers.automotive` has been localized to `en_US`.
   675 Thread-10 05-16 04:57 faker.factory DEBUG    Looking for locale `en_US` in provider `faker.providers.bank`.
   679 Thread-8 05-16 04:57 faker.factory DEBUG    Looking for locale `en_US` in provider `faker.providers.bank`.
   679 Thread-9 05-16 04:57 faker.factory DEBUG    Looking for locale `en_US` in provider `faker.providers.bank`.
   687 Thread-1 05-16 04:57 faker.factory DEBUG    Specified locale `en_US` is not available for provider `faker.providers.bank`. Locale reset to `en_GB` for this provider.
   691 Thread-2 05-16 04:57 faker.factory DEBUG    Specified locale `en_US` is not available for provider `faker.providers.bank`. Locale reset to `en_GB` for this provider.
   695 Thread-4 05-16 04:57 faker.factory DEBUG    Specified locale `en_US` is not available for provider `faker.providers.bank`. Locale reset to `en_GB` for this provider.
   695 Thread-1 05-16 04:57 faker.factory DEBUG    Provider `faker.providers.barcode` does not feature localization. Specified locale `en_US` is not utilized for this provider.
   695 Thread-3 05-16 04:57 faker.factory DEBUG    Specified locale `en_US` is not available for provider `faker.providers.bank`. Locale reset to `en_GB` for this provider.
   699 Thread-2 05-16 04:57 faker.factory DEBUG    Provider `faker.providers.barcode` does not feature localization. Specified locale `en_US` is not utilized for this provider.
   703 Thread-4 05-16 04:57 faker.factory DEBUG    Provider `faker.providers.barcode` does not feature localization. Specified locale `en_US` is not utilized for this provider.
   703 Thread-1 05-16 04:57 faker.factory DEBUG    Looking for locale `en_US` in provider `faker.providers.color`.
   703 Thread-3 05-16 04:57 faker.factory DEBUG    Provider `faker.providers.barcode` does not feature localization. Specified locale `en_US` is not utilized for this provider.
   707 Thread-2 05-16 04:57 faker.factory DEBUG    Looking for locale `en_US` in provider `faker.providers.color`.
   707 Thread-4 05-16 04:57 faker.factory DEBUG    Looking for locale `en_US` in provider `faker.providers.color`.
   711 Thread-5 05-16 04:57 faker.factory DEBUG    Specified locale `en_US` is not available for provider `faker.providers.bank`. Locale reset to `en_GB` for this provider.
   711 Thread-3 05-16 04:57 faker.factory DEBUG    Looking for locale `en_US` in provider `faker.providers.color`.
   715 Thread-6 05-16 04:57 faker.factory DEBUG    Specified locale `en_US` is not available for provider `faker.providers.bank`. Locale reset to `en_GB` for this provider.
   715 Thread-5 05-16 04:57 faker.factory DEBUG    Provider `faker.providers.barcode` does not feature localization. Specified locale `en_US` is not utilized for this provider.
   719 Thread-7 05-16 04:57 faker.factory DEBUG    Specified locale `en_US` is not available for provider `faker.providers.bank`. Locale reset to `en_GB` for this provider.
   719 Thread-6 05-16 04:57 faker.factory DEBUG    Provider `faker.providers.barcode` does not feature localization. Specified locale `en_US` is not utilized for this provider.
   719 Thread-10 05-16 04:57 faker.factory DEBUG    Specified locale `en_US` is not available for provider `faker.providers.bank`. Locale reset to `en_GB` for this provider.
   719 Thread-5 05-16 04:57 faker.factory DEBUG    Looking for locale `en_US` in provider `faker.providers.color`.
   719 Thread-8 05-16 04:57 faker.factory DEBUG    Specified locale `en_US` is not available for provider `faker.providers.bank`. Locale reset to `en_GB` for this provider.
   723 Thread-9 05-16 04:57 faker.factory DEBUG    Specified locale `en_US` is not available for provider `faker.providers.bank`. Locale reset to `en_GB` for this provider.
   723 Thread-7 05-16 04:57 faker.factory DEBUG    Provider `faker.providers.barcode` does not feature localization. Specified locale `en_US` is not utilized for this provider.
   723 Thread-6 05-16 04:57 faker.factory DEBUG    Looking for locale `en_US` in provider `faker.providers.color`.
   723 Thread-10 05-16 04:57 faker.factory DEBUG    Provider `faker.providers.barcode` does not feature localization. Specified locale `en_US` is not utilized for this provider.
   727 Thread-8 05-16 04:57 faker.factory DEBUG    Provider `faker.providers.barcode` does not feature localization. Specified locale `en_US` is not utilized for this provider.
   727 Thread-9 05-16 04:57 faker.factory DEBUG    Provider `faker.providers.barcode` does not feature localization. Specified locale `en_US` is not utilized for this provider.
   727 Thread-7 05-16 04:57 faker.factory DEBUG    Looking for locale `en_US` in provider `faker.providers.color`.
   731 Thread-10 05-16 04:57 faker.factory DEBUG    Looking for locale `en_US` in provider `faker.providers.color`.
   731 Thread-8 05-16 04:57 faker.factory DEBUG    Looking for locale `en_US` in provider `faker.providers.color`.
   735 Thread-9 05-16 04:57 faker.factory DEBUG    Looking for locale `en_US` in provider `faker.providers.color`.
   743 Thread-1 05-16 04:57 faker.factory DEBUG    Provider `faker.providers.color` has been localized to `en_US`.
   751 Thread-2 05-16 04:57 faker.factory DEBUG    Provider `faker.providers.color` has been localized to `en_US`.
   751 Thread-1 05-16 04:57 faker.factory DEBUG    Looking for locale `en_US` in provider `faker.providers.company`.
   751 Thread-4 05-16 04:57 faker.factory DEBUG    Provider `faker.providers.color` has been localized to `en_US`.
   755 Thread-3 05-16 04:57 faker.factory DEBUG    Provider `faker.providers.color` has been localized to `en_US`.
   755 Thread-2 05-16 04:57 faker.factory DEBUG    Looking for locale `en_US` in provider `faker.providers.company`.
   759 Thread-4 05-16 04:57 faker.factory DEBUG    Looking for locale `en_US` in provider `faker.providers.company`.
   759 Thread-3 05-16 04:57 faker.factory DEBUG    Looking for locale `en_US` in provider `faker.providers.company`.
   763 Thread-5 05-16 04:57 faker.factory DEBUG    Provider `faker.providers.color` has been localized to `en_US`.
   767 Thread-5 05-16 04:57 faker.factory DEBUG    Looking for locale `en_US` in provider `faker.providers.company`.
   771 Thread-6 05-16 04:57 faker.factory DEBUG    Provider `faker.providers.color` has been localized to `en_US`.
   776 Thread-7 05-16 04:57 faker.factory DEBUG    Provider `faker.providers.color` has been localized to `en_US`.
   776 Thread-6 05-16 04:57 faker.factory DEBUG    Looking for locale `en_US` in provider `faker.providers.company`.
   776 Thread-10 05-16 04:57 faker.factory DEBUG    Provider `faker.providers.color` has been localized to `en_US`.
   779 Thread-8 05-16 04:57 faker.factory DEBUG    Provider `faker.providers.color` has been localized to `en_US`.
   779 Thread-9 05-16 04:57 faker.factory DEBUG    Provider `faker.providers.color` has been localized to `en_US`.
   779 Thread-7 05-16 04:57 faker.factory DEBUG    Looking for locale `en_US` in provider `faker.providers.company`.
   783 Thread-10 05-16 04:57 faker.factory DEBUG    Looking for locale `en_US` in provider `faker.providers.company`.
   783 Thread-8 05-16 04:57 faker.factory DEBUG    Looking for locale `en_US` in provider `faker.providers.company`.
   783 Thread-9 05-16 04:57 faker.factory DEBUG    Looking for locale `en_US` in provider `faker.providers.company`.
   871 Thread-1 05-16 04:57 faker.factory DEBUG    Provider `faker.providers.company` has been localized to `en_US`.
   879 Thread-2 05-16 04:57 faker.factory DEBUG    Provider `faker.providers.company` has been localized to `en_US`.
   879 Thread-4 05-16 04:57 faker.factory DEBUG    Provider `faker.providers.company` has been localized to `en_US`.
   883 Thread-1 05-16 04:57 faker.factory DEBUG    Provider `faker.providers.credit_card` does not feature localization. Specified locale `en_US` is not utilized for this provider.
   888 Thread-2 05-16 04:57 faker.factory DEBUG    Provider `faker.providers.credit_card` does not feature localization. Specified locale `en_US` is not utilized for this provider.
   888 Thread-3 05-16 04:57 faker.factory DEBUG    Provider `faker.providers.company` has been localized to `en_US`.
   888 Thread-4 05-16 04:57 faker.factory DEBUG    Provider `faker.providers.credit_card` does not feature localization. Specified locale `en_US` is not utilized for this provider.
   888 Thread-1 05-16 04:57 faker.factory DEBUG    Provider `faker.providers.currency` does not feature localization. Specified locale `en_US` is not utilized for this provider.
   891 Thread-2 05-16 04:57 faker.factory DEBUG    Provider `faker.providers.currency` does not feature localization. Specified locale `en_US` is not utilized for this provider.
   891 Thread-3 05-16 04:57 faker.factory DEBUG    Provider `faker.providers.credit_card` does not feature localization. Specified locale `en_US` is not utilized for this provider.
   891 Thread-5 05-16 04:57 faker.factory DEBUG    Provider `faker.providers.company` has been localized to `en_US`.
   895 Thread-4 05-16 04:57 faker.factory DEBUG    Provider `faker.providers.currency` does not feature localization. Specified locale `en_US` is not utilized for this provider.
   895 Thread-1 05-16 04:57 faker.factory DEBUG    Looking for locale `en_US` in provider `faker.providers.date_time`.
   895 Thread-2 05-16 04:57 faker.factory DEBUG    Looking for locale `en_US` in provider `faker.providers.date_time`.
   895 Thread-3 05-16 04:57 faker.factory DEBUG    Provider `faker.providers.currency` does not feature localization. Specified locale `en_US` is not utilized for this provider.
   899 Thread-5 05-16 04:57 faker.factory DEBUG    Provider `faker.providers.credit_card` does not feature localization. Specified locale `en_US` is not utilized for this provider.
   899 Thread-6 05-16 04:57 faker.factory DEBUG    Provider `faker.providers.company` has been localized to `en_US`.
   899 Thread-4 05-16 04:57 faker.factory DEBUG    Looking for locale `en_US` in provider `faker.providers.date_time`.
   903 Thread-3 05-16 04:57 faker.factory DEBUG    Looking for locale `en_US` in provider `faker.providers.date_time`.
   903 Thread-5 05-16 04:57 faker.factory DEBUG    Provider `faker.providers.currency` does not feature localization. Specified locale `en_US` is not utilized for this provider.
   903 Thread-10 05-16 04:57 faker.factory DEBUG    Provider `faker.providers.company` has been localized to `en_US`.
   903 Thread-6 05-16 04:57 faker.factory DEBUG    Provider `faker.providers.credit_card` does not feature localization. Specified locale `en_US` is not utilized for this provider.
   903 Thread-7 05-16 04:57 faker.factory DEBUG    Provider `faker.providers.company` has been localized to `en_US`.
   907 Thread-8 05-16 04:57 faker.factory DEBUG    Provider `faker.providers.company` has been localized to `en_US`.
   907 Thread-5 05-16 04:57 faker.factory DEBUG    Looking for locale `en_US` in provider `faker.providers.date_time`.
   907 Thread-10 05-16 04:57 faker.factory DEBUG    Provider `faker.providers.credit_card` does not feature localization. Specified locale `en_US` is not utilized for this provider.
   907 Thread-9 05-16 04:57 faker.factory DEBUG    Provider `faker.providers.company` has been localized to `en_US`.
   907 Thread-6 05-16 04:57 faker.factory DEBUG    Provider `faker.providers.currency` does not feature localization. Specified locale `en_US` is not utilized for this provider.
   911 Thread-7 05-16 04:57 faker.factory DEBUG    Provider `faker.providers.credit_card` does not feature localization. Specified locale `en_US` is not utilized for this provider.
   911 Thread-8 05-16 04:57 faker.factory DEBUG    Provider `faker.providers.credit_card` does not feature localization. Specified locale `en_US` is not utilized for this provider.
   911 Thread-10 05-16 04:57 faker.factory DEBUG    Provider `faker.providers.currency` does not feature localization. Specified locale `en_US` is not utilized for this provider.
   915 Thread-9 05-16 04:57 faker.factory DEBUG    Provider `faker.providers.credit_card` does not feature localization. Specified locale `en_US` is not utilized for this provider.
   915 Thread-6 05-16 04:57 faker.factory DEBUG    Looking for locale `en_US` in provider `faker.providers.date_time`.
   915 Thread-7 05-16 04:57 faker.factory DEBUG    Provider `faker.providers.currency` does not feature localization. Specified locale `en_US` is not utilized for this provider.
   915 Thread-8 05-16 04:57 faker.factory DEBUG    Provider `faker.providers.currency` does not feature localization. Specified locale `en_US` is not utilized for this provider.
   919 Thread-10 05-16 04:57 faker.factory DEBUG    Looking for locale `en_US` in provider `faker.providers.date_time`.
   919 Thread-9 05-16 04:57 faker.factory DEBUG    Provider `faker.providers.currency` does not feature localization. Specified locale `en_US` is not utilized for this provider.
   923 Thread-7 05-16 04:57 faker.factory DEBUG    Looking for locale `en_US` in provider `faker.providers.date_time`.
   923 Thread-8 05-16 04:57 faker.factory DEBUG    Looking for locale `en_US` in provider `faker.providers.date_time`.
   927 Thread-9 05-16 04:57 faker.factory DEBUG    Looking for locale `en_US` in provider `faker.providers.date_time`.
   944 Thread-1 05-16 04:57 faker.factory DEBUG    Provider `faker.providers.date_time` has been localized to `en_US`.
   947 Thread-2 05-16 04:57 faker.factory DEBUG    Provider `faker.providers.date_time` has been localized to `en_US`.
   951 Thread-1 05-16 04:57 faker.factory DEBUG    Provider `faker.providers.file` does not feature localization. Specified locale `en_US` is not utilized for this provider.
   951 Thread-4 05-16 04:57 faker.factory DEBUG    Provider `faker.providers.date_time` has been localized to `en_US`.
   951 Thread-3 05-16 04:57 faker.factory DEBUG    Provider `faker.providers.date_time` has been localized to `en_US`.
   951 Thread-2 05-16 04:57 faker.factory DEBUG    Provider `faker.providers.file` does not feature localization. Specified locale `en_US` is not utilized for this provider.
   963 Thread-1 05-16 04:57 faker.factory DEBUG    Looking for locale `en_US` in provider `faker.providers.geo`.
   963 Thread-4 05-16 04:57 faker.factory DEBUG    Provider `faker.providers.file` does not feature localization. Specified locale `en_US` is not utilized for this provider.
   963 Thread-5 05-16 04:57 faker.factory DEBUG    Provider `faker.providers.date_time` has been localized to `en_US`.
   963 Thread-2 05-16 04:57 faker.factory DEBUG    Looking for locale `en_US` in provider `faker.providers.geo`.
   963 Thread-3 05-16 04:57 faker.factory DEBUG    Provider `faker.providers.file` does not feature localization. Specified locale `en_US` is not utilized for this provider.
   963 Thread-4 05-16 04:57 faker.factory DEBUG    Looking for locale `en_US` in provider `faker.providers.geo`.
   963 Thread-5 05-16 04:57 faker.factory DEBUG    Provider `faker.providers.file` does not feature localization. Specified locale `en_US` is not utilized for this provider.
   963 Thread-3 05-16 04:57 faker.factory DEBUG    Looking for locale `en_US` in provider `faker.providers.geo`.
   963 Thread-6 05-16 04:57 faker.factory DEBUG    Provider `faker.providers.date_time` has been localized to `en_US`.
   963 Thread-5 05-16 04:57 faker.factory DEBUG    Looking for locale `en_US` in provider `faker.providers.geo`.
   980 Thread-1 05-16 04:57 faker.factory DEBUG    Provider `faker.providers.geo` has been localized to `en_US`.
   980 Thread-10 05-16 04:57 faker.factory DEBUG    Provider `faker.providers.date_time` has been localized to `en_US`.
   980 Thread-6 05-16 04:57 faker.factory DEBUG    Provider `faker.providers.file` does not feature localization. Specified locale `en_US` is not utilized for this provider.
   980 Thread-7 05-16 04:57 faker.factory DEBUG    Provider `faker.providers.date_time` has been localized to `en_US`.
   980 Thread-8 05-16 04:57 faker.factory DEBUG    Provider `faker.providers.date_time` has been localized to `en_US`.
   980 Thread-9 05-16 04:57 faker.factory DEBUG    Provider `faker.providers.date_time` has been localized to `en_US`.
   980 Thread-1 05-16 04:57 faker.factory DEBUG    Looking for locale `en_US` in provider `faker.providers.internet`.
   980 Thread-2 05-16 04:57 faker.factory DEBUG    Provider `faker.providers.geo` has been localized to `en_US`.
   980 Thread-6 05-16 04:57 faker.factory DEBUG    Looking for locale `en_US` in provider `faker.providers.geo`.
   980 Thread-10 05-16 04:57 faker.factory DEBUG    Provider `faker.providers.file` does not feature localization. Specified locale `en_US` is not utilized for this provider.
   980 Thread-4 05-16 04:57 faker.factory DEBUG    Provider `faker.providers.geo` has been localized to `en_US`.
   980 Thread-7 05-16 04:57 faker.factory DEBUG    Provider `faker.providers.file` does not feature localization. Specified locale `en_US` is not utilized for this provider.
   980 Thread-8 05-16 04:57 faker.factory DEBUG    Provider `faker.providers.file` does not feature localization. Specified locale `en_US` is not utilized for this provider.
   980 Thread-3 05-16 04:57 faker.factory DEBUG    Provider `faker.providers.geo` has been localized to `en_US`.
   994 Thread-9 05-16 04:57 faker.factory DEBUG    Provider `faker.providers.file` does not feature localization. Specified locale `en_US` is not utilized for this provider.
   994 Thread-2 05-16 04:57 faker.factory DEBUG    Looking for locale `en_US` in provider `faker.providers.internet`.
   994 Thread-5 05-16 04:57 faker.factory DEBUG    Provider `faker.providers.geo` has been localized to `en_US`.
   994 Thread-10 05-16 04:57 faker.factory DEBUG    Looking for locale `en_US` in provider `faker.providers.geo`.
   994 Thread-4 05-16 04:57 faker.factory DEBUG    Looking for locale `en_US` in provider `faker.providers.internet`.
   994 Thread-7 05-16 04:57 faker.factory DEBUG    Looking for locale `en_US` in provider `faker.providers.geo`.
   994 Thread-8 05-16 04:57 faker.factory DEBUG    Looking for locale `en_US` in provider `faker.providers.geo`.
   994 Thread-3 05-16 04:57 faker.factory DEBUG    Looking for locale `en_US` in provider `faker.providers.internet`.
   994 Thread-9 05-16 04:57 faker.factory DEBUG    Looking for locale `en_US` in provider `faker.providers.geo`.
   994 Thread-5 05-16 04:57 faker.factory DEBUG    Looking for locale `en_US` in provider `faker.providers.internet`.
   994 Thread-6 05-16 04:57 faker.factory DEBUG    Provider `faker.providers.geo` has been localized to `en_US`.
   994 Thread-6 05-16 04:57 faker.factory DEBUG    Looking for locale `en_US` in provider `faker.providers.internet`.
  1010 Thread-10 05-16 04:57 faker.factory DEBUG    Provider `faker.providers.geo` has been localized to `en_US`.
  1010 Thread-7 05-16 04:57 faker.factory DEBUG    Provider `faker.providers.geo` has been localized to `en_US`.
  1010 Thread-8 05-16 04:57 faker.factory DEBUG    Provider `faker.providers.geo` has been localized to `en_US`.
  1010 Thread-10 05-16 04:57 faker.factory DEBUG    Looking for locale `en_US` in provider `faker.providers.internet`.
  1010 Thread-7 05-16 04:57 faker.factory DEBUG    Looking for locale `en_US` in provider `faker.providers.internet`.
  1010 Thread-9 05-16 04:57 faker.factory DEBUG    Provider `faker.providers.geo` has been localized to `en_US`.
  1010 Thread-8 05-16 04:57 faker.factory DEBUG    Looking for locale `en_US` in provider `faker.providers.internet`.
  1010 Thread-9 05-16 04:57 faker.factory DEBUG    Looking for locale `en_US` in provider `faker.providers.internet`.
  1094 Thread-1 05-16 04:57 faker.factory DEBUG    Provider `faker.providers.internet` has been localized to `en_US`.
  1094 Thread-1 05-16 04:57 faker.factory DEBUG    Provider `faker.providers.isbn` does not feature localization. Specified locale `en_US` is not utilized for this provider.
  1110 Thread-1 05-16 04:57 faker.factory DEBUG    Looking for locale `en_US` in provider `faker.providers.job`.
  1110 Thread-2 05-16 04:57 faker.factory DEBUG    Provider `faker.providers.internet` has been localized to `en_US`.
  1110 Thread-4 05-16 04:57 faker.factory DEBUG    Provider `faker.providers.internet` has been localized to `en_US`.
  1110 Thread-2 05-16 04:57 faker.factory DEBUG    Provider `faker.providers.isbn` does not feature localization. Specified locale `en_US` is not utilized for this provider.
  1110 Thread-2 05-16 04:57 faker.factory DEBUG    Looking for locale `en_US` in provider `faker.providers.job`.
  1110 Thread-3 05-16 04:57 faker.factory DEBUG    Provider `faker.providers.internet` has been localized to `en_US`.
  1110 Thread-4 05-16 04:57 faker.factory DEBUG    Provider `faker.providers.isbn` does not feature localization. Specified locale `en_US` is not utilized for this provider.
  1110 Thread-5 05-16 04:57 faker.factory DEBUG    Provider `faker.providers.internet` has been localized to `en_US`.
  1126 Thread-6 05-16 04:57 faker.factory DEBUG    Provider `faker.providers.internet` has been localized to `en_US`.
  1126 Thread-3 05-16 04:57 faker.factory DEBUG    Provider `faker.providers.isbn` does not feature localization. Specified locale `en_US` is not utilized for this provider.
  1126 Thread-4 05-16 04:57 faker.factory DEBUG    Looking for locale `en_US` in provider `faker.providers.job`.
  1126 Thread-5 05-16 04:57 faker.factory DEBUG    Provider `faker.providers.isbn` does not feature localization. Specified locale `en_US` is not utilized for this provider.
  1126 Thread-3 05-16 04:57 faker.factory DEBUG    Looking for locale `en_US` in provider `faker.providers.job`.
  1126 Thread-6 05-16 04:57 faker.factory DEBUG    Provider `faker.providers.isbn` does not feature localization. Specified locale `en_US` is not utilized for this provider.
  1126 Thread-5 05-16 04:57 faker.factory DEBUG    Looking for locale `en_US` in provider `faker.providers.job`.
  1126 Thread-10 05-16 04:57 faker.factory DEBUG    Provider `faker.providers.internet` has been localized to `en_US`.
  1126 Thread-7 05-16 04:57 faker.factory DEBUG    Provider `faker.providers.internet` has been localized to `en_US`.
  1126 Thread-6 05-16 04:57 faker.factory DEBUG    Looking for locale `en_US` in provider `faker.providers.job`.
  1126 Thread-8 05-16 04:57 faker.factory DEBUG    Provider `faker.providers.internet` has been localized to `en_US`.
  1141 Thread-9 05-16 04:57 faker.factory DEBUG    Provider `faker.providers.internet` has been localized to `en_US`.
  1141 Thread-10 05-16 04:57 faker.factory DEBUG    Provider `faker.providers.isbn` does not feature localization. Specified locale `en_US` is not utilized for this provider.
  1141 Thread-7 05-16 04:57 faker.factory DEBUG    Provider `faker.providers.isbn` does not feature localization. Specified locale `en_US` is not utilized for this provider.
  1141 Thread-8 05-16 04:57 faker.factory DEBUG    Provider `faker.providers.isbn` does not feature localization. Specified locale `en_US` is not utilized for this provider.
  1141 Thread-10 05-16 04:57 faker.factory DEBUG    Looking for locale `en_US` in provider `faker.providers.job`.
  1141 Thread-9 05-16 04:57 faker.factory DEBUG    Provider `faker.providers.isbn` does not feature localization. Specified locale `en_US` is not utilized for this provider.
  1141 Thread-7 05-16 04:57 faker.factory DEBUG    Looking for locale `en_US` in provider `faker.providers.job`.
  1141 Thread-8 05-16 04:57 faker.factory DEBUG    Looking for locale `en_US` in provider `faker.providers.job`.
  1141 Thread-9 05-16 04:57 faker.factory DEBUG    Looking for locale `en_US` in provider `faker.providers.job`.
  1179 Thread-1 05-16 04:57 faker.factory DEBUG    Provider `faker.providers.job` has been localized to `en_US`.
  1179 Thread-1 05-16 04:57 faker.factory DEBUG    Looking for locale `en_US` in provider `faker.providers.lorem`.
  1179 Thread-2 05-16 04:57 faker.factory DEBUG    Provider `faker.providers.job` has been localized to `en_US`.
  1195 Thread-2 05-16 04:57 faker.factory DEBUG    Looking for locale `en_US` in provider `faker.providers.lorem`.
  1195 Thread-4 05-16 04:57 faker.factory DEBUG    Provider `faker.providers.job` has been localized to `en_US`.
  1195 Thread-3 05-16 04:57 faker.factory DEBUG    Provider `faker.providers.job` has been localized to `en_US`.
  1195 Thread-4 05-16 04:57 faker.factory DEBUG    Looking for locale `en_US` in provider `faker.providers.lorem`.
  1210 Thread-3 05-16 04:57 faker.factory DEBUG    Looking for locale `en_US` in provider `faker.providers.lorem`.
  1210 Thread-5 05-16 04:57 faker.factory DEBUG    Provider `faker.providers.job` has been localized to `en_US`.
  1210 Thread-6 05-16 04:57 faker.factory DEBUG    Provider `faker.providers.job` has been localized to `en_US`.
  1210 Thread-5 05-16 04:57 faker.factory DEBUG    Looking for locale `en_US` in provider `faker.providers.lorem`.
  1210 Thread-6 05-16 04:57 faker.factory DEBUG    Looking for locale `en_US` in provider `faker.providers.lorem`.
  1226 Thread-10 05-16 04:57 faker.factory DEBUG    Provider `faker.providers.job` has been localized to `en_US`.
  1226 Thread-7 05-16 04:57 faker.factory DEBUG    Provider `faker.providers.job` has been localized to `en_US`.
  1226 Thread-10 05-16 04:57 faker.factory DEBUG    Looking for locale `en_US` in provider `faker.providers.lorem`.
  1226 Thread-8 05-16 04:57 faker.factory DEBUG    Provider `faker.providers.job` has been localized to `en_US`.
  1226 Thread-9 05-16 04:57 faker.factory DEBUG    Provider `faker.providers.job` has been localized to `en_US`.
  1226 Thread-7 05-16 04:57 faker.factory DEBUG    Looking for locale `en_US` in provider `faker.providers.lorem`.
  1226 Thread-8 05-16 04:57 faker.factory DEBUG    Looking for locale `en_US` in provider `faker.providers.lorem`.
  1226 Thread-9 05-16 04:57 faker.factory DEBUG    Looking for locale `en_US` in provider `faker.providers.lorem`.
  1242 Thread-1 05-16 04:57 faker.factory DEBUG    Provider `faker.providers.lorem` has been localized to `en_US`.
  1242 Thread-1 05-16 04:57 faker.factory DEBUG    Provider `faker.providers.misc` does not feature localization. Specified locale `en_US` is not utilized for this provider.
  1242 Thread-2 05-16 04:57 faker.factory DEBUG    Provider `faker.providers.lorem` has been localized to `en_US`.
  1257 Thread-1 05-16 04:57 faker.factory DEBUG    Looking for locale `en_US` in provider `faker.providers.person`.
  1257 Thread-2 05-16 04:57 faker.factory DEBUG    Provider `faker.providers.misc` does not feature localization. Specified locale `en_US` is not utilized for this provider.
  1264 Thread-2 05-16 04:57 faker.factory DEBUG    Looking for locale `en_US` in provider `faker.providers.person`.
  1264 Thread-4 05-16 04:57 faker.factory DEBUG    Provider `faker.providers.lorem` has been localized to `en_US`.
  1264 Thread-3 05-16 04:57 faker.factory DEBUG    Provider `faker.providers.lorem` has been localized to `en_US`.
  1264 Thread-4 05-16 04:57 faker.factory DEBUG    Provider `faker.providers.misc` does not feature localization. Specified locale `en_US` is not utilized for this provider.
  1264 Thread-3 05-16 04:57 faker.factory DEBUG    Provider `faker.providers.misc` does not feature localization. Specified locale `en_US` is not utilized for this provider.
  1264 Thread-5 05-16 04:57 faker.factory DEBUG    Provider `faker.providers.lorem` has been localized to `en_US`.
  1264 Thread-4 05-16 04:57 faker.factory DEBUG    Looking for locale `en_US` in provider `faker.providers.person`.
  1264 Thread-3 05-16 04:57 faker.factory DEBUG    Looking for locale `en_US` in provider `faker.providers.person`.
  1264 Thread-6 05-16 04:57 faker.factory DEBUG    Provider `faker.providers.lorem` has been localized to `en_US`.
  1264 Thread-5 05-16 04:57 faker.factory DEBUG    Provider `faker.providers.misc` does not feature localization. Specified locale `en_US` is not utilized for this provider.
  1279 Thread-6 05-16 04:57 faker.factory DEBUG    Provider `faker.providers.misc` does not feature localization. Specified locale `en_US` is not utilized for this provider.
  1279 Thread-5 05-16 04:57 faker.factory DEBUG    Looking for locale `en_US` in provider `faker.providers.person`.
  1279 Thread-10 05-16 04:57 faker.factory DEBUG    Provider `faker.providers.lorem` has been localized to `en_US`.
  1279 Thread-6 05-16 04:57 faker.factory DEBUG    Looking for locale `en_US` in provider `faker.providers.person`.
  1279 Thread-10 05-16 04:57 faker.factory DEBUG    Provider `faker.providers.misc` does not feature localization. Specified locale `en_US` is not utilized for this provider.
  1279 Thread-8 05-16 04:57 faker.factory DEBUG    Provider `faker.providers.lorem` has been localized to `en_US`.
  1279 Thread-7 05-16 04:57 faker.factory DEBUG    Provider `faker.providers.lorem` has been localized to `en_US`.
  1279 Thread-10 05-16 04:57 faker.factory DEBUG    Looking for locale `en_US` in provider `faker.providers.person`.
  1279 Thread-9 05-16 04:57 faker.factory DEBUG    Provider `faker.providers.lorem` has been localized to `en_US`.
  1279 Thread-8 05-16 04:57 faker.factory DEBUG    Provider `faker.providers.misc` does not feature localization. Specified locale `en_US` is not utilized for this provider.
  1279 Thread-7 05-16 04:57 faker.factory DEBUG    Provider `faker.providers.misc` does not feature localization. Specified locale `en_US` is not utilized for this provider.
  1296 Thread-9 05-16 04:57 faker.factory DEBUG    Provider `faker.providers.misc` does not feature localization. Specified locale `en_US` is not utilized for this provider.
  1296 Thread-8 05-16 04:57 faker.factory DEBUG    Looking for locale `en_US` in provider `faker.providers.person`.
  1296 Thread-7 05-16 04:57 faker.factory DEBUG    Looking for locale `en_US` in provider `faker.providers.person`.
  1296 Thread-9 05-16 04:57 faker.factory DEBUG    Looking for locale `en_US` in provider `faker.providers.person`.
  1426 Thread-1 05-16 04:57 faker.factory DEBUG    Provider `faker.providers.person` has been localized to `en_US`.
  1442 Thread-2 05-16 04:57 faker.factory DEBUG    Provider `faker.providers.person` has been localized to `en_US`.
  1464 Thread-4 05-16 04:57 faker.factory DEBUG    Provider `faker.providers.person` has been localized to `en_US`.
  1464 Thread-3 05-16 04:57 faker.factory DEBUG    Provider `faker.providers.person` has been localized to `en_US`.
  1464 Thread-5 05-16 04:57 faker.factory DEBUG    Provider `faker.providers.person` has been localized to `en_US`.
  1464 Thread-6 05-16 04:57 faker.factory DEBUG    Provider `faker.providers.person` has been localized to `en_US`.
  1480 Thread-10 05-16 04:57 faker.factory DEBUG    Provider `faker.providers.person` has been localized to `en_US`.
  1480 Thread-8 05-16 04:57 faker.factory DEBUG    Provider `faker.providers.person` has been localized to `en_US`.
  1480 Thread-7 05-16 04:57 faker.factory DEBUG    Provider `faker.providers.person` has been localized to `en_US`.
  1480 Thread-9 05-16 04:57 faker.factory DEBUG    Provider `faker.providers.person` has been localized to `en_US`.
  1480 Thread-1 05-16 04:57 faker.factory DEBUG    Looking for locale `en_US` in provider `faker.providers.phone_number`.
  1480 Thread-2 05-16 04:57 faker.factory DEBUG    Looking for locale `en_US` in provider `faker.providers.phone_number`.
  1480 Thread-4 05-16 04:57 faker.factory DEBUG    Looking for locale `en_US` in provider `faker.providers.phone_number`.
  1480 Thread-3 05-16 04:57 faker.factory DEBUG    Looking for locale `en_US` in provider `faker.providers.phone_number`.
  1480 Thread-5 05-16 04:57 faker.factory DEBUG    Looking for locale `en_US` in provider `faker.providers.phone_number`.
  1480 Thread-6 05-16 04:57 faker.factory DEBUG    Looking for locale `en_US` in provider `faker.providers.phone_number`.
  1480 Thread-10 05-16 04:57 faker.factory DEBUG    Looking for locale `en_US` in provider `faker.providers.phone_number`.
  1480 Thread-8 05-16 04:57 faker.factory DEBUG    Looking for locale `en_US` in provider `faker.providers.phone_number`.
  1480 Thread-7 05-16 04:57 faker.factory DEBUG    Looking for locale `en_US` in provider `faker.providers.phone_number`.
  1480 Thread-9 05-16 04:57 faker.factory DEBUG    Looking for locale `en_US` in provider `faker.providers.phone_number`.
  1665 Thread-1 05-16 04:57 faker.factory DEBUG    Provider `faker.providers.phone_number` has been localized to `en_US`.
  1665 Thread-4 05-16 04:57 faker.factory DEBUG    Provider `faker.providers.phone_number` has been localized to `en_US`.
  1665 Thread-1 05-16 04:57 faker.factory DEBUG    Provider `faker.providers.profile` does not feature localization. Specified locale `en_US` is not utilized for this provider.
  1665 Thread-2 05-16 04:57 faker.factory DEBUG    Provider `faker.providers.phone_number` has been localized to `en_US`.
  1665 Thread-5 05-16 04:57 faker.factory DEBUG    Provider `faker.providers.phone_number` has been localized to `en_US`.
  1665 Thread-3 05-16 04:57 faker.factory DEBUG    Provider `faker.providers.phone_number` has been localized to `en_US`.
  1665 Thread-6 05-16 04:57 faker.factory DEBUG    Provider `faker.providers.phone_number` has been localized to `en_US`.
  1665 Thread-4 05-16 04:57 faker.factory DEBUG    Provider `faker.providers.profile` does not feature localization. Specified locale `en_US` is not utilized for this provider.
  1665 Thread-10 05-16 04:57 faker.factory DEBUG    Provider `faker.providers.phone_number` has been localized to `en_US`.
  1665 Thread-1 05-16 04:57 faker.factory DEBUG    Provider `faker.providers.python` does not feature localization. Specified locale `en_US` is not utilized for this provider.
  1680 Thread-8 05-16 04:57 faker.factory DEBUG    Provider `faker.providers.phone_number` has been localized to `en_US`.
  1680 Thread-2 05-16 04:57 faker.factory DEBUG    Provider `faker.providers.profile` does not feature localization. Specified locale `en_US` is not utilized for this provider.
  1680 Thread-5 05-16 04:57 faker.factory DEBUG    Provider `faker.providers.profile` does not feature localization. Specified locale `en_US` is not utilized for this provider.
  1680 Thread-9 05-16 04:57 faker.factory DEBUG    Provider `faker.providers.phone_number` has been localized to `en_US`.
  1680 Thread-3 05-16 04:57 faker.factory DEBUG    Provider `faker.providers.profile` does not feature localization. Specified locale `en_US` is not utilized for this provider.
  1680 Thread-7 05-16 04:57 faker.factory DEBUG    Provider `faker.providers.phone_number` has been localized to `en_US`.
  1680 Thread-6 05-16 04:57 faker.factory DEBUG    Provider `faker.providers.profile` does not feature localization. Specified locale `en_US` is not utilized for this provider.
  1680 Thread-4 05-16 04:57 faker.factory DEBUG    Provider `faker.providers.python` does not feature localization. Specified locale `en_US` is not utilized for this provider.
  1680 Thread-10 05-16 04:57 faker.factory DEBUG    Provider `faker.providers.profile` does not feature localization. Specified locale `en_US` is not utilized for this provider.
  1680 Thread-1 05-16 04:57 faker.factory DEBUG    Looking for locale `en_US` in provider `faker.providers.ssn`.
  1680 Thread-8 05-16 04:57 faker.factory DEBUG    Provider `faker.providers.profile` does not feature localization. Specified locale `en_US` is not utilized for this provider.
  1680 Thread-2 05-16 04:57 faker.factory DEBUG    Provider `faker.providers.python` does not feature localization. Specified locale `en_US` is not utilized for this provider.
  1680 Thread-5 05-16 04:57 faker.factory DEBUG    Provider `faker.providers.python` does not feature localization. Specified locale `en_US` is not utilized for this provider.
  1680 Thread-9 05-16 04:57 faker.factory DEBUG    Provider `faker.providers.profile` does not feature localization. Specified locale `en_US` is not utilized for this provider.
  1680 Thread-3 05-16 04:57 faker.factory DEBUG    Provider `faker.providers.python` does not feature localization. Specified locale `en_US` is not utilized for this provider.
  1680 Thread-7 05-16 04:57 faker.factory DEBUG    Provider `faker.providers.profile` does not feature localization. Specified locale `en_US` is not utilized for this provider.
  1680 Thread-6 05-16 04:57 faker.factory DEBUG    Provider `faker.providers.python` does not feature localization. Specified locale `en_US` is not utilized for this provider.
  1680 Thread-4 05-16 04:57 faker.factory DEBUG    Looking for locale `en_US` in provider `faker.providers.ssn`.
  1680 Thread-10 05-16 04:57 faker.factory DEBUG    Provider `faker.providers.python` does not feature localization. Specified locale `en_US` is not utilized for this provider.
  1680 Thread-8 05-16 04:57 faker.factory DEBUG    Provider `faker.providers.python` does not feature localization. Specified locale `en_US` is not utilized for this provider.
  1680 Thread-2 05-16 04:57 faker.factory DEBUG    Looking for locale `en_US` in provider `faker.providers.ssn`.
  1680 Thread-5 05-16 04:57 faker.factory DEBUG    Looking for locale `en_US` in provider `faker.providers.ssn`.
  1680 Thread-9 05-16 04:57 faker.factory DEBUG    Provider `faker.providers.python` does not feature localization. Specified locale `en_US` is not utilized for this provider.
  1680 Thread-3 05-16 04:57 faker.factory DEBUG    Looking for locale `en_US` in provider `faker.providers.ssn`.
  1680 Thread-7 05-16 04:57 faker.factory DEBUG    Provider `faker.providers.python` does not feature localization. Specified locale `en_US` is not utilized for this provider.
  1680 Thread-6 05-16 04:57 faker.factory DEBUG    Looking for locale `en_US` in provider `faker.providers.ssn`.
  1680 Thread-10 05-16 04:57 faker.factory DEBUG    Looking for locale `en_US` in provider `faker.providers.ssn`.
  1680 Thread-8 05-16 04:57 faker.factory DEBUG    Looking for locale `en_US` in provider `faker.providers.ssn`.
  1680 Thread-9 05-16 04:57 faker.factory DEBUG    Looking for locale `en_US` in provider `faker.providers.ssn`.
  1680 Thread-7 05-16 04:57 faker.factory DEBUG    Looking for locale `en_US` in provider `faker.providers.ssn`.
  1827 Thread-1 05-16 04:57 faker.factory DEBUG    Provider `faker.providers.ssn` has been localized to `en_US`.
  1827 Thread-1 05-16 04:57 faker.factory DEBUG    Provider `faker.providers.user_agent` does not feature localization. Specified locale `en_US` is not utilized for this provider.
  1843 Thread-4 05-16 04:57 faker.factory DEBUG    Provider `faker.providers.ssn` has been localized to `en_US`.
  1843 Thread-2 05-16 04:57 faker.factory DEBUG    Provider `faker.providers.ssn` has been localized to `en_US`.
  1843 Thread-5 05-16 04:57 faker.factory DEBUG    Provider `faker.providers.ssn` has been localized to `en_US`.
  1843 Thread-4 05-16 04:57 faker.factory DEBUG    Provider `faker.providers.user_agent` does not feature localization. Specified locale `en_US` is not utilized for this provider.
  1843 Thread-2 05-16 04:57 faker.factory DEBUG    Provider `faker.providers.user_agent` does not feature localization. Specified locale `en_US` is not utilized for this provider.
  1843 Thread-5 05-16 04:57 faker.factory DEBUG    Provider `faker.providers.user_agent` does not feature localization. Specified locale `en_US` is not utilized for this provider.
  1843 Thread-3 05-16 04:57 faker.factory DEBUG    Provider `faker.providers.ssn` has been localized to `en_US`.
  1843 Thread-6 05-16 04:57 faker.factory DEBUG    Provider `faker.providers.ssn` has been localized to `en_US`.
  1843 Thread-10 05-16 04:57 faker.factory DEBUG    Provider `faker.providers.ssn` has been localized to `en_US`.
  1859 Thread-3 05-16 04:57 faker.factory DEBUG    Provider `faker.providers.user_agent` does not feature localization. Specified locale `en_US` is not utilized for this provider.
  1859 Thread-9 05-16 04:57 faker.factory DEBUG    Provider `faker.providers.ssn` has been localized to `en_US`.
  1859 Thread-6 05-16 04:57 faker.factory DEBUG    Provider `faker.providers.user_agent` does not feature localization. Specified locale `en_US` is not utilized for this provider.
  1859 Thread-10 05-16 04:57 faker.factory DEBUG    Provider `faker.providers.user_agent` does not feature localization. Specified locale `en_US` is not utilized for this provider.
  1859 Thread-8 05-16 04:57 faker.factory DEBUG    Provider `faker.providers.ssn` has been localized to `en_US`.
  1859 Thread-7 05-16 04:57 faker.factory DEBUG    Provider `faker.providers.ssn` has been localized to `en_US`.
  1859 Thread-9 05-16 04:57 faker.factory DEBUG    Provider `faker.providers.user_agent` does not feature localization. Specified locale `en_US` is not utilized for this provider.
  1865 Thread-8 05-16 04:57 faker.factory DEBUG    Provider `faker.providers.user_agent` does not feature localization. Specified locale `en_US` is not utilized for this provider.
  1865 Thread-7 05-16 04:57 faker.factory DEBUG    Provider `faker.providers.user_agent` does not feature localization. Specified locale `en_US` is not utilized for this provider.
  1960 Thread-5 05-16 04:57 root         INFO     Reading log file
  1960 Thread-4 05-16 04:57 root         INFO     Reading log file
  1965 Thread-3 05-16 04:57 root         INFO     Reading log file
  1965 Thread-10 05-16 04:57 root         INFO     Reading log file
  1965 Thread-6 05-16 04:57 root         INFO     Reading log file
  1965 Thread-8 05-16 04:57 root         INFO     Reading log file
  1965 Thread-2 05-16 04:57 root         INFO     Reading log file
  1981 Thread-9 05-16 04:57 root         INFO     Reading log file
  1981 Thread-1 05-16 04:57 root         INFO     Reading log file
  1981 Thread-7 05-16 04:57 root         INFO     Reading log file
  1981 MainThread 05-16 04:57 root         INFO     Report is generated at C:\Users\sushrut.holey\gitrepos\ThreadingExample\reports\report_16_05_2019_04_57.csv
