   410 Thread-1 05-16 04:48 faker.factory DEBUG    Looking for locale `en_US` in provider `faker.providers.address`.
   414 Thread-2 05-16 04:48 faker.factory DEBUG    Looking for locale `en_US` in provider `faker.providers.address`.
   414 Thread-3 05-16 04:48 faker.factory DEBUG    Looking for locale `en_US` in provider `faker.providers.address`.
   414 Thread-4 05-16 04:48 faker.factory DEBUG    Looking for locale `en_US` in provider `faker.providers.address`.
   417 Thread-5 05-16 04:48 faker.factory DEBUG    Looking for locale `en_US` in provider `faker.providers.address`.
   417 Thread-6 05-16 04:48 faker.factory DEBUG    Looking for locale `en_US` in provider `faker.providers.address`.
   421 Thread-7 05-16 04:48 faker.factory DEBUG    Looking for locale `en_US` in provider `faker.providers.address`.
   421 Thread-8 05-16 04:48 faker.factory DEBUG    Looking for locale `en_US` in provider `faker.providers.address`.
   426 Thread-9 05-16 04:48 faker.factory DEBUG    Looking for locale `en_US` in provider `faker.providers.address`.
   426 Thread-10 05-16 04:48 faker.factory DEBUG    Looking for locale `en_US` in provider `faker.providers.address`.
   582 Thread-1 05-16 04:48 faker.factory DEBUG    Provider `faker.providers.address` has been localized to `en_US`.
   582 Thread-2 05-16 04:48 faker.factory DEBUG    Provider `faker.providers.address` has been localized to `en_US`.
   594 Thread-3 05-16 04:48 faker.factory DEBUG    Provider `faker.providers.address` has been localized to `en_US`.
   598 Thread-4 05-16 04:48 faker.factory DEBUG    Provider `faker.providers.address` has been localized to `en_US`.
   598 Thread-2 05-16 04:48 faker.factory DEBUG    Looking for locale `en_US` in provider `faker.providers.automotive`.
   598 Thread-1 05-16 04:48 faker.factory DEBUG    Looking for locale `en_US` in provider `faker.providers.automotive`.
   601 Thread-3 05-16 04:48 faker.factory DEBUG    Looking for locale `en_US` in provider `faker.providers.automotive`.
   601 Thread-4 05-16 04:48 faker.factory DEBUG    Looking for locale `en_US` in provider `faker.providers.automotive`.
   605 Thread-5 05-16 04:48 faker.factory DEBUG    Provider `faker.providers.address` has been localized to `en_US`.
   605 Thread-6 05-16 04:48 faker.factory DEBUG    Provider `faker.providers.address` has been localized to `en_US`.
   605 Thread-7 05-16 04:48 faker.factory DEBUG    Provider `faker.providers.address` has been localized to `en_US`.
   605 Thread-8 05-16 04:48 faker.factory DEBUG    Provider `faker.providers.address` has been localized to `en_US`.
   610 Thread-9 05-16 04:48 faker.factory DEBUG    Provider `faker.providers.address` has been localized to `en_US`.
   610 Thread-5 05-16 04:48 faker.factory DEBUG    Looking for locale `en_US` in provider `faker.providers.automotive`.
   610 Thread-6 05-16 04:48 faker.factory DEBUG    Looking for locale `en_US` in provider `faker.providers.automotive`.
   610 Thread-7 05-16 04:48 faker.factory DEBUG    Looking for locale `en_US` in provider `faker.providers.automotive`.
   614 Thread-8 05-16 04:48 faker.factory DEBUG    Looking for locale `en_US` in provider `faker.providers.automotive`.
   614 Thread-9 05-16 04:48 faker.factory DEBUG    Looking for locale `en_US` in provider `faker.providers.automotive`.
   614 Thread-10 05-16 04:48 faker.factory DEBUG    Provider `faker.providers.address` has been localized to `en_US`.
   621 Thread-10 05-16 04:48 faker.factory DEBUG    Looking for locale `en_US` in provider `faker.providers.automotive`.
   661 Thread-2 05-16 04:48 faker.factory DEBUG    Provider `faker.providers.automotive` has been localized to `en_US`.
   666 Thread-1 05-16 04:48 faker.factory DEBUG    Provider `faker.providers.automotive` has been localized to `en_US`.
   670 Thread-3 05-16 04:48 faker.factory DEBUG    Provider `faker.providers.automotive` has been localized to `en_US`.
   674 Thread-2 05-16 04:48 faker.factory DEBUG    Looking for locale `en_US` in provider `faker.providers.bank`.
   674 Thread-4 05-16 04:48 faker.factory DEBUG    Provider `faker.providers.automotive` has been localized to `en_US`.
   674 Thread-1 05-16 04:48 faker.factory DEBUG    Looking for locale `en_US` in provider `faker.providers.bank`.
   677 Thread-3 05-16 04:48 faker.factory DEBUG    Looking for locale `en_US` in provider `faker.providers.bank`.
   681 Thread-4 05-16 04:48 faker.factory DEBUG    Looking for locale `en_US` in provider `faker.providers.bank`.
   681 Thread-5 05-16 04:48 faker.factory DEBUG    Provider `faker.providers.automotive` has been localized to `en_US`.
   686 Thread-6 05-16 04:48 faker.factory DEBUG    Provider `faker.providers.automotive` has been localized to `en_US`.
   686 Thread-7 05-16 04:48 faker.factory DEBUG    Provider `faker.providers.automotive` has been localized to `en_US`.
   686 Thread-5 05-16 04:48 faker.factory DEBUG    Looking for locale `en_US` in provider `faker.providers.bank`.
   686 Thread-8 05-16 04:48 faker.factory DEBUG    Provider `faker.providers.automotive` has been localized to `en_US`.
   686 Thread-9 05-16 04:48 faker.factory DEBUG    Provider `faker.providers.automotive` has been localized to `en_US`.
   690 Thread-6 05-16 04:48 faker.factory DEBUG    Looking for locale `en_US` in provider `faker.providers.bank`.
   690 Thread-7 05-16 04:48 faker.factory DEBUG    Looking for locale `en_US` in provider `faker.providers.bank`.
   694 Thread-8 05-16 04:48 faker.factory DEBUG    Looking for locale `en_US` in provider `faker.providers.bank`.
   694 Thread-9 05-16 04:48 faker.factory DEBUG    Looking for locale `en_US` in provider `faker.providers.bank`.
   694 Thread-10 05-16 04:48 faker.factory DEBUG    Provider `faker.providers.automotive` has been localized to `en_US`.
   697 Thread-10 05-16 04:48 faker.factory DEBUG    Looking for locale `en_US` in provider `faker.providers.bank`.
   710 Thread-2 05-16 04:48 faker.factory DEBUG    Specified locale `en_US` is not available for provider `faker.providers.bank`. Locale reset to `en_GB` for this provider.
   713 Thread-1 05-16 04:48 faker.factory DEBUG    Specified locale `en_US` is not available for provider `faker.providers.bank`. Locale reset to `en_GB` for this provider.
   717 Thread-3 05-16 04:48 faker.factory DEBUG    Specified locale `en_US` is not available for provider `faker.providers.bank`. Locale reset to `en_GB` for this provider.
   717 Thread-2 05-16 04:48 faker.factory DEBUG    Provider `faker.providers.barcode` does not feature localization. Specified locale `en_US` is not utilized for this provider.
   717 Thread-4 05-16 04:48 faker.factory DEBUG    Specified locale `en_US` is not available for provider `faker.providers.bank`. Locale reset to `en_GB` for this provider.
   722 Thread-1 05-16 04:48 faker.factory DEBUG    Provider `faker.providers.barcode` does not feature localization. Specified locale `en_US` is not utilized for this provider.
   726 Thread-3 05-16 04:48 faker.factory DEBUG    Provider `faker.providers.barcode` does not feature localization. Specified locale `en_US` is not utilized for this provider.
   726 Thread-2 05-16 04:48 faker.factory DEBUG    Looking for locale `en_US` in provider `faker.providers.color`.
   726 Thread-5 05-16 04:48 faker.factory DEBUG    Specified locale `en_US` is not available for provider `faker.providers.bank`. Locale reset to `en_GB` for this provider.
   726 Thread-4 05-16 04:48 faker.factory DEBUG    Provider `faker.providers.barcode` does not feature localization. Specified locale `en_US` is not utilized for this provider.
   726 Thread-1 05-16 04:48 faker.factory DEBUG    Looking for locale `en_US` in provider `faker.providers.color`.
   730 Thread-3 05-16 04:48 faker.factory DEBUG    Looking for locale `en_US` in provider `faker.providers.color`.
   730 Thread-7 05-16 04:48 faker.factory DEBUG    Specified locale `en_US` is not available for provider `faker.providers.bank`. Locale reset to `en_GB` for this provider.
   730 Thread-5 05-16 04:48 faker.factory DEBUG    Provider `faker.providers.barcode` does not feature localization. Specified locale `en_US` is not utilized for this provider.
   730 Thread-6 05-16 04:48 faker.factory DEBUG    Specified locale `en_US` is not available for provider `faker.providers.bank`. Locale reset to `en_GB` for this provider.
   730 Thread-8 05-16 04:48 faker.factory DEBUG    Specified locale `en_US` is not available for provider `faker.providers.bank`. Locale reset to `en_GB` for this provider.
   730 Thread-4 05-16 04:48 faker.factory DEBUG    Looking for locale `en_US` in provider `faker.providers.color`.
   730 Thread-9 05-16 04:48 faker.factory DEBUG    Specified locale `en_US` is not available for provider `faker.providers.bank`. Locale reset to `en_GB` for this provider.
   733 Thread-7 05-16 04:48 faker.factory DEBUG    Provider `faker.providers.barcode` does not feature localization. Specified locale `en_US` is not utilized for this provider.
   733 Thread-5 05-16 04:48 faker.factory DEBUG    Looking for locale `en_US` in provider `faker.providers.color`.
   733 Thread-6 05-16 04:48 faker.factory DEBUG    Provider `faker.providers.barcode` does not feature localization. Specified locale `en_US` is not utilized for this provider.
   737 Thread-10 05-16 04:48 faker.factory DEBUG    Specified locale `en_US` is not available for provider `faker.providers.bank`. Locale reset to `en_GB` for this provider.
   737 Thread-8 05-16 04:48 faker.factory DEBUG    Provider `faker.providers.barcode` does not feature localization. Specified locale `en_US` is not utilized for this provider.
   737 Thread-9 05-16 04:48 faker.factory DEBUG    Provider `faker.providers.barcode` does not feature localization. Specified locale `en_US` is not utilized for this provider.
   737 Thread-7 05-16 04:48 faker.factory DEBUG    Looking for locale `en_US` in provider `faker.providers.color`.
   742 Thread-6 05-16 04:48 faker.factory DEBUG    Looking for locale `en_US` in provider `faker.providers.color`.
   742 Thread-10 05-16 04:48 faker.factory DEBUG    Provider `faker.providers.barcode` does not feature localization. Specified locale `en_US` is not utilized for this provider.
   742 Thread-8 05-16 04:48 faker.factory DEBUG    Looking for locale `en_US` in provider `faker.providers.color`.
   742 Thread-9 05-16 04:48 faker.factory DEBUG    Looking for locale `en_US` in provider `faker.providers.color`.
   746 Thread-10 05-16 04:48 faker.factory DEBUG    Looking for locale `en_US` in provider `faker.providers.color`.
   757 Thread-2 05-16 04:48 faker.factory DEBUG    Provider `faker.providers.color` has been localized to `en_US`.
   762 Thread-1 05-16 04:48 faker.factory DEBUG    Provider `faker.providers.color` has been localized to `en_US`.
   766 Thread-3 05-16 04:48 faker.factory DEBUG    Provider `faker.providers.color` has been localized to `en_US`.
   766 Thread-2 05-16 04:48 faker.factory DEBUG    Looking for locale `en_US` in provider `faker.providers.company`.
   769 Thread-1 05-16 04:48 faker.factory DEBUG    Looking for locale `en_US` in provider `faker.providers.company`.
   773 Thread-3 05-16 04:48 faker.factory DEBUG    Looking for locale `en_US` in provider `faker.providers.company`.
   778 Thread-4 05-16 04:48 faker.factory DEBUG    Provider `faker.providers.color` has been localized to `en_US`.
   778 Thread-5 05-16 04:48 faker.factory DEBUG    Provider `faker.providers.color` has been localized to `en_US`.
   782 Thread-4 05-16 04:48 faker.factory DEBUG    Looking for locale `en_US` in provider `faker.providers.company`.
   786 Thread-5 05-16 04:48 faker.factory DEBUG    Looking for locale `en_US` in provider `faker.providers.company`.
   786 Thread-7 05-16 04:48 faker.factory DEBUG    Provider `faker.providers.color` has been localized to `en_US`.
   786 Thread-6 05-16 04:48 faker.factory DEBUG    Provider `faker.providers.color` has been localized to `en_US`.
   786 Thread-8 05-16 04:48 faker.factory DEBUG    Provider `faker.providers.color` has been localized to `en_US`.
   789 Thread-9 05-16 04:48 faker.factory DEBUG    Provider `faker.providers.color` has been localized to `en_US`.
   789 Thread-7 05-16 04:48 faker.factory DEBUG    Looking for locale `en_US` in provider `faker.providers.company`.
   789 Thread-6 05-16 04:48 faker.factory DEBUG    Looking for locale `en_US` in provider `faker.providers.company`.
   789 Thread-10 05-16 04:48 faker.factory DEBUG    Provider `faker.providers.color` has been localized to `en_US`.
   789 Thread-8 05-16 04:48 faker.factory DEBUG    Looking for locale `en_US` in provider `faker.providers.company`.
   793 Thread-9 05-16 04:48 faker.factory DEBUG    Looking for locale `en_US` in provider `faker.providers.company`.
   798 Thread-10 05-16 04:48 faker.factory DEBUG    Looking for locale `en_US` in provider `faker.providers.company`.
   865 Thread-2 05-16 04:48 faker.factory DEBUG    Provider `faker.providers.company` has been localized to `en_US`.
   865 Thread-1 05-16 04:48 faker.factory DEBUG    Provider `faker.providers.company` has been localized to `en_US`.
   874 Thread-3 05-16 04:48 faker.factory DEBUG    Provider `faker.providers.company` has been localized to `en_US`.
   878 Thread-2 05-16 04:48 faker.factory DEBUG    Provider `faker.providers.credit_card` does not feature localization. Specified locale `en_US` is not utilized for this provider.
   878 Thread-1 05-16 04:48 faker.factory DEBUG    Provider `faker.providers.credit_card` does not feature localization. Specified locale `en_US` is not utilized for this provider.
   881 Thread-3 05-16 04:48 faker.factory DEBUG    Provider `faker.providers.credit_card` does not feature localization. Specified locale `en_US` is not utilized for this provider.
   881 Thread-1 05-16 04:48 faker.factory DEBUG    Provider `faker.providers.currency` does not feature localization. Specified locale `en_US` is not utilized for this provider.
   881 Thread-2 05-16 04:48 faker.factory DEBUG    Provider `faker.providers.currency` does not feature localization. Specified locale `en_US` is not utilized for this provider.
   885 Thread-3 05-16 04:48 faker.factory DEBUG    Provider `faker.providers.currency` does not feature localization. Specified locale `en_US` is not utilized for this provider.
   890 Thread-1 05-16 04:48 faker.factory DEBUG    Looking for locale `en_US` in provider `faker.providers.date_time`.
   890 Thread-4 05-16 04:48 faker.factory DEBUG    Provider `faker.providers.company` has been localized to `en_US`.
   890 Thread-5 05-16 04:48 faker.factory DEBUG    Provider `faker.providers.company` has been localized to `en_US`.
   890 Thread-2 05-16 04:48 faker.factory DEBUG    Looking for locale `en_US` in provider `faker.providers.date_time`.
   890 Thread-3 05-16 04:48 faker.factory DEBUG    Looking for locale `en_US` in provider `faker.providers.date_time`.
   894 Thread-4 05-16 04:48 faker.factory DEBUG    Provider `faker.providers.credit_card` does not feature localization. Specified locale `en_US` is not utilized for this provider.
   894 Thread-5 05-16 04:48 faker.factory DEBUG    Provider `faker.providers.credit_card` does not feature localization. Specified locale `en_US` is not utilized for this provider.
   894 Thread-7 05-16 04:48 faker.factory DEBUG    Provider `faker.providers.company` has been localized to `en_US`.
   898 Thread-6 05-16 04:48 faker.factory DEBUG    Provider `faker.providers.company` has been localized to `en_US`.
   898 Thread-4 05-16 04:48 faker.factory DEBUG    Provider `faker.providers.currency` does not feature localization. Specified locale `en_US` is not utilized for this provider.
   898 Thread-8 05-16 04:48 faker.factory DEBUG    Provider `faker.providers.company` has been localized to `en_US`.
   898 Thread-5 05-16 04:48 faker.factory DEBUG    Provider `faker.providers.currency` does not feature localization. Specified locale `en_US` is not utilized for this provider.
   901 Thread-7 05-16 04:48 faker.factory DEBUG    Provider `faker.providers.credit_card` does not feature localization. Specified locale `en_US` is not utilized for this provider.
   901 Thread-9 05-16 04:48 faker.factory DEBUG    Provider `faker.providers.company` has been localized to `en_US`.
   901 Thread-6 05-16 04:48 faker.factory DEBUG    Provider `faker.providers.credit_card` does not feature localization. Specified locale `en_US` is not utilized for this provider.
   901 Thread-4 05-16 04:48 faker.factory DEBUG    Looking for locale `en_US` in provider `faker.providers.date_time`.
   901 Thread-8 05-16 04:48 faker.factory DEBUG    Provider `faker.providers.credit_card` does not feature localization. Specified locale `en_US` is not utilized for this provider.
   901 Thread-10 05-16 04:48 faker.factory DEBUG    Provider `faker.providers.company` has been localized to `en_US`.
   905 Thread-5 05-16 04:48 faker.factory DEBUG    Looking for locale `en_US` in provider `faker.providers.date_time`.
   905 Thread-7 05-16 04:48 faker.factory DEBUG    Provider `faker.providers.currency` does not feature localization. Specified locale `en_US` is not utilized for this provider.
   905 Thread-9 05-16 04:48 faker.factory DEBUG    Provider `faker.providers.credit_card` does not feature localization. Specified locale `en_US` is not utilized for this provider.
   905 Thread-6 05-16 04:48 faker.factory DEBUG    Provider `faker.providers.currency` does not feature localization. Specified locale `en_US` is not utilized for this provider.
   910 Thread-8 05-16 04:48 faker.factory DEBUG    Provider `faker.providers.currency` does not feature localization. Specified locale `en_US` is not utilized for this provider.
   910 Thread-10 05-16 04:48 faker.factory DEBUG    Provider `faker.providers.credit_card` does not feature localization. Specified locale `en_US` is not utilized for this provider.
   910 Thread-7 05-16 04:48 faker.factory DEBUG    Looking for locale `en_US` in provider `faker.providers.date_time`.
   910 Thread-9 05-16 04:48 faker.factory DEBUG    Provider `faker.providers.currency` does not feature localization. Specified locale `en_US` is not utilized for this provider.
   914 Thread-6 05-16 04:48 faker.factory DEBUG    Looking for locale `en_US` in provider `faker.providers.date_time`.
   914 Thread-8 05-16 04:48 faker.factory DEBUG    Looking for locale `en_US` in provider `faker.providers.date_time`.
   914 Thread-10 05-16 04:48 faker.factory DEBUG    Provider `faker.providers.currency` does not feature localization. Specified locale `en_US` is not utilized for this provider.
   917 Thread-9 05-16 04:48 faker.factory DEBUG    Looking for locale `en_US` in provider `faker.providers.date_time`.
   921 Thread-10 05-16 04:48 faker.factory DEBUG    Looking for locale `en_US` in provider `faker.providers.date_time`.
   930 Thread-1 05-16 04:48 faker.factory DEBUG    Provider `faker.providers.date_time` has been localized to `en_US`.
   937 Thread-2 05-16 04:48 faker.factory DEBUG    Provider `faker.providers.date_time` has been localized to `en_US`.
   937 Thread-1 05-16 04:48 faker.factory DEBUG    Provider `faker.providers.file` does not feature localization. Specified locale `en_US` is not utilized for this provider.
   937 Thread-3 05-16 04:48 faker.factory DEBUG    Provider `faker.providers.date_time` has been localized to `en_US`.
   941 Thread-1 05-16 04:48 faker.factory DEBUG    Looking for locale `en_US` in provider `faker.providers.geo`.
   946 Thread-2 05-16 04:48 faker.factory DEBUG    Provider `faker.providers.file` does not feature localization. Specified locale `en_US` is not utilized for this provider.
   946 Thread-3 05-16 04:48 faker.factory DEBUG    Provider `faker.providers.file` does not feature localization. Specified locale `en_US` is not utilized for this provider.
   950 Thread-2 05-16 04:48 faker.factory DEBUG    Looking for locale `en_US` in provider `faker.providers.geo`.
   950 Thread-3 05-16 04:48 faker.factory DEBUG    Looking for locale `en_US` in provider `faker.providers.geo`.
   953 Thread-4 05-16 04:48 faker.factory DEBUG    Provider `faker.providers.date_time` has been localized to `en_US`.
   957 Thread-5 05-16 04:48 faker.factory DEBUG    Provider `faker.providers.date_time` has been localized to `en_US`.
   962 Thread-4 05-16 04:48 faker.factory DEBUG    Provider `faker.providers.file` does not feature localization. Specified locale `en_US` is not utilized for this provider.
   966 Thread-1 05-16 04:48 faker.factory DEBUG    Provider `faker.providers.geo` has been localized to `en_US`.
   966 Thread-7 05-16 04:48 faker.factory DEBUG    Provider `faker.providers.date_time` has been localized to `en_US`.
   966 Thread-4 05-16 04:48 faker.factory DEBUG    Looking for locale `en_US` in provider `faker.providers.geo`.
   966 Thread-5 05-16 04:48 faker.factory DEBUG    Provider `faker.providers.file` does not feature localization. Specified locale `en_US` is not utilized for this provider.
   970 Thread-8 05-16 04:48 faker.factory DEBUG    Provider `faker.providers.date_time` has been localized to `en_US`.
   970 Thread-2 05-16 04:48 faker.factory DEBUG    Provider `faker.providers.geo` has been localized to `en_US`.
   970 Thread-6 05-16 04:48 faker.factory DEBUG    Provider `faker.providers.date_time` has been localized to `en_US`.
   970 Thread-1 05-16 04:48 faker.factory DEBUG    Looking for locale `en_US` in provider `faker.providers.internet`.
   973 Thread-3 05-16 04:48 faker.factory DEBUG    Provider `faker.providers.geo` has been localized to `en_US`.
   973 Thread-7 05-16 04:48 faker.factory DEBUG    Provider `faker.providers.file` does not feature localization. Specified locale `en_US` is not utilized for this provider.
   973 Thread-5 05-16 04:48 faker.factory DEBUG    Looking for locale `en_US` in provider `faker.providers.geo`.
   977 Thread-9 05-16 04:48 faker.factory DEBUG    Provider `faker.providers.date_time` has been localized to `en_US`.
   977 Thread-2 05-16 04:48 faker.factory DEBUG    Looking for locale `en_US` in provider `faker.providers.internet`.
   977 Thread-8 05-16 04:48 faker.factory DEBUG    Provider `faker.providers.file` does not feature localization. Specified locale `en_US` is not utilized for this provider.
   977 Thread-10 05-16 04:48 faker.factory DEBUG    Provider `faker.providers.date_time` has been localized to `en_US`.
   977 Thread-6 05-16 04:48 faker.factory DEBUG    Provider `faker.providers.file` does not feature localization. Specified locale `en_US` is not utilized for this provider.
   977 Thread-3 05-16 04:48 faker.factory DEBUG    Looking for locale `en_US` in provider `faker.providers.internet`.
   982 Thread-7 05-16 04:48 faker.factory DEBUG    Looking for locale `en_US` in provider `faker.providers.geo`.
   982 Thread-9 05-16 04:48 faker.factory DEBUG    Provider `faker.providers.file` does not feature localization. Specified locale `en_US` is not utilized for this provider.
   982 Thread-8 05-16 04:48 faker.factory DEBUG    Looking for locale `en_US` in provider `faker.providers.geo`.
   982 Thread-4 05-16 04:48 faker.factory DEBUG    Provider `faker.providers.geo` has been localized to `en_US`.
   986 Thread-10 05-16 04:48 faker.factory DEBUG    Provider `faker.providers.file` does not feature localization. Specified locale `en_US` is not utilized for this provider.
   986 Thread-6 05-16 04:48 faker.factory DEBUG    Looking for locale `en_US` in provider `faker.providers.geo`.
   986 Thread-9 05-16 04:48 faker.factory DEBUG    Looking for locale `en_US` in provider `faker.providers.geo`.
   990 Thread-4 05-16 04:48 faker.factory DEBUG    Looking for locale `en_US` in provider `faker.providers.internet`.
   990 Thread-5 05-16 04:48 faker.factory DEBUG    Provider `faker.providers.geo` has been localized to `en_US`.
   990 Thread-10 05-16 04:48 faker.factory DEBUG    Looking for locale `en_US` in provider `faker.providers.geo`.
   993 Thread-5 05-16 04:48 faker.factory DEBUG    Looking for locale `en_US` in provider `faker.providers.internet`.
   997 Thread-7 05-16 04:48 faker.factory DEBUG    Provider `faker.providers.geo` has been localized to `en_US`.
   997 Thread-8 05-16 04:48 faker.factory DEBUG    Provider `faker.providers.geo` has been localized to `en_US`.
  1002 Thread-7 05-16 04:48 faker.factory DEBUG    Looking for locale `en_US` in provider `faker.providers.internet`.
  1002 Thread-6 05-16 04:48 faker.factory DEBUG    Provider `faker.providers.geo` has been localized to `en_US`.
  1002 Thread-8 05-16 04:48 faker.factory DEBUG    Looking for locale `en_US` in provider `faker.providers.internet`.
  1002 Thread-9 05-16 04:48 faker.factory DEBUG    Provider `faker.providers.geo` has been localized to `en_US`.
  1006 Thread-10 05-16 04:48 faker.factory DEBUG    Provider `faker.providers.geo` has been localized to `en_US`.
  1006 Thread-6 05-16 04:48 faker.factory DEBUG    Looking for locale `en_US` in provider `faker.providers.internet`.
  1009 Thread-9 05-16 04:48 faker.factory DEBUG    Looking for locale `en_US` in provider `faker.providers.internet`.
  1009 Thread-10 05-16 04:48 faker.factory DEBUG    Looking for locale `en_US` in provider `faker.providers.internet`.
  1082 Thread-1 05-16 04:48 faker.factory DEBUG    Provider `faker.providers.internet` has been localized to `en_US`.
  1082 Thread-2 05-16 04:48 faker.factory DEBUG    Provider `faker.providers.internet` has been localized to `en_US`.
  1082 Thread-1 05-16 04:48 faker.factory DEBUG    Provider `faker.providers.isbn` does not feature localization. Specified locale `en_US` is not utilized for this provider.
  1097 Thread-1 05-16 04:48 faker.factory DEBUG    Looking for locale `en_US` in provider `faker.providers.job`.
  1097 Thread-2 05-16 04:48 faker.factory DEBUG    Provider `faker.providers.isbn` does not feature localization. Specified locale `en_US` is not utilized for this provider.
  1097 Thread-3 05-16 04:48 faker.factory DEBUG    Provider `faker.providers.internet` has been localized to `en_US`.
  1097 Thread-2 05-16 04:48 faker.factory DEBUG    Looking for locale `en_US` in provider `faker.providers.job`.
  1097 Thread-3 05-16 04:48 faker.factory DEBUG    Provider `faker.providers.isbn` does not feature localization. Specified locale `en_US` is not utilized for this provider.
  1097 Thread-4 05-16 04:48 faker.factory DEBUG    Provider `faker.providers.internet` has been localized to `en_US`.
  1097 Thread-3 05-16 04:48 faker.factory DEBUG    Looking for locale `en_US` in provider `faker.providers.job`.
  1112 Thread-5 05-16 04:48 faker.factory DEBUG    Provider `faker.providers.internet` has been localized to `en_US`.
  1112 Thread-4 05-16 04:48 faker.factory DEBUG    Provider `faker.providers.isbn` does not feature localization. Specified locale `en_US` is not utilized for this provider.
  1112 Thread-4 05-16 04:48 faker.factory DEBUG    Looking for locale `en_US` in provider `faker.providers.job`.
  1112 Thread-5 05-16 04:48 faker.factory DEBUG    Provider `faker.providers.isbn` does not feature localization. Specified locale `en_US` is not utilized for this provider.
  1112 Thread-7 05-16 04:48 faker.factory DEBUG    Provider `faker.providers.internet` has been localized to `en_US`.
  1112 Thread-8 05-16 04:48 faker.factory DEBUG    Provider `faker.providers.internet` has been localized to `en_US`.
  1112 Thread-5 05-16 04:48 faker.factory DEBUG    Looking for locale `en_US` in provider `faker.providers.job`.
  1112 Thread-7 05-16 04:48 faker.factory DEBUG    Provider `faker.providers.isbn` does not feature localization. Specified locale `en_US` is not utilized for this provider.
  1128 Thread-6 05-16 04:48 faker.factory DEBUG    Provider `faker.providers.internet` has been localized to `en_US`.
  1128 Thread-9 05-16 04:48 faker.factory DEBUG    Provider `faker.providers.internet` has been localized to `en_US`.
  1128 Thread-8 05-16 04:48 faker.factory DEBUG    Provider `faker.providers.isbn` does not feature localization. Specified locale `en_US` is not utilized for this provider.
  1128 Thread-7 05-16 04:48 faker.factory DEBUG    Looking for locale `en_US` in provider `faker.providers.job`.
  1128 Thread-10 05-16 04:48 faker.factory DEBUG    Provider `faker.providers.internet` has been localized to `en_US`.
  1128 Thread-6 05-16 04:48 faker.factory DEBUG    Provider `faker.providers.isbn` does not feature localization. Specified locale `en_US` is not utilized for this provider.
  1128 Thread-8 05-16 04:48 faker.factory DEBUG    Looking for locale `en_US` in provider `faker.providers.job`.
  1128 Thread-9 05-16 04:48 faker.factory DEBUG    Provider `faker.providers.isbn` does not feature localization. Specified locale `en_US` is not utilized for this provider.
  1128 Thread-6 05-16 04:48 faker.factory DEBUG    Looking for locale `en_US` in provider `faker.providers.job`.
  1128 Thread-10 05-16 04:48 faker.factory DEBUG    Provider `faker.providers.isbn` does not feature localization. Specified locale `en_US` is not utilized for this provider.
  1128 Thread-9 05-16 04:48 faker.factory DEBUG    Looking for locale `en_US` in provider `faker.providers.job`.
  1128 Thread-10 05-16 04:48 faker.factory DEBUG    Looking for locale `en_US` in provider `faker.providers.job`.
  1160 Thread-1 05-16 04:48 faker.factory DEBUG    Provider `faker.providers.job` has been localized to `en_US`.
  1160 Thread-2 05-16 04:48 faker.factory DEBUG    Provider `faker.providers.job` has been localized to `en_US`.
  1160 Thread-1 05-16 04:48 faker.factory DEBUG    Looking for locale `en_US` in provider `faker.providers.lorem`.
  1176 Thread-2 05-16 04:48 faker.factory DEBUG    Looking for locale `en_US` in provider `faker.providers.lorem`.
  1181 Thread-3 05-16 04:48 faker.factory DEBUG    Provider `faker.providers.job` has been localized to `en_US`.
  1181 Thread-3 05-16 04:48 faker.factory DEBUG    Looking for locale `en_US` in provider `faker.providers.lorem`.
  1181 Thread-4 05-16 04:48 faker.factory DEBUG    Provider `faker.providers.job` has been localized to `en_US`.
  1197 Thread-4 05-16 04:48 faker.factory DEBUG    Looking for locale `en_US` in provider `faker.providers.lorem`.
  1197 Thread-5 05-16 04:48 faker.factory DEBUG    Provider `faker.providers.job` has been localized to `en_US`.
  1197 Thread-5 05-16 04:48 faker.factory DEBUG    Looking for locale `en_US` in provider `faker.providers.lorem`.
  1197 Thread-7 05-16 04:48 faker.factory DEBUG    Provider `faker.providers.job` has been localized to `en_US`.
  1213 Thread-7 05-16 04:48 faker.factory DEBUG    Looking for locale `en_US` in provider `faker.providers.lorem`.
  1213 Thread-8 05-16 04:48 faker.factory DEBUG    Provider `faker.providers.job` has been localized to `en_US`.
  1213 Thread-6 05-16 04:48 faker.factory DEBUG    Provider `faker.providers.job` has been localized to `en_US`.
  1213 Thread-8 05-16 04:48 faker.factory DEBUG    Looking for locale `en_US` in provider `faker.providers.lorem`.
  1213 Thread-9 05-16 04:48 faker.factory DEBUG    Provider `faker.providers.job` has been localized to `en_US`.
  1213 Thread-6 05-16 04:48 faker.factory DEBUG    Looking for locale `en_US` in provider `faker.providers.lorem`.
  1213 Thread-9 05-16 04:48 faker.factory DEBUG    Looking for locale `en_US` in provider `faker.providers.lorem`.
  1213 Thread-10 05-16 04:48 faker.factory DEBUG    Provider `faker.providers.job` has been localized to `en_US`.
  1229 Thread-1 05-16 04:48 faker.factory DEBUG    Provider `faker.providers.lorem` has been localized to `en_US`.
  1229 Thread-10 05-16 04:48 faker.factory DEBUG    Looking for locale `en_US` in provider `faker.providers.lorem`.
  1229 Thread-2 05-16 04:48 faker.factory DEBUG    Provider `faker.providers.lorem` has been localized to `en_US`.
  1229 Thread-1 05-16 04:48 faker.factory DEBUG    Provider `faker.providers.misc` does not feature localization. Specified locale `en_US` is not utilized for this provider.
  1245 Thread-2 05-16 04:48 faker.factory DEBUG    Provider `faker.providers.misc` does not feature localization. Specified locale `en_US` is not utilized for this provider.
  1245 Thread-1 05-16 04:48 faker.factory DEBUG    Looking for locale `en_US` in provider `faker.providers.person`.
  1245 Thread-3 05-16 04:48 faker.factory DEBUG    Provider `faker.providers.lorem` has been localized to `en_US`.
  1245 Thread-2 05-16 04:48 faker.factory DEBUG    Looking for locale `en_US` in provider `faker.providers.person`.
  1245 Thread-3 05-16 04:48 faker.factory DEBUG    Provider `faker.providers.misc` does not feature localization. Specified locale `en_US` is not utilized for this provider.
  1245 Thread-4 05-16 04:48 faker.factory DEBUG    Provider `faker.providers.lorem` has been localized to `en_US`.
  1259 Thread-3 05-16 04:48 faker.factory DEBUG    Looking for locale `en_US` in provider `faker.providers.person`.
  1259 Thread-4 05-16 04:48 faker.factory DEBUG    Provider `faker.providers.misc` does not feature localization. Specified locale `en_US` is not utilized for this provider.
  1259 Thread-5 05-16 04:48 faker.factory DEBUG    Provider `faker.providers.lorem` has been localized to `en_US`.
  1259 Thread-4 05-16 04:48 faker.factory DEBUG    Looking for locale `en_US` in provider `faker.providers.person`.
  1259 Thread-5 05-16 04:48 faker.factory DEBUG    Provider `faker.providers.misc` does not feature localization. Specified locale `en_US` is not utilized for this provider.
  1259 Thread-7 05-16 04:48 faker.factory DEBUG    Provider `faker.providers.lorem` has been localized to `en_US`.
  1259 Thread-5 05-16 04:48 faker.factory DEBUG    Looking for locale `en_US` in provider `faker.providers.person`.
  1276 Thread-7 05-16 04:48 faker.factory DEBUG    Provider `faker.providers.misc` does not feature localization. Specified locale `en_US` is not utilized for this provider.
  1276 Thread-8 05-16 04:48 faker.factory DEBUG    Provider `faker.providers.lorem` has been localized to `en_US`.
  1276 Thread-6 05-16 04:48 faker.factory DEBUG    Provider `faker.providers.lorem` has been localized to `en_US`.
  1276 Thread-7 05-16 04:48 faker.factory DEBUG    Looking for locale `en_US` in provider `faker.providers.person`.
  1282 Thread-8 05-16 04:48 faker.factory DEBUG    Provider `faker.providers.misc` does not feature localization. Specified locale `en_US` is not utilized for this provider.
  1276 Thread-9 05-16 04:48 faker.factory DEBUG    Provider `faker.providers.lorem` has been localized to `en_US`.
  1282 Thread-6 05-16 04:48 faker.factory DEBUG    Provider `faker.providers.misc` does not feature localization. Specified locale `en_US` is not utilized for this provider.
  1282 Thread-8 05-16 04:48 faker.factory DEBUG    Looking for locale `en_US` in provider `faker.providers.person`.
  1282 Thread-9 05-16 04:48 faker.factory DEBUG    Provider `faker.providers.misc` does not feature localization. Specified locale `en_US` is not utilized for this provider.
  1282 Thread-6 05-16 04:48 faker.factory DEBUG    Looking for locale `en_US` in provider `faker.providers.person`.
  1282 Thread-10 05-16 04:48 faker.factory DEBUG    Provider `faker.providers.lorem` has been localized to `en_US`.
  1282 Thread-9 05-16 04:48 faker.factory DEBUG    Looking for locale `en_US` in provider `faker.providers.person`.
  1282 Thread-10 05-16 04:48 faker.factory DEBUG    Provider `faker.providers.misc` does not feature localization. Specified locale `en_US` is not utilized for this provider.
  1282 Thread-10 05-16 04:48 faker.factory DEBUG    Looking for locale `en_US` in provider `faker.providers.person`.
  1414 Thread-1 05-16 04:48 faker.factory DEBUG    Provider `faker.providers.person` has been localized to `en_US`.
  1428 Thread-2 05-16 04:48 faker.factory DEBUG    Provider `faker.providers.person` has been localized to `en_US`.
  1444 Thread-3 05-16 04:48 faker.factory DEBUG    Provider `faker.providers.person` has been localized to `en_US`.
  1444 Thread-4 05-16 04:48 faker.factory DEBUG    Provider `faker.providers.person` has been localized to `en_US`.
  1460 Thread-5 05-16 04:48 faker.factory DEBUG    Provider `faker.providers.person` has been localized to `en_US`.
  1460 Thread-7 05-16 04:48 faker.factory DEBUG    Provider `faker.providers.person` has been localized to `en_US`.
  1460 Thread-8 05-16 04:48 faker.factory DEBUG    Provider `faker.providers.person` has been localized to `en_US`.
  1460 Thread-6 05-16 04:48 faker.factory DEBUG    Provider `faker.providers.person` has been localized to `en_US`.
  1460 Thread-9 05-16 04:48 faker.factory DEBUG    Provider `faker.providers.person` has been localized to `en_US`.
  1476 Thread-10 05-16 04:48 faker.factory DEBUG    Provider `faker.providers.person` has been localized to `en_US`.
  1476 Thread-1 05-16 04:48 faker.factory DEBUG    Looking for locale `en_US` in provider `faker.providers.phone_number`.
  1483 Thread-2 05-16 04:48 faker.factory DEBUG    Looking for locale `en_US` in provider `faker.providers.phone_number`.
  1483 Thread-3 05-16 04:48 faker.factory DEBUG    Looking for locale `en_US` in provider `faker.providers.phone_number`.
  1483 Thread-4 05-16 04:48 faker.factory DEBUG    Looking for locale `en_US` in provider `faker.providers.phone_number`.
  1483 Thread-5 05-16 04:48 faker.factory DEBUG    Looking for locale `en_US` in provider `faker.providers.phone_number`.
  1483 Thread-7 05-16 04:48 faker.factory DEBUG    Looking for locale `en_US` in provider `faker.providers.phone_number`.
  1483 Thread-8 05-16 04:48 faker.factory DEBUG    Looking for locale `en_US` in provider `faker.providers.phone_number`.
  1483 Thread-6 05-16 04:48 faker.factory DEBUG    Looking for locale `en_US` in provider `faker.providers.phone_number`.
  1483 Thread-9 05-16 04:48 faker.factory DEBUG    Looking for locale `en_US` in provider `faker.providers.phone_number`.
  1483 Thread-10 05-16 04:48 faker.factory DEBUG    Looking for locale `en_US` in provider `faker.providers.phone_number`.
  1645 Thread-1 05-16 04:48 faker.factory DEBUG    Provider `faker.providers.phone_number` has been localized to `en_US`.
  1645 Thread-1 05-16 04:48 faker.factory DEBUG    Provider `faker.providers.profile` does not feature localization. Specified locale `en_US` is not utilized for this provider.
  1661 Thread-1 05-16 04:48 faker.factory DEBUG    Provider `faker.providers.python` does not feature localization. Specified locale `en_US` is not utilized for this provider.
  1661 Thread-4 05-16 04:48 faker.factory DEBUG    Provider `faker.providers.phone_number` has been localized to `en_US`.
  1661 Thread-2 05-16 04:48 faker.factory DEBUG    Provider `faker.providers.phone_number` has been localized to `en_US`.
  1661 Thread-3 05-16 04:48 faker.factory DEBUG    Provider `faker.providers.phone_number` has been localized to `en_US`.
  1661 Thread-7 05-16 04:48 faker.factory DEBUG    Provider `faker.providers.phone_number` has been localized to `en_US`.
  1661 Thread-1 05-16 04:48 faker.factory DEBUG    Looking for locale `en_US` in provider `faker.providers.ssn`.
  1661 Thread-5 05-16 04:48 faker.factory DEBUG    Provider `faker.providers.phone_number` has been localized to `en_US`.
  1661 Thread-4 05-16 04:48 faker.factory DEBUG    Provider `faker.providers.profile` does not feature localization. Specified locale `en_US` is not utilized for this provider.
  1661 Thread-2 05-16 04:48 faker.factory DEBUG    Provider `faker.providers.profile` does not feature localization. Specified locale `en_US` is not utilized for this provider.
  1661 Thread-3 05-16 04:48 faker.factory DEBUG    Provider `faker.providers.profile` does not feature localization. Specified locale `en_US` is not utilized for this provider.
  1661 Thread-10 05-16 04:48 faker.factory DEBUG    Provider `faker.providers.phone_number` has been localized to `en_US`.
  1677 Thread-7 05-16 04:48 faker.factory DEBUG    Provider `faker.providers.profile` does not feature localization. Specified locale `en_US` is not utilized for this provider.
  1677 Thread-8 05-16 04:48 faker.factory DEBUG    Provider `faker.providers.phone_number` has been localized to `en_US`.
  1677 Thread-6 05-16 04:48 faker.factory DEBUG    Provider `faker.providers.phone_number` has been localized to `en_US`.
  1677 Thread-5 05-16 04:48 faker.factory DEBUG    Provider `faker.providers.profile` does not feature localization. Specified locale `en_US` is not utilized for this provider.
  1677 Thread-9 05-16 04:48 faker.factory DEBUG    Provider `faker.providers.phone_number` has been localized to `en_US`.
  1677 Thread-4 05-16 04:48 faker.factory DEBUG    Provider `faker.providers.python` does not feature localization. Specified locale `en_US` is not utilized for this provider.
  1677 Thread-2 05-16 04:48 faker.factory DEBUG    Provider `faker.providers.python` does not feature localization. Specified locale `en_US` is not utilized for this provider.
  1677 Thread-3 05-16 04:48 faker.factory DEBUG    Provider `faker.providers.python` does not feature localization. Specified locale `en_US` is not utilized for this provider.
  1677 Thread-10 05-16 04:48 faker.factory DEBUG    Provider `faker.providers.profile` does not feature localization. Specified locale `en_US` is not utilized for this provider.
  1677 Thread-7 05-16 04:48 faker.factory DEBUG    Provider `faker.providers.python` does not feature localization. Specified locale `en_US` is not utilized for this provider.
  1677 Thread-8 05-16 04:48 faker.factory DEBUG    Provider `faker.providers.profile` does not feature localization. Specified locale `en_US` is not utilized for this provider.
  1677 Thread-6 05-16 04:48 faker.factory DEBUG    Provider `faker.providers.profile` does not feature localization. Specified locale `en_US` is not utilized for this provider.
  1677 Thread-5 05-16 04:48 faker.factory DEBUG    Provider `faker.providers.python` does not feature localization. Specified locale `en_US` is not utilized for this provider.
  1683 Thread-9 05-16 04:48 faker.factory DEBUG    Provider `faker.providers.profile` does not feature localization. Specified locale `en_US` is not utilized for this provider.
  1683 Thread-4 05-16 04:48 faker.factory DEBUG    Looking for locale `en_US` in provider `faker.providers.ssn`.
  1683 Thread-2 05-16 04:48 faker.factory DEBUG    Looking for locale `en_US` in provider `faker.providers.ssn`.
  1683 Thread-3 05-16 04:48 faker.factory DEBUG    Looking for locale `en_US` in provider `faker.providers.ssn`.
  1683 Thread-10 05-16 04:48 faker.factory DEBUG    Provider `faker.providers.python` does not feature localization. Specified locale `en_US` is not utilized for this provider.
  1683 Thread-7 05-16 04:48 faker.factory DEBUG    Looking for locale `en_US` in provider `faker.providers.ssn`.
  1683 Thread-8 05-16 04:48 faker.factory DEBUG    Provider `faker.providers.python` does not feature localization. Specified locale `en_US` is not utilized for this provider.
  1683 Thread-6 05-16 04:48 faker.factory DEBUG    Provider `faker.providers.python` does not feature localization. Specified locale `en_US` is not utilized for this provider.
  1683 Thread-5 05-16 04:48 faker.factory DEBUG    Looking for locale `en_US` in provider `faker.providers.ssn`.
  1683 Thread-9 05-16 04:48 faker.factory DEBUG    Provider `faker.providers.python` does not feature localization. Specified locale `en_US` is not utilized for this provider.
  1683 Thread-10 05-16 04:48 faker.factory DEBUG    Looking for locale `en_US` in provider `faker.providers.ssn`.
  1683 Thread-8 05-16 04:48 faker.factory DEBUG    Looking for locale `en_US` in provider `faker.providers.ssn`.
  1683 Thread-6 05-16 04:48 faker.factory DEBUG    Looking for locale `en_US` in provider `faker.providers.ssn`.
  1683 Thread-9 05-16 04:48 faker.factory DEBUG    Looking for locale `en_US` in provider `faker.providers.ssn`.
  1815 Thread-1 05-16 04:48 faker.factory DEBUG    Provider `faker.providers.ssn` has been localized to `en_US`.
  1815 Thread-1 05-16 04:48 faker.factory DEBUG    Provider `faker.providers.user_agent` does not feature localization. Specified locale `en_US` is not utilized for this provider.
  1845 Thread-4 05-16 04:48 faker.factory DEBUG    Provider `faker.providers.ssn` has been localized to `en_US`.
  1845 Thread-3 05-16 04:48 faker.factory DEBUG    Provider `faker.providers.ssn` has been localized to `en_US`.
  1845 Thread-2 05-16 04:48 faker.factory DEBUG    Provider `faker.providers.ssn` has been localized to `en_US`.
  1845 Thread-4 05-16 04:48 faker.factory DEBUG    Provider `faker.providers.user_agent` does not feature localization. Specified locale `en_US` is not utilized for this provider.
  1845 Thread-3 05-16 04:48 faker.factory DEBUG    Provider `faker.providers.user_agent` does not feature localization. Specified locale `en_US` is not utilized for this provider.
  1845 Thread-7 05-16 04:48 faker.factory DEBUG    Provider `faker.providers.ssn` has been localized to `en_US`.
  1845 Thread-5 05-16 04:48 faker.factory DEBUG    Provider `faker.providers.ssn` has been localized to `en_US`.
  1845 Thread-2 05-16 04:48 faker.factory DEBUG    Provider `faker.providers.user_agent` does not feature localization. Specified locale `en_US` is not utilized for this provider.
  1845 Thread-10 05-16 04:48 faker.factory DEBUG    Provider `faker.providers.ssn` has been localized to `en_US`.
  1845 Thread-7 05-16 04:48 faker.factory DEBUG    Provider `faker.providers.user_agent` does not feature localization. Specified locale `en_US` is not utilized for this provider.
  1845 Thread-5 05-16 04:48 faker.factory DEBUG    Provider `faker.providers.user_agent` does not feature localization. Specified locale `en_US` is not utilized for this provider.
  1845 Thread-8 05-16 04:48 faker.factory DEBUG    Provider `faker.providers.ssn` has been localized to `en_US`.
  1861 Thread-6 05-16 04:48 faker.factory DEBUG    Provider `faker.providers.ssn` has been localized to `en_US`.
  1861 Thread-9 05-16 04:48 faker.factory DEBUG    Provider `faker.providers.ssn` has been localized to `en_US`.
  1861 Thread-10 05-16 04:48 faker.factory DEBUG    Provider `faker.providers.user_agent` does not feature localization. Specified locale `en_US` is not utilized for this provider.
  1861 Thread-8 05-16 04:48 faker.factory DEBUG    Provider `faker.providers.user_agent` does not feature localization. Specified locale `en_US` is not utilized for this provider.
  1861 Thread-6 05-16 04:48 faker.factory DEBUG    Provider `faker.providers.user_agent` does not feature localization. Specified locale `en_US` is not utilized for this provider.
  1861 Thread-9 05-16 04:48 faker.factory DEBUG    Provider `faker.providers.user_agent` does not feature localization. Specified locale `en_US` is not utilized for this provider.
  3391 MainThread 05-16 04:48 root         INFO     Report is generated at C:\Users\sushrut.holey\gitrepos\ThreadingExample\report_16_05_2019_04_48.csv
