   433 Thread-1 05-16 05:04 faker.factory DEBUG    Looking for locale `en_US` in provider `faker.providers.address`.
   433 Thread-2 05-16 05:04 faker.factory DEBUG    Looking for locale `en_US` in provider `faker.providers.address`.
   433 Thread-3 05-16 05:04 faker.factory DEBUG    Looking for locale `en_US` in provider `faker.providers.address`.
   433 Thread-4 05-16 05:04 faker.factory DEBUG    Looking for locale `en_US` in provider `faker.providers.address`.
   433 Thread-5 05-16 05:04 faker.factory DEBUG    Looking for locale `en_US` in provider `faker.providers.address`.
   449 Thread-6 05-16 05:04 faker.factory DEBUG    Looking for locale `en_US` in provider `faker.providers.address`.
   449 Thread-7 05-16 05:04 faker.factory DEBUG    Looking for locale `en_US` in provider `faker.providers.address`.
   449 Thread-8 05-16 05:04 faker.factory DEBUG    Looking for locale `en_US` in provider `faker.providers.address`.
   449 Thread-9 05-16 05:04 faker.factory DEBUG    Looking for locale `en_US` in provider `faker.providers.address`.
   453 Thread-10 05-16 05:04 faker.factory DEBUG    Looking for locale `en_US` in provider `faker.providers.address`.
   617 Thread-1 05-16 05:04 faker.factory DEBUG    Provider `faker.providers.address` has been localized to `en_US`.
   621 Thread-2 05-16 05:04 faker.factory DEBUG    Provider `faker.providers.address` has been localized to `en_US`.
   633 Thread-3 05-16 05:04 faker.factory DEBUG    Provider `faker.providers.address` has been localized to `en_US`.
   633 Thread-2 05-16 05:04 faker.factory DEBUG    Looking for locale `en_US` in provider `faker.providers.automotive`.
   637 Thread-1 05-16 05:04 faker.factory DEBUG    Looking for locale `en_US` in provider `faker.providers.automotive`.
   637 Thread-4 05-16 05:04 faker.factory DEBUG    Provider `faker.providers.address` has been localized to `en_US`.
   641 Thread-3 05-16 05:04 faker.factory DEBUG    Looking for locale `en_US` in provider `faker.providers.automotive`.
   644 Thread-4 05-16 05:04 faker.factory DEBUG    Looking for locale `en_US` in provider `faker.providers.automotive`.
   649 Thread-6 05-16 05:04 faker.factory DEBUG    Provider `faker.providers.address` has been localized to `en_US`.
   649 Thread-5 05-16 05:04 faker.factory DEBUG    Provider `faker.providers.address` has been localized to `en_US`.
   649 Thread-9 05-16 05:04 faker.factory DEBUG    Provider `faker.providers.address` has been localized to `en_US`.
   649 Thread-7 05-16 05:04 faker.factory DEBUG    Provider `faker.providers.address` has been localized to `en_US`.
   649 Thread-8 05-16 05:04 faker.factory DEBUG    Provider `faker.providers.address` has been localized to `en_US`.
   653 Thread-6 05-16 05:04 faker.factory DEBUG    Looking for locale `en_US` in provider `faker.providers.automotive`.
   657 Thread-5 05-16 05:04 faker.factory DEBUG    Looking for locale `en_US` in provider `faker.providers.automotive`.
   657 Thread-9 05-16 05:04 faker.factory DEBUG    Looking for locale `en_US` in provider `faker.providers.automotive`.
   657 Thread-10 05-16 05:04 faker.factory DEBUG    Provider `faker.providers.address` has been localized to `en_US`.
   657 Thread-7 05-16 05:04 faker.factory DEBUG    Looking for locale `en_US` in provider `faker.providers.automotive`.
   657 Thread-8 05-16 05:04 faker.factory DEBUG    Looking for locale `en_US` in provider `faker.providers.automotive`.
   664 Thread-10 05-16 05:04 faker.factory DEBUG    Looking for locale `en_US` in provider `faker.providers.automotive`.
   693 Thread-2 05-16 05:04 faker.factory DEBUG    Provider `faker.providers.automotive` has been localized to `en_US`.
   697 Thread-1 05-16 05:04 faker.factory DEBUG    Provider `faker.providers.automotive` has been localized to `en_US`.
   705 Thread-2 05-16 05:04 faker.factory DEBUG    Looking for locale `en_US` in provider `faker.providers.bank`.
   705 Thread-1 05-16 05:04 faker.factory DEBUG    Looking for locale `en_US` in provider `faker.providers.bank`.
   705 Thread-3 05-16 05:04 faker.factory DEBUG    Provider `faker.providers.automotive` has been localized to `en_US`.
   709 Thread-4 05-16 05:04 faker.factory DEBUG    Provider `faker.providers.automotive` has been localized to `en_US`.
   713 Thread-3 05-16 05:04 faker.factory DEBUG    Looking for locale `en_US` in provider `faker.providers.bank`.
   713 Thread-4 05-16 05:04 faker.factory DEBUG    Looking for locale `en_US` in provider `faker.providers.bank`.
   721 Thread-6 05-16 05:04 faker.factory DEBUG    Provider `faker.providers.automotive` has been localized to `en_US`.
   721 Thread-9 05-16 05:04 faker.factory DEBUG    Provider `faker.providers.automotive` has been localized to `en_US`.
   721 Thread-5 05-16 05:04 faker.factory DEBUG    Provider `faker.providers.automotive` has been localized to `en_US`.
   725 Thread-6 05-16 05:04 faker.factory DEBUG    Looking for locale `en_US` in provider `faker.providers.bank`.
   725 Thread-7 05-16 05:04 faker.factory DEBUG    Provider `faker.providers.automotive` has been localized to `en_US`.
   725 Thread-9 05-16 05:04 faker.factory DEBUG    Looking for locale `en_US` in provider `faker.providers.bank`.
   729 Thread-5 05-16 05:04 faker.factory DEBUG    Looking for locale `en_US` in provider `faker.providers.bank`.
   729 Thread-8 05-16 05:04 faker.factory DEBUG    Provider `faker.providers.automotive` has been localized to `en_US`.
   729 Thread-10 05-16 05:04 faker.factory DEBUG    Provider `faker.providers.automotive` has been localized to `en_US`.
   733 Thread-7 05-16 05:04 faker.factory DEBUG    Looking for locale `en_US` in provider `faker.providers.bank`.
   733 Thread-8 05-16 05:04 faker.factory DEBUG    Looking for locale `en_US` in provider `faker.providers.bank`.
   736 Thread-10 05-16 05:04 faker.factory DEBUG    Looking for locale `en_US` in provider `faker.providers.bank`.
   741 Thread-2 05-16 05:04 faker.factory DEBUG    Specified locale `en_US` is not available for provider `faker.providers.bank`. Locale reset to `en_GB` for this provider.
   741 Thread-1 05-16 05:04 faker.factory DEBUG    Specified locale `en_US` is not available for provider `faker.providers.bank`. Locale reset to `en_GB` for this provider.
   749 Thread-2 05-16 05:04 faker.factory DEBUG    Provider `faker.providers.barcode` does not feature localization. Specified locale `en_US` is not utilized for this provider.
   749 Thread-1 05-16 05:04 faker.factory DEBUG    Provider `faker.providers.barcode` does not feature localization. Specified locale `en_US` is not utilized for this provider.
   753 Thread-4 05-16 05:04 faker.factory DEBUG    Specified locale `en_US` is not available for provider `faker.providers.bank`. Locale reset to `en_GB` for this provider.
   753 Thread-2 05-16 05:04 faker.factory DEBUG    Looking for locale `en_US` in provider `faker.providers.color`.
   753 Thread-3 05-16 05:04 faker.factory DEBUG    Specified locale `en_US` is not available for provider `faker.providers.bank`. Locale reset to `en_GB` for this provider.
   756 Thread-1 05-16 05:04 faker.factory DEBUG    Looking for locale `en_US` in provider `faker.providers.color`.
   756 Thread-4 05-16 05:04 faker.factory DEBUG    Provider `faker.providers.barcode` does not feature localization. Specified locale `en_US` is not utilized for this provider.
   761 Thread-3 05-16 05:04 faker.factory DEBUG    Provider `faker.providers.barcode` does not feature localization. Specified locale `en_US` is not utilized for this provider.
   761 Thread-4 05-16 05:04 faker.factory DEBUG    Looking for locale `en_US` in provider `faker.providers.color`.
   765 Thread-3 05-16 05:04 faker.factory DEBUG    Looking for locale `en_US` in provider `faker.providers.color`.
   765 Thread-6 05-16 05:04 faker.factory DEBUG    Specified locale `en_US` is not available for provider `faker.providers.bank`. Locale reset to `en_GB` for this provider.
   769 Thread-5 05-16 05:04 faker.factory DEBUG    Specified locale `en_US` is not available for provider `faker.providers.bank`. Locale reset to `en_GB` for this provider.
   769 Thread-9 05-16 05:04 faker.factory DEBUG    Specified locale `en_US` is not available for provider `faker.providers.bank`. Locale reset to `en_GB` for this provider.
   769 Thread-6 05-16 05:04 faker.factory DEBUG    Provider `faker.providers.barcode` does not feature localization. Specified locale `en_US` is not utilized for this provider.
   773 Thread-5 05-16 05:04 faker.factory DEBUG    Provider `faker.providers.barcode` does not feature localization. Specified locale `en_US` is not utilized for this provider.
   773 Thread-8 05-16 05:04 faker.factory DEBUG    Specified locale `en_US` is not available for provider `faker.providers.bank`. Locale reset to `en_GB` for this provider.
   773 Thread-7 05-16 05:04 faker.factory DEBUG    Specified locale `en_US` is not available for provider `faker.providers.bank`. Locale reset to `en_GB` for this provider.
   773 Thread-9 05-16 05:04 faker.factory DEBUG    Provider `faker.providers.barcode` does not feature localization. Specified locale `en_US` is not utilized for this provider.
   773 Thread-6 05-16 05:04 faker.factory DEBUG    Looking for locale `en_US` in provider `faker.providers.color`.
   773 Thread-10 05-16 05:04 faker.factory DEBUG    Specified locale `en_US` is not available for provider `faker.providers.bank`. Locale reset to `en_GB` for this provider.
   777 Thread-5 05-16 05:04 faker.factory DEBUG    Looking for locale `en_US` in provider `faker.providers.color`.
   777 Thread-8 05-16 05:04 faker.factory DEBUG    Provider `faker.providers.barcode` does not feature localization. Specified locale `en_US` is not utilized for this provider.
   777 Thread-7 05-16 05:04 faker.factory DEBUG    Provider `faker.providers.barcode` does not feature localization. Specified locale `en_US` is not utilized for this provider.
   777 Thread-9 05-16 05:04 faker.factory DEBUG    Looking for locale `en_US` in provider `faker.providers.color`.
   781 Thread-10 05-16 05:04 faker.factory DEBUG    Provider `faker.providers.barcode` does not feature localization. Specified locale `en_US` is not utilized for this provider.
   781 Thread-8 05-16 05:04 faker.factory DEBUG    Looking for locale `en_US` in provider `faker.providers.color`.
   785 Thread-7 05-16 05:04 faker.factory DEBUG    Looking for locale `en_US` in provider `faker.providers.color`.
   785 Thread-10 05-16 05:04 faker.factory DEBUG    Looking for locale `en_US` in provider `faker.providers.color`.
   789 Thread-2 05-16 05:04 faker.factory DEBUG    Provider `faker.providers.color` has been localized to `en_US`.
   792 Thread-1 05-16 05:04 faker.factory DEBUG    Provider `faker.providers.color` has been localized to `en_US`.
   797 Thread-2 05-16 05:04 faker.factory DEBUG    Looking for locale `en_US` in provider `faker.providers.company`.
   801 Thread-1 05-16 05:04 faker.factory DEBUG    Looking for locale `en_US` in provider `faker.providers.company`.
   805 Thread-4 05-16 05:04 faker.factory DEBUG    Provider `faker.providers.color` has been localized to `en_US`.
   809 Thread-3 05-16 05:04 faker.factory DEBUG    Provider `faker.providers.color` has been localized to `en_US`.
   809 Thread-4 05-16 05:04 faker.factory DEBUG    Looking for locale `en_US` in provider `faker.providers.company`.
   812 Thread-3 05-16 05:04 faker.factory DEBUG    Looking for locale `en_US` in provider `faker.providers.company`.
   817 Thread-6 05-16 05:04 faker.factory DEBUG    Provider `faker.providers.color` has been localized to `en_US`.
   821 Thread-5 05-16 05:04 faker.factory DEBUG    Provider `faker.providers.color` has been localized to `en_US`.
   825 Thread-6 05-16 05:04 faker.factory DEBUG    Looking for locale `en_US` in provider `faker.providers.company`.
   825 Thread-9 05-16 05:04 faker.factory DEBUG    Provider `faker.providers.color` has been localized to `en_US`.
   825 Thread-8 05-16 05:04 faker.factory DEBUG    Provider `faker.providers.color` has been localized to `en_US`.
   825 Thread-5 05-16 05:04 faker.factory DEBUG    Looking for locale `en_US` in provider `faker.providers.company`.
   828 Thread-7 05-16 05:04 faker.factory DEBUG    Provider `faker.providers.color` has been localized to `en_US`.
   828 Thread-9 05-16 05:04 faker.factory DEBUG    Looking for locale `en_US` in provider `faker.providers.company`.
   833 Thread-10 05-16 05:04 faker.factory DEBUG    Provider `faker.providers.color` has been localized to `en_US`.
   833 Thread-8 05-16 05:04 faker.factory DEBUG    Looking for locale `en_US` in provider `faker.providers.company`.
   837 Thread-7 05-16 05:04 faker.factory DEBUG    Looking for locale `en_US` in provider `faker.providers.company`.
   837 Thread-10 05-16 05:04 faker.factory DEBUG    Looking for locale `en_US` in provider `faker.providers.company`.
   917 Thread-2 05-16 05:04 faker.factory DEBUG    Provider `faker.providers.company` has been localized to `en_US`.
   921 Thread-1 05-16 05:04 faker.factory DEBUG    Provider `faker.providers.company` has been localized to `en_US`.
   929 Thread-2 05-16 05:04 faker.factory DEBUG    Provider `faker.providers.credit_card` does not feature localization. Specified locale `en_US` is not utilized for this provider.
   929 Thread-1 05-16 05:04 faker.factory DEBUG    Provider `faker.providers.credit_card` does not feature localization. Specified locale `en_US` is not utilized for this provider.
   933 Thread-4 05-16 05:04 faker.factory DEBUG    Provider `faker.providers.company` has been localized to `en_US`.
   933 Thread-3 05-16 05:04 faker.factory DEBUG    Provider `faker.providers.company` has been localized to `en_US`.
   937 Thread-2 05-16 05:04 faker.factory DEBUG    Provider `faker.providers.currency` does not feature localization. Specified locale `en_US` is not utilized for this provider.
   937 Thread-1 05-16 05:04 faker.factory DEBUG    Provider `faker.providers.currency` does not feature localization. Specified locale `en_US` is not utilized for this provider.
   937 Thread-4 05-16 05:04 faker.factory DEBUG    Provider `faker.providers.credit_card` does not feature localization. Specified locale `en_US` is not utilized for this provider.
   937 Thread-3 05-16 05:04 faker.factory DEBUG    Provider `faker.providers.credit_card` does not feature localization. Specified locale `en_US` is not utilized for this provider.
   940 Thread-2 05-16 05:04 faker.factory DEBUG    Looking for locale `en_US` in provider `faker.providers.date_time`.
   940 Thread-1 05-16 05:04 faker.factory DEBUG    Looking for locale `en_US` in provider `faker.providers.date_time`.
   945 Thread-4 05-16 05:04 faker.factory DEBUG    Provider `faker.providers.currency` does not feature localization. Specified locale `en_US` is not utilized for this provider.
   945 Thread-3 05-16 05:04 faker.factory DEBUG    Provider `faker.providers.currency` does not feature localization. Specified locale `en_US` is not utilized for this provider.
   949 Thread-6 05-16 05:04 faker.factory DEBUG    Provider `faker.providers.company` has been localized to `en_US`.
   949 Thread-4 05-16 05:04 faker.factory DEBUG    Looking for locale `en_US` in provider `faker.providers.date_time`.
   949 Thread-5 05-16 05:04 faker.factory DEBUG    Provider `faker.providers.company` has been localized to `en_US`.
   949 Thread-3 05-16 05:04 faker.factory DEBUG    Looking for locale `en_US` in provider `faker.providers.date_time`.
   949 Thread-6 05-16 05:04 faker.factory DEBUG    Provider `faker.providers.credit_card` does not feature localization. Specified locale `en_US` is not utilized for this provider.
   953 Thread-9 05-16 05:04 faker.factory DEBUG    Provider `faker.providers.company` has been localized to `en_US`.
   953 Thread-5 05-16 05:04 faker.factory DEBUG    Provider `faker.providers.credit_card` does not feature localization. Specified locale `en_US` is not utilized for this provider.
   953 Thread-8 05-16 05:04 faker.factory DEBUG    Provider `faker.providers.company` has been localized to `en_US`.
   953 Thread-7 05-16 05:04 faker.factory DEBUG    Provider `faker.providers.company` has been localized to `en_US`.
   957 Thread-6 05-16 05:04 faker.factory DEBUG    Provider `faker.providers.currency` does not feature localization. Specified locale `en_US` is not utilized for this provider.
   957 Thread-10 05-16 05:04 faker.factory DEBUG    Provider `faker.providers.company` has been localized to `en_US`.
   957 Thread-9 05-16 05:04 faker.factory DEBUG    Provider `faker.providers.credit_card` does not feature localization. Specified locale `en_US` is not utilized for this provider.
   957 Thread-5 05-16 05:04 faker.factory DEBUG    Provider `faker.providers.currency` does not feature localization. Specified locale `en_US` is not utilized for this provider.
   957 Thread-8 05-16 05:04 faker.factory DEBUG    Provider `faker.providers.credit_card` does not feature localization. Specified locale `en_US` is not utilized for this provider.
   960 Thread-7 05-16 05:04 faker.factory DEBUG    Provider `faker.providers.credit_card` does not feature localization. Specified locale `en_US` is not utilized for this provider.
   960 Thread-6 05-16 05:04 faker.factory DEBUG    Looking for locale `en_US` in provider `faker.providers.date_time`.
   960 Thread-10 05-16 05:04 faker.factory DEBUG    Provider `faker.providers.credit_card` does not feature localization. Specified locale `en_US` is not utilized for this provider.
   960 Thread-9 05-16 05:04 faker.factory DEBUG    Provider `faker.providers.currency` does not feature localization. Specified locale `en_US` is not utilized for this provider.
   960 Thread-5 05-16 05:04 faker.factory DEBUG    Looking for locale `en_US` in provider `faker.providers.date_time`.
   965 Thread-8 05-16 05:04 faker.factory DEBUG    Provider `faker.providers.currency` does not feature localization. Specified locale `en_US` is not utilized for this provider.
   965 Thread-7 05-16 05:04 faker.factory DEBUG    Provider `faker.providers.currency` does not feature localization. Specified locale `en_US` is not utilized for this provider.
   965 Thread-10 05-16 05:04 faker.factory DEBUG    Provider `faker.providers.currency` does not feature localization. Specified locale `en_US` is not utilized for this provider.
   969 Thread-9 05-16 05:04 faker.factory DEBUG    Looking for locale `en_US` in provider `faker.providers.date_time`.
   969 Thread-8 05-16 05:04 faker.factory DEBUG    Looking for locale `en_US` in provider `faker.providers.date_time`.
   969 Thread-7 05-16 05:04 faker.factory DEBUG    Looking for locale `en_US` in provider `faker.providers.date_time`.
   973 Thread-10 05-16 05:04 faker.factory DEBUG    Looking for locale `en_US` in provider `faker.providers.date_time`.
   985 Thread-2 05-16 05:04 faker.factory DEBUG    Provider `faker.providers.date_time` has been localized to `en_US`.
   985 Thread-1 05-16 05:04 faker.factory DEBUG    Provider `faker.providers.date_time` has been localized to `en_US`.
   993 Thread-2 05-16 05:04 faker.factory DEBUG    Provider `faker.providers.file` does not feature localization. Specified locale `en_US` is not utilized for this provider.
   996 Thread-4 05-16 05:04 faker.factory DEBUG    Provider `faker.providers.date_time` has been localized to `en_US`.
   996 Thread-1 05-16 05:04 faker.factory DEBUG    Provider `faker.providers.file` does not feature localization. Specified locale `en_US` is not utilized for this provider.
  1001 Thread-3 05-16 05:04 faker.factory DEBUG    Provider `faker.providers.date_time` has been localized to `en_US`.
  1001 Thread-2 05-16 05:04 faker.factory DEBUG    Looking for locale `en_US` in provider `faker.providers.geo`.
  1005 Thread-4 05-16 05:04 faker.factory DEBUG    Provider `faker.providers.file` does not feature localization. Specified locale `en_US` is not utilized for this provider.
  1005 Thread-1 05-16 05:04 faker.factory DEBUG    Looking for locale `en_US` in provider `faker.providers.geo`.
  1009 Thread-3 05-16 05:04 faker.factory DEBUG    Provider `faker.providers.file` does not feature localization. Specified locale `en_US` is not utilized for this provider.
  1009 Thread-4 05-16 05:04 faker.factory DEBUG    Looking for locale `en_US` in provider `faker.providers.geo`.
  1013 Thread-3 05-16 05:04 faker.factory DEBUG    Looking for locale `en_US` in provider `faker.providers.geo`.
  1013 Thread-6 05-16 05:04 faker.factory DEBUG    Provider `faker.providers.date_time` has been localized to `en_US`.
  1017 Thread-5 05-16 05:04 faker.factory DEBUG    Provider `faker.providers.date_time` has been localized to `en_US`.
  1017 Thread-2 05-16 05:04 faker.factory DEBUG    Provider `faker.providers.geo` has been localized to `en_US`.
  1021 Thread-6 05-16 05:04 faker.factory DEBUG    Provider `faker.providers.file` does not feature localization. Specified locale `en_US` is not utilized for this provider.
  1025 Thread-9 05-16 05:04 faker.factory DEBUG    Provider `faker.providers.date_time` has been localized to `en_US`.
  1025 Thread-1 05-16 05:04 faker.factory DEBUG    Provider `faker.providers.geo` has been localized to `en_US`.
  1029 Thread-2 05-16 05:04 faker.factory DEBUG    Looking for locale `en_US` in provider `faker.providers.internet`.
  1029 Thread-8 05-16 05:04 faker.factory DEBUG    Provider `faker.providers.date_time` has been localized to `en_US`.
  1029 Thread-6 05-16 05:04 faker.factory DEBUG    Looking for locale `en_US` in provider `faker.providers.geo`.
  1029 Thread-5 05-16 05:04 faker.factory DEBUG    Provider `faker.providers.file` does not feature localization. Specified locale `en_US` is not utilized for this provider.
  1029 Thread-7 05-16 05:04 faker.factory DEBUG    Provider `faker.providers.date_time` has been localized to `en_US`.
  1032 Thread-4 05-16 05:04 faker.factory DEBUG    Provider `faker.providers.geo` has been localized to `en_US`.
  1032 Thread-1 05-16 05:04 faker.factory DEBUG    Looking for locale `en_US` in provider `faker.providers.internet`.
  1032 Thread-10 05-16 05:04 faker.factory DEBUG    Provider `faker.providers.date_time` has been localized to `en_US`.
  1032 Thread-9 05-16 05:04 faker.factory DEBUG    Provider `faker.providers.file` does not feature localization. Specified locale `en_US` is not utilized for this provider.
  1032 Thread-3 05-16 05:04 faker.factory DEBUG    Provider `faker.providers.geo` has been localized to `en_US`.
  1037 Thread-8 05-16 05:04 faker.factory DEBUG    Provider `faker.providers.file` does not feature localization. Specified locale `en_US` is not utilized for this provider.
  1037 Thread-5 05-16 05:04 faker.factory DEBUG    Looking for locale `en_US` in provider `faker.providers.geo`.
  1037 Thread-4 05-16 05:04 faker.factory DEBUG    Looking for locale `en_US` in provider `faker.providers.internet`.
  1037 Thread-7 05-16 05:04 faker.factory DEBUG    Provider `faker.providers.file` does not feature localization. Specified locale `en_US` is not utilized for this provider.
  1041 Thread-9 05-16 05:04 faker.factory DEBUG    Looking for locale `en_US` in provider `faker.providers.geo`.
  1041 Thread-10 05-16 05:04 faker.factory DEBUG    Provider `faker.providers.file` does not feature localization. Specified locale `en_US` is not utilized for this provider.
  1041 Thread-3 05-16 05:04 faker.factory DEBUG    Looking for locale `en_US` in provider `faker.providers.internet`.
  1041 Thread-8 05-16 05:04 faker.factory DEBUG    Looking for locale `en_US` in provider `faker.providers.geo`.
  1045 Thread-6 05-16 05:04 faker.factory DEBUG    Provider `faker.providers.geo` has been localized to `en_US`.
  1045 Thread-7 05-16 05:04 faker.factory DEBUG    Looking for locale `en_US` in provider `faker.providers.geo`.
  1049 Thread-10 05-16 05:04 faker.factory DEBUG    Looking for locale `en_US` in provider `faker.providers.geo`.
  1049 Thread-6 05-16 05:04 faker.factory DEBUG    Looking for locale `en_US` in provider `faker.providers.internet`.
  1057 Thread-5 05-16 05:04 faker.factory DEBUG    Provider `faker.providers.geo` has been localized to `en_US`.
  1061 Thread-9 05-16 05:04 faker.factory DEBUG    Provider `faker.providers.geo` has been localized to `en_US`.
  1061 Thread-5 05-16 05:04 faker.factory DEBUG    Looking for locale `en_US` in provider `faker.providers.internet`.
  1065 Thread-9 05-16 05:04 faker.factory DEBUG    Looking for locale `en_US` in provider `faker.providers.internet`.
  1065 Thread-8 05-16 05:04 faker.factory DEBUG    Provider `faker.providers.geo` has been localized to `en_US`.
  1069 Thread-7 05-16 05:04 faker.factory DEBUG    Provider `faker.providers.geo` has been localized to `en_US`.
  1069 Thread-10 05-16 05:04 faker.factory DEBUG    Provider `faker.providers.geo` has been localized to `en_US`.
  1073 Thread-8 05-16 05:04 faker.factory DEBUG    Looking for locale `en_US` in provider `faker.providers.internet`.
  1073 Thread-7 05-16 05:04 faker.factory DEBUG    Looking for locale `en_US` in provider `faker.providers.internet`.
  1073 Thread-10 05-16 05:04 faker.factory DEBUG    Looking for locale `en_US` in provider `faker.providers.internet`.
  1169 Thread-2 05-16 05:04 faker.factory DEBUG    Provider `faker.providers.internet` has been localized to `en_US`.
  1180 Thread-2 05-16 05:04 faker.factory DEBUG    Provider `faker.providers.isbn` does not feature localization. Specified locale `en_US` is not utilized for this provider.
  1189 Thread-1 05-16 05:04 faker.factory DEBUG    Provider `faker.providers.internet` has been localized to `en_US`.
  1189 Thread-2 05-16 05:04 faker.factory DEBUG    Looking for locale `en_US` in provider `faker.providers.job`.
  1197 Thread-1 05-16 05:04 faker.factory DEBUG    Provider `faker.providers.isbn` does not feature localization. Specified locale `en_US` is not utilized for this provider.
  1200 Thread-4 05-16 05:04 faker.factory DEBUG    Provider `faker.providers.internet` has been localized to `en_US`.
  1200 Thread-1 05-16 05:04 faker.factory DEBUG    Looking for locale `en_US` in provider `faker.providers.job`.
  1209 Thread-4 05-16 05:04 faker.factory DEBUG    Provider `faker.providers.isbn` does not feature localization. Specified locale `en_US` is not utilized for this provider.
  1213 Thread-6 05-16 05:04 faker.factory DEBUG    Provider `faker.providers.internet` has been localized to `en_US`.
  1213 Thread-3 05-16 05:04 faker.factory DEBUG    Provider `faker.providers.internet` has been localized to `en_US`.
  1217 Thread-4 05-16 05:04 faker.factory DEBUG    Looking for locale `en_US` in provider `faker.providers.job`.
  1225 Thread-6 05-16 05:04 faker.factory DEBUG    Provider `faker.providers.isbn` does not feature localization. Specified locale `en_US` is not utilized for this provider.
  1225 Thread-3 05-16 05:04 faker.factory DEBUG    Provider `faker.providers.isbn` does not feature localization. Specified locale `en_US` is not utilized for this provider.
  1229 Thread-6 05-16 05:04 faker.factory DEBUG    Looking for locale `en_US` in provider `faker.providers.job`.
  1229 Thread-5 05-16 05:04 faker.factory DEBUG    Provider `faker.providers.internet` has been localized to `en_US`.
  1229 Thread-3 05-16 05:04 faker.factory DEBUG    Looking for locale `en_US` in provider `faker.providers.job`.
  1233 Thread-9 05-16 05:04 faker.factory DEBUG    Provider `faker.providers.internet` has been localized to `en_US`.
  1236 Thread-5 05-16 05:04 faker.factory DEBUG    Provider `faker.providers.isbn` does not feature localization. Specified locale `en_US` is not utilized for this provider.
  1241 Thread-9 05-16 05:04 faker.factory DEBUG    Provider `faker.providers.isbn` does not feature localization. Specified locale `en_US` is not utilized for this provider.
  1245 Thread-7 05-16 05:04 faker.factory DEBUG    Provider `faker.providers.internet` has been localized to `en_US`.
  1245 Thread-5 05-16 05:04 faker.factory DEBUG    Looking for locale `en_US` in provider `faker.providers.job`.
  1245 Thread-8 05-16 05:04 faker.factory DEBUG    Provider `faker.providers.internet` has been localized to `en_US`.
  1249 Thread-9 05-16 05:04 faker.factory DEBUG    Looking for locale `en_US` in provider `faker.providers.job`.
  1249 Thread-10 05-16 05:04 faker.factory DEBUG    Provider `faker.providers.internet` has been localized to `en_US`.
  1253 Thread-7 05-16 05:04 faker.factory DEBUG    Provider `faker.providers.isbn` does not feature localization. Specified locale `en_US` is not utilized for this provider.
  1253 Thread-8 05-16 05:04 faker.factory DEBUG    Provider `faker.providers.isbn` does not feature localization. Specified locale `en_US` is not utilized for this provider.
  1256 Thread-7 05-16 05:04 faker.factory DEBUG    Looking for locale `en_US` in provider `faker.providers.job`.
  1256 Thread-10 05-16 05:04 faker.factory DEBUG    Provider `faker.providers.isbn` does not feature localization. Specified locale `en_US` is not utilized for this provider.
  1256 Thread-8 05-16 05:04 faker.factory DEBUG    Looking for locale `en_US` in provider `faker.providers.job`.
  1265 Thread-10 05-16 05:04 faker.factory DEBUG    Looking for locale `en_US` in provider `faker.providers.job`.
  1285 Thread-2 05-16 05:04 faker.factory DEBUG    Provider `faker.providers.job` has been localized to `en_US`.
  1289 Thread-2 05-16 05:04 faker.factory DEBUG    Looking for locale `en_US` in provider `faker.providers.lorem`.
  1297 Thread-1 05-16 05:04 faker.factory DEBUG    Provider `faker.providers.job` has been localized to `en_US`.
  1301 Thread-1 05-16 05:04 faker.factory DEBUG    Looking for locale `en_US` in provider `faker.providers.lorem`.
  1305 Thread-4 05-16 05:04 faker.factory DEBUG    Provider `faker.providers.job` has been localized to `en_US`.
  1309 Thread-4 05-16 05:04 faker.factory DEBUG    Looking for locale `en_US` in provider `faker.providers.lorem`.
  1312 Thread-3 05-16 05:04 faker.factory DEBUG    Provider `faker.providers.job` has been localized to `en_US`.
  1317 Thread-6 05-16 05:04 faker.factory DEBUG    Provider `faker.providers.job` has been localized to `en_US`.
  1321 Thread-3 05-16 05:04 faker.factory DEBUG    Looking for locale `en_US` in provider `faker.providers.lorem`.
  1321 Thread-6 05-16 05:04 faker.factory DEBUG    Looking for locale `en_US` in provider `faker.providers.lorem`.
  1325 Thread-5 05-16 05:04 faker.factory DEBUG    Provider `faker.providers.job` has been localized to `en_US`.
  1333 Thread-5 05-16 05:04 faker.factory DEBUG    Looking for locale `en_US` in provider `faker.providers.lorem`.
  1333 Thread-9 05-16 05:04 faker.factory DEBUG    Provider `faker.providers.job` has been localized to `en_US`.
  1337 Thread-9 05-16 05:04 faker.factory DEBUG    Looking for locale `en_US` in provider `faker.providers.lorem`.
  1341 Thread-8 05-16 05:04 faker.factory DEBUG    Provider `faker.providers.job` has been localized to `en_US`.
  1341 Thread-7 05-16 05:04 faker.factory DEBUG    Provider `faker.providers.job` has been localized to `en_US`.
  1345 Thread-2 05-16 05:04 faker.factory DEBUG    Provider `faker.providers.lorem` has been localized to `en_US`.
  1345 Thread-8 05-16 05:04 faker.factory DEBUG    Looking for locale `en_US` in provider `faker.providers.lorem`.
  1345 Thread-7 05-16 05:04 faker.factory DEBUG    Looking for locale `en_US` in provider `faker.providers.lorem`.
  1345 Thread-10 05-16 05:04 faker.factory DEBUG    Provider `faker.providers.job` has been localized to `en_US`.
  1357 Thread-2 05-16 05:04 faker.factory DEBUG    Provider `faker.providers.misc` does not feature localization. Specified locale `en_US` is not utilized for this provider.
  1361 Thread-10 05-16 05:04 faker.factory DEBUG    Looking for locale `en_US` in provider `faker.providers.lorem`.
  1361 Thread-2 05-16 05:04 faker.factory DEBUG    Looking for locale `en_US` in provider `faker.providers.person`.
  1361 Thread-1 05-16 05:04 faker.factory DEBUG    Provider `faker.providers.lorem` has been localized to `en_US`.
  1369 Thread-1 05-16 05:04 faker.factory DEBUG    Provider `faker.providers.misc` does not feature localization. Specified locale `en_US` is not utilized for this provider.
  1373 Thread-4 05-16 05:04 faker.factory DEBUG    Provider `faker.providers.lorem` has been localized to `en_US`.
  1373 Thread-1 05-16 05:04 faker.factory DEBUG    Looking for locale `en_US` in provider `faker.providers.person`.
  1377 Thread-4 05-16 05:04 faker.factory DEBUG    Provider `faker.providers.misc` does not feature localization. Specified locale `en_US` is not utilized for this provider.
  1381 Thread-3 05-16 05:04 faker.factory DEBUG    Provider `faker.providers.lorem` has been localized to `en_US`.
  1384 Thread-6 05-16 05:04 faker.factory DEBUG    Provider `faker.providers.lorem` has been localized to `en_US`.
  1384 Thread-4 05-16 05:04 faker.factory DEBUG    Looking for locale `en_US` in provider `faker.providers.person`.
  1389 Thread-3 05-16 05:04 faker.factory DEBUG    Provider `faker.providers.misc` does not feature localization. Specified locale `en_US` is not utilized for this provider.
  1389 Thread-6 05-16 05:04 faker.factory DEBUG    Provider `faker.providers.misc` does not feature localization. Specified locale `en_US` is not utilized for this provider.
  1393 Thread-3 05-16 05:04 faker.factory DEBUG    Looking for locale `en_US` in provider `faker.providers.person`.
  1393 Thread-5 05-16 05:04 faker.factory DEBUG    Provider `faker.providers.lorem` has been localized to `en_US`.
  1393 Thread-6 05-16 05:04 faker.factory DEBUG    Looking for locale `en_US` in provider `faker.providers.person`.
  1397 Thread-5 05-16 05:04 faker.factory DEBUG    Provider `faker.providers.misc` does not feature localization. Specified locale `en_US` is not utilized for this provider.
  1401 Thread-9 05-16 05:04 faker.factory DEBUG    Provider `faker.providers.lorem` has been localized to `en_US`.
  1401 Thread-5 05-16 05:04 faker.factory DEBUG    Looking for locale `en_US` in provider `faker.providers.person`.
  1404 Thread-9 05-16 05:04 faker.factory DEBUG    Provider `faker.providers.misc` does not feature localization. Specified locale `en_US` is not utilized for this provider.
  1409 Thread-8 05-16 05:04 faker.factory DEBUG    Provider `faker.providers.lorem` has been localized to `en_US`.
  1409 Thread-7 05-16 05:04 faker.factory DEBUG    Provider `faker.providers.lorem` has been localized to `en_US`.
  1409 Thread-9 05-16 05:04 faker.factory DEBUG    Looking for locale `en_US` in provider `faker.providers.person`.
  1409 Thread-10 05-16 05:04 faker.factory DEBUG    Provider `faker.providers.lorem` has been localized to `en_US`.
  1413 Thread-7 05-16 05:04 faker.factory DEBUG    Provider `faker.providers.misc` does not feature localization. Specified locale `en_US` is not utilized for this provider.
  1413 Thread-8 05-16 05:04 faker.factory DEBUG    Provider `faker.providers.misc` does not feature localization. Specified locale `en_US` is not utilized for this provider.
  1413 Thread-10 05-16 05:04 faker.factory DEBUG    Provider `faker.providers.misc` does not feature localization. Specified locale `en_US` is not utilized for this provider.
  1417 Thread-7 05-16 05:04 faker.factory DEBUG    Looking for locale `en_US` in provider `faker.providers.person`.
  1417 Thread-8 05-16 05:04 faker.factory DEBUG    Looking for locale `en_US` in provider `faker.providers.person`.
  1417 Thread-10 05-16 05:04 faker.factory DEBUG    Looking for locale `en_US` in provider `faker.providers.person`.
  1565 Thread-2 05-16 05:04 faker.factory DEBUG    Provider `faker.providers.person` has been localized to `en_US`.
  1573 Thread-1 05-16 05:04 faker.factory DEBUG    Provider `faker.providers.person` has been localized to `en_US`.
  1588 Thread-4 05-16 05:04 faker.factory DEBUG    Provider `faker.providers.person` has been localized to `en_US`.
  1588 Thread-6 05-16 05:04 faker.factory DEBUG    Provider `faker.providers.person` has been localized to `en_US`.
  1604 Thread-3 05-16 05:04 faker.factory DEBUG    Provider `faker.providers.person` has been localized to `en_US`.
  1604 Thread-5 05-16 05:04 faker.factory DEBUG    Provider `faker.providers.person` has been localized to `en_US`.
  1604 Thread-9 05-16 05:04 faker.factory DEBUG    Provider `faker.providers.person` has been localized to `en_US`.
  1604 Thread-7 05-16 05:04 faker.factory DEBUG    Provider `faker.providers.person` has been localized to `en_US`.
  1604 Thread-8 05-16 05:04 faker.factory DEBUG    Provider `faker.providers.person` has been localized to `en_US`.
  1604 Thread-10 05-16 05:04 faker.factory DEBUG    Provider `faker.providers.person` has been localized to `en_US`.
  1620 Thread-2 05-16 05:04 faker.factory DEBUG    Looking for locale `en_US` in provider `faker.providers.phone_number`.
  1620 Thread-1 05-16 05:04 faker.factory DEBUG    Looking for locale `en_US` in provider `faker.providers.phone_number`.
  1620 Thread-4 05-16 05:04 faker.factory DEBUG    Looking for locale `en_US` in provider `faker.providers.phone_number`.
  1620 Thread-6 05-16 05:04 faker.factory DEBUG    Looking for locale `en_US` in provider `faker.providers.phone_number`.
  1620 Thread-3 05-16 05:04 faker.factory DEBUG    Looking for locale `en_US` in provider `faker.providers.phone_number`.
  1620 Thread-5 05-16 05:04 faker.factory DEBUG    Looking for locale `en_US` in provider `faker.providers.phone_number`.
  1620 Thread-9 05-16 05:04 faker.factory DEBUG    Looking for locale `en_US` in provider `faker.providers.phone_number`.
  1620 Thread-7 05-16 05:04 faker.factory DEBUG    Looking for locale `en_US` in provider `faker.providers.phone_number`.
  1620 Thread-10 05-16 05:04 faker.factory DEBUG    Looking for locale `en_US` in provider `faker.providers.phone_number`.
  1620 Thread-8 05-16 05:04 faker.factory DEBUG    Looking for locale `en_US` in provider `faker.providers.phone_number`.
  1773 Thread-1 05-16 05:04 faker.factory DEBUG    Provider `faker.providers.phone_number` has been localized to `en_US`.
  1773 Thread-2 05-16 05:04 faker.factory DEBUG    Provider `faker.providers.phone_number` has been localized to `en_US`.
  1789 Thread-3 05-16 05:04 faker.factory DEBUG    Provider `faker.providers.phone_number` has been localized to `en_US`.
  1789 Thread-4 05-16 05:04 faker.factory DEBUG    Provider `faker.providers.phone_number` has been localized to `en_US`.
  1789 Thread-1 05-16 05:04 faker.factory DEBUG    Provider `faker.providers.profile` does not feature localization. Specified locale `en_US` is not utilized for this provider.
  1789 Thread-5 05-16 05:04 faker.factory DEBUG    Provider `faker.providers.phone_number` has been localized to `en_US`.
  1789 Thread-2 05-16 05:04 faker.factory DEBUG    Provider `faker.providers.profile` does not feature localization. Specified locale `en_US` is not utilized for this provider.
  1789 Thread-6 05-16 05:04 faker.factory DEBUG    Provider `faker.providers.phone_number` has been localized to `en_US`.
  1789 Thread-9 05-16 05:04 faker.factory DEBUG    Provider `faker.providers.phone_number` has been localized to `en_US`.
  1789 Thread-3 05-16 05:04 faker.factory DEBUG    Provider `faker.providers.profile` does not feature localization. Specified locale `en_US` is not utilized for this provider.
  1789 Thread-4 05-16 05:04 faker.factory DEBUG    Provider `faker.providers.profile` does not feature localization. Specified locale `en_US` is not utilized for this provider.
  1789 Thread-7 05-16 05:04 faker.factory DEBUG    Provider `faker.providers.phone_number` has been localized to `en_US`.
  1789 Thread-1 05-16 05:04 faker.factory DEBUG    Provider `faker.providers.python` does not feature localization. Specified locale `en_US` is not utilized for this provider.
  1789 Thread-5 05-16 05:04 faker.factory DEBUG    Provider `faker.providers.profile` does not feature localization. Specified locale `en_US` is not utilized for this provider.
  1789 Thread-10 05-16 05:04 faker.factory DEBUG    Provider `faker.providers.phone_number` has been localized to `en_US`.
  1789 Thread-8 05-16 05:04 faker.factory DEBUG    Provider `faker.providers.phone_number` has been localized to `en_US`.
  1789 Thread-2 05-16 05:04 faker.factory DEBUG    Provider `faker.providers.python` does not feature localization. Specified locale `en_US` is not utilized for this provider.
  1789 Thread-6 05-16 05:04 faker.factory DEBUG    Provider `faker.providers.profile` does not feature localization. Specified locale `en_US` is not utilized for this provider.
  1789 Thread-9 05-16 05:04 faker.factory DEBUG    Provider `faker.providers.profile` does not feature localization. Specified locale `en_US` is not utilized for this provider.
  1789 Thread-3 05-16 05:04 faker.factory DEBUG    Provider `faker.providers.python` does not feature localization. Specified locale `en_US` is not utilized for this provider.
  1789 Thread-4 05-16 05:04 faker.factory DEBUG    Provider `faker.providers.python` does not feature localization. Specified locale `en_US` is not utilized for this provider.
  1789 Thread-7 05-16 05:04 faker.factory DEBUG    Provider `faker.providers.profile` does not feature localization. Specified locale `en_US` is not utilized for this provider.
  1789 Thread-1 05-16 05:04 faker.factory DEBUG    Looking for locale `en_US` in provider `faker.providers.ssn`.
  1789 Thread-5 05-16 05:04 faker.factory DEBUG    Provider `faker.providers.python` does not feature localization. Specified locale `en_US` is not utilized for this provider.
  1789 Thread-10 05-16 05:04 faker.factory DEBUG    Provider `faker.providers.profile` does not feature localization. Specified locale `en_US` is not utilized for this provider.
  1804 Thread-8 05-16 05:04 faker.factory DEBUG    Provider `faker.providers.profile` does not feature localization. Specified locale `en_US` is not utilized for this provider.
  1804 Thread-2 05-16 05:04 faker.factory DEBUG    Looking for locale `en_US` in provider `faker.providers.ssn`.
  1804 Thread-6 05-16 05:04 faker.factory DEBUG    Provider `faker.providers.python` does not feature localization. Specified locale `en_US` is not utilized for this provider.
  1804 Thread-9 05-16 05:04 faker.factory DEBUG    Provider `faker.providers.python` does not feature localization. Specified locale `en_US` is not utilized for this provider.
  1804 Thread-3 05-16 05:04 faker.factory DEBUG    Looking for locale `en_US` in provider `faker.providers.ssn`.
  1804 Thread-4 05-16 05:04 faker.factory DEBUG    Looking for locale `en_US` in provider `faker.providers.ssn`.
  1804 Thread-7 05-16 05:04 faker.factory DEBUG    Provider `faker.providers.python` does not feature localization. Specified locale `en_US` is not utilized for this provider.
  1804 Thread-5 05-16 05:04 faker.factory DEBUG    Looking for locale `en_US` in provider `faker.providers.ssn`.
  1804 Thread-10 05-16 05:04 faker.factory DEBUG    Provider `faker.providers.python` does not feature localization. Specified locale `en_US` is not utilized for this provider.
  1804 Thread-8 05-16 05:04 faker.factory DEBUG    Provider `faker.providers.python` does not feature localization. Specified locale `en_US` is not utilized for this provider.
  1804 Thread-6 05-16 05:04 faker.factory DEBUG    Looking for locale `en_US` in provider `faker.providers.ssn`.
  1804 Thread-9 05-16 05:04 faker.factory DEBUG    Looking for locale `en_US` in provider `faker.providers.ssn`.
  1804 Thread-7 05-16 05:04 faker.factory DEBUG    Looking for locale `en_US` in provider `faker.providers.ssn`.
  1804 Thread-10 05-16 05:04 faker.factory DEBUG    Looking for locale `en_US` in provider `faker.providers.ssn`.
  1804 Thread-8 05-16 05:04 faker.factory DEBUG    Looking for locale `en_US` in provider `faker.providers.ssn`.
  1952 Thread-1 05-16 05:04 faker.factory DEBUG    Provider `faker.providers.ssn` has been localized to `en_US`.
  1952 Thread-2 05-16 05:04 faker.factory DEBUG    Provider `faker.providers.ssn` has been localized to `en_US`.
  1952 Thread-1 05-16 05:04 faker.factory DEBUG    Provider `faker.providers.user_agent` does not feature localization. Specified locale `en_US` is not utilized for this provider.
  1967 Thread-2 05-16 05:04 faker.factory DEBUG    Provider `faker.providers.user_agent` does not feature localization. Specified locale `en_US` is not utilized for this provider.
  1967 Thread-3 05-16 05:04 faker.factory DEBUG    Provider `faker.providers.ssn` has been localized to `en_US`.
  1973 Thread-4 05-16 05:04 faker.factory DEBUG    Provider `faker.providers.ssn` has been localized to `en_US`.
  1973 Thread-5 05-16 05:04 faker.factory DEBUG    Provider `faker.providers.ssn` has been localized to `en_US`.
  1973 Thread-3 05-16 05:04 faker.factory DEBUG    Provider `faker.providers.user_agent` does not feature localization. Specified locale `en_US` is not utilized for this provider.
  1973 Thread-4 05-16 05:04 faker.factory DEBUG    Provider `faker.providers.user_agent` does not feature localization. Specified locale `en_US` is not utilized for this provider.
  1973 Thread-5 05-16 05:04 faker.factory DEBUG    Provider `faker.providers.user_agent` does not feature localization. Specified locale `en_US` is not utilized for this provider.
  1973 Thread-9 05-16 05:04 faker.factory DEBUG    Provider `faker.providers.ssn` has been localized to `en_US`.
  1973 Thread-6 05-16 05:04 faker.factory DEBUG    Provider `faker.providers.ssn` has been localized to `en_US`.
  1973 Thread-7 05-16 05:04 faker.factory DEBUG    Provider `faker.providers.ssn` has been localized to `en_US`.
  1973 Thread-8 05-16 05:04 faker.factory DEBUG    Provider `faker.providers.ssn` has been localized to `en_US`.
  1973 Thread-10 05-16 05:04 faker.factory DEBUG    Provider `faker.providers.ssn` has been localized to `en_US`.
  1973 Thread-9 05-16 05:04 faker.factory DEBUG    Provider `faker.providers.user_agent` does not feature localization. Specified locale `en_US` is not utilized for this provider.
  1973 Thread-6 05-16 05:04 faker.factory DEBUG    Provider `faker.providers.user_agent` does not feature localization. Specified locale `en_US` is not utilized for this provider.
  1973 Thread-7 05-16 05:04 faker.factory DEBUG    Provider `faker.providers.user_agent` does not feature localization. Specified locale `en_US` is not utilized for this provider.
  1973 Thread-8 05-16 05:04 faker.factory DEBUG    Provider `faker.providers.user_agent` does not feature localization. Specified locale `en_US` is not utilized for this provider.
  1973 Thread-10 05-16 05:04 faker.factory DEBUG    Provider `faker.providers.user_agent` does not feature localization. Specified locale `en_US` is not utilized for this provider.
  2067 Thread-8 05-16 05:04 root         INFO     Reading log file
  2074 Thread-3 05-16 05:04 root         INFO     Reading log file
  2090 Thread-6 05-16 05:04 root         INFO     Reading log file
  2090 Thread-1 05-16 05:04 root         INFO     Reading log file
  2090 Thread-4 05-16 05:04 root         INFO     Reading log file
  2090 Thread-5 05-16 05:04 root         INFO     Reading log file
  2090 Thread-9 05-16 05:04 root         INFO     Reading log file
  2090 Thread-2 05-16 05:04 root         INFO     Reading log file
  2090 Thread-7 05-16 05:04 root         INFO     Reading log file
  2105 Thread-10 05-16 05:04 root         INFO     Reading log file
  2105 MainThread 05-16 05:04 root         INFO     Report is generated at C:\Users\sushrut.holey\gitrepos\ThreadingExample\reports\report_16_05_2019_05_04.csv
  2105 MainThread 05-16 05:04 root         INFO     Total Time Taken 1
