   417 Thread-1 05-16 04:55 faker.factory DEBUG    Looking for locale `en_US` in provider `faker.providers.address`.
   417 Thread-2 05-16 04:55 faker.factory DEBUG    Looking for locale `en_US` in provider `faker.providers.address`.
   417 Thread-3 05-16 04:55 faker.factory DEBUG    Looking for locale `en_US` in provider `faker.providers.address`.
   417 Thread-4 05-16 04:55 faker.factory DEBUG    Looking for locale `en_US` in provider `faker.providers.address`.
   417 Thread-5 05-16 04:55 faker.factory DEBUG    Looking for locale `en_US` in provider `faker.providers.address`.
   417 Thread-6 05-16 04:55 faker.factory DEBUG    Looking for locale `en_US` in provider `faker.providers.address`.
   417 Thread-7 05-16 04:55 faker.factory DEBUG    Looking for locale `en_US` in provider `faker.providers.address`.
   417 Thread-8 05-16 04:55 faker.factory DEBUG    Looking for locale `en_US` in provider `faker.providers.address`.
   417 Thread-9 05-16 04:55 faker.factory DEBUG    Looking for locale `en_US` in provider `faker.providers.address`.
   433 Thread-10 05-16 04:55 faker.factory DEBUG    Looking for locale `en_US` in provider `faker.providers.address`.
   571 Thread-1 05-16 04:55 faker.factory DEBUG    Provider `faker.providers.address` has been localized to `en_US`.
   586 Thread-2 05-16 04:55 faker.factory DEBUG    Provider `faker.providers.address` has been localized to `en_US`.
   586 Thread-3 05-16 04:55 faker.factory DEBUG    Provider `faker.providers.address` has been localized to `en_US`.
   602 Thread-1 05-16 04:55 faker.factory DEBUG    Looking for locale `en_US` in provider `faker.providers.automotive`.
   602 Thread-4 05-16 04:55 faker.factory DEBUG    Provider `faker.providers.address` has been localized to `en_US`.
   602 Thread-2 05-16 04:55 faker.factory DEBUG    Looking for locale `en_US` in provider `faker.providers.automotive`.
   602 Thread-3 05-16 04:55 faker.factory DEBUG    Looking for locale `en_US` in provider `faker.providers.automotive`.
   602 Thread-4 05-16 04:55 faker.factory DEBUG    Looking for locale `en_US` in provider `faker.providers.automotive`.
   602 Thread-5 05-16 04:55 faker.factory DEBUG    Provider `faker.providers.address` has been localized to `en_US`.
   602 Thread-6 05-16 04:55 faker.factory DEBUG    Provider `faker.providers.address` has been localized to `en_US`.
   617 Thread-7 05-16 04:55 faker.factory DEBUG    Provider `faker.providers.address` has been localized to `en_US`.
   617 Thread-9 05-16 04:55 faker.factory DEBUG    Provider `faker.providers.address` has been localized to `en_US`.
   617 Thread-5 05-16 04:55 faker.factory DEBUG    Looking for locale `en_US` in provider `faker.providers.automotive`.
   617 Thread-8 05-16 04:55 faker.factory DEBUG    Provider `faker.providers.address` has been localized to `en_US`.
   617 Thread-10 05-16 04:55 faker.factory DEBUG    Provider `faker.providers.address` has been localized to `en_US`.
   617 Thread-6 05-16 04:55 faker.factory DEBUG    Looking for locale `en_US` in provider `faker.providers.automotive`.
   617 Thread-7 05-16 04:55 faker.factory DEBUG    Looking for locale `en_US` in provider `faker.providers.automotive`.
   617 Thread-9 05-16 04:55 faker.factory DEBUG    Looking for locale `en_US` in provider `faker.providers.automotive`.
   617 Thread-8 05-16 04:55 faker.factory DEBUG    Looking for locale `en_US` in provider `faker.providers.automotive`.
   617 Thread-10 05-16 04:55 faker.factory DEBUG    Looking for locale `en_US` in provider `faker.providers.automotive`.
   649 Thread-1 05-16 04:55 faker.factory DEBUG    Provider `faker.providers.automotive` has been localized to `en_US`.
   649 Thread-1 05-16 04:55 faker.factory DEBUG    Looking for locale `en_US` in provider `faker.providers.bank`.
   664 Thread-2 05-16 04:55 faker.factory DEBUG    Provider `faker.providers.automotive` has been localized to `en_US`.
   664 Thread-3 05-16 04:55 faker.factory DEBUG    Provider `faker.providers.automotive` has been localized to `en_US`.
   671 Thread-4 05-16 04:55 faker.factory DEBUG    Provider `faker.providers.automotive` has been localized to `en_US`.
   671 Thread-2 05-16 04:55 faker.factory DEBUG    Looking for locale `en_US` in provider `faker.providers.bank`.
   671 Thread-3 05-16 04:55 faker.factory DEBUG    Looking for locale `en_US` in provider `faker.providers.bank`.
   671 Thread-4 05-16 04:55 faker.factory DEBUG    Looking for locale `en_US` in provider `faker.providers.bank`.
   671 Thread-5 05-16 04:55 faker.factory DEBUG    Provider `faker.providers.automotive` has been localized to `en_US`.
   686 Thread-5 05-16 04:55 faker.factory DEBUG    Looking for locale `en_US` in provider `faker.providers.bank`.
   686 Thread-9 05-16 04:55 faker.factory DEBUG    Provider `faker.providers.automotive` has been localized to `en_US`.
   686 Thread-7 05-16 04:55 faker.factory DEBUG    Provider `faker.providers.automotive` has been localized to `en_US`.
   686 Thread-6 05-16 04:55 faker.factory DEBUG    Provider `faker.providers.automotive` has been localized to `en_US`.
   686 Thread-8 05-16 04:55 faker.factory DEBUG    Provider `faker.providers.automotive` has been localized to `en_US`.
   686 Thread-10 05-16 04:55 faker.factory DEBUG    Provider `faker.providers.automotive` has been localized to `en_US`.
   686 Thread-9 05-16 04:55 faker.factory DEBUG    Looking for locale `en_US` in provider `faker.providers.bank`.
   686 Thread-7 05-16 04:55 faker.factory DEBUG    Looking for locale `en_US` in provider `faker.providers.bank`.
   686 Thread-6 05-16 04:55 faker.factory DEBUG    Looking for locale `en_US` in provider `faker.providers.bank`.
   686 Thread-8 05-16 04:55 faker.factory DEBUG    Looking for locale `en_US` in provider `faker.providers.bank`.
   686 Thread-10 05-16 04:55 faker.factory DEBUG    Looking for locale `en_US` in provider `faker.providers.bank`.
   702 Thread-1 05-16 04:55 faker.factory DEBUG    Specified locale `en_US` is not available for provider `faker.providers.bank`. Locale reset to `en_GB` for this provider.
   702 Thread-1 05-16 04:55 faker.factory DEBUG    Provider `faker.providers.barcode` does not feature localization. Specified locale `en_US` is not utilized for this provider.
   702 Thread-2 05-16 04:55 faker.factory DEBUG    Specified locale `en_US` is not available for provider `faker.providers.bank`. Locale reset to `en_GB` for this provider.
   702 Thread-3 05-16 04:55 faker.factory DEBUG    Specified locale `en_US` is not available for provider `faker.providers.bank`. Locale reset to `en_GB` for this provider.
   718 Thread-1 05-16 04:55 faker.factory DEBUG    Looking for locale `en_US` in provider `faker.providers.color`.
   718 Thread-4 05-16 04:55 faker.factory DEBUG    Specified locale `en_US` is not available for provider `faker.providers.bank`. Locale reset to `en_GB` for this provider.
   718 Thread-2 05-16 04:55 faker.factory DEBUG    Provider `faker.providers.barcode` does not feature localization. Specified locale `en_US` is not utilized for this provider.
   718 Thread-3 05-16 04:55 faker.factory DEBUG    Provider `faker.providers.barcode` does not feature localization. Specified locale `en_US` is not utilized for this provider.
   718 Thread-4 05-16 04:55 faker.factory DEBUG    Provider `faker.providers.barcode` does not feature localization. Specified locale `en_US` is not utilized for this provider.
   718 Thread-2 05-16 04:55 faker.factory DEBUG    Looking for locale `en_US` in provider `faker.providers.color`.
   718 Thread-3 05-16 04:55 faker.factory DEBUG    Looking for locale `en_US` in provider `faker.providers.color`.
   718 Thread-5 05-16 04:55 faker.factory DEBUG    Specified locale `en_US` is not available for provider `faker.providers.bank`. Locale reset to `en_GB` for this provider.
   718 Thread-4 05-16 04:55 faker.factory DEBUG    Looking for locale `en_US` in provider `faker.providers.color`.
   733 Thread-5 05-16 04:55 faker.factory DEBUG    Provider `faker.providers.barcode` does not feature localization. Specified locale `en_US` is not utilized for this provider.
   733 Thread-9 05-16 04:55 faker.factory DEBUG    Specified locale `en_US` is not available for provider `faker.providers.bank`. Locale reset to `en_GB` for this provider.
   733 Thread-5 05-16 04:55 faker.factory DEBUG    Looking for locale `en_US` in provider `faker.providers.color`.
   733 Thread-7 05-16 04:55 faker.factory DEBUG    Specified locale `en_US` is not available for provider `faker.providers.bank`. Locale reset to `en_GB` for this provider.
   733 Thread-6 05-16 04:55 faker.factory DEBUG    Specified locale `en_US` is not available for provider `faker.providers.bank`. Locale reset to `en_GB` for this provider.
   733 Thread-8 05-16 04:55 faker.factory DEBUG    Specified locale `en_US` is not available for provider `faker.providers.bank`. Locale reset to `en_GB` for this provider.
   733 Thread-9 05-16 04:55 faker.factory DEBUG    Provider `faker.providers.barcode` does not feature localization. Specified locale `en_US` is not utilized for this provider.
   733 Thread-10 05-16 04:55 faker.factory DEBUG    Specified locale `en_US` is not available for provider `faker.providers.bank`. Locale reset to `en_GB` for this provider.
   733 Thread-7 05-16 04:55 faker.factory DEBUG    Provider `faker.providers.barcode` does not feature localization. Specified locale `en_US` is not utilized for this provider.
   733 Thread-6 05-16 04:55 faker.factory DEBUG    Provider `faker.providers.barcode` does not feature localization. Specified locale `en_US` is not utilized for this provider.
   733 Thread-8 05-16 04:55 faker.factory DEBUG    Provider `faker.providers.barcode` does not feature localization. Specified locale `en_US` is not utilized for this provider.
   733 Thread-9 05-16 04:55 faker.factory DEBUG    Looking for locale `en_US` in provider `faker.providers.color`.
   733 Thread-10 05-16 04:55 faker.factory DEBUG    Provider `faker.providers.barcode` does not feature localization. Specified locale `en_US` is not utilized for this provider.
   733 Thread-7 05-16 04:55 faker.factory DEBUG    Looking for locale `en_US` in provider `faker.providers.color`.
   733 Thread-6 05-16 04:55 faker.factory DEBUG    Looking for locale `en_US` in provider `faker.providers.color`.
   749 Thread-8 05-16 04:55 faker.factory DEBUG    Looking for locale `en_US` in provider `faker.providers.color`.
   749 Thread-10 05-16 04:55 faker.factory DEBUG    Looking for locale `en_US` in provider `faker.providers.color`.
   749 Thread-1 05-16 04:55 faker.factory DEBUG    Provider `faker.providers.color` has been localized to `en_US`.
   749 Thread-1 05-16 04:55 faker.factory DEBUG    Looking for locale `en_US` in provider `faker.providers.company`.
   765 Thread-2 05-16 04:55 faker.factory DEBUG    Provider `faker.providers.color` has been localized to `en_US`.
   765 Thread-3 05-16 04:55 faker.factory DEBUG    Provider `faker.providers.color` has been localized to `en_US`.
   771 Thread-2 05-16 04:55 faker.factory DEBUG    Looking for locale `en_US` in provider `faker.providers.company`.
   771 Thread-4 05-16 04:55 faker.factory DEBUG    Provider `faker.providers.color` has been localized to `en_US`.
   771 Thread-3 05-16 04:55 faker.factory DEBUG    Looking for locale `en_US` in provider `faker.providers.company`.
   771 Thread-4 05-16 04:55 faker.factory DEBUG    Looking for locale `en_US` in provider `faker.providers.company`.
   771 Thread-5 05-16 04:55 faker.factory DEBUG    Provider `faker.providers.color` has been localized to `en_US`.
   771 Thread-5 05-16 04:55 faker.factory DEBUG    Looking for locale `en_US` in provider `faker.providers.company`.
   787 Thread-9 05-16 04:55 faker.factory DEBUG    Provider `faker.providers.color` has been localized to `en_US`.
   787 Thread-7 05-16 04:55 faker.factory DEBUG    Provider `faker.providers.color` has been localized to `en_US`.
   787 Thread-9 05-16 04:55 faker.factory DEBUG    Looking for locale `en_US` in provider `faker.providers.company`.
   787 Thread-6 05-16 04:55 faker.factory DEBUG    Provider `faker.providers.color` has been localized to `en_US`.
   787 Thread-7 05-16 04:55 faker.factory DEBUG    Looking for locale `en_US` in provider `faker.providers.company`.
   787 Thread-10 05-16 04:55 faker.factory DEBUG    Provider `faker.providers.color` has been localized to `en_US`.
   787 Thread-8 05-16 04:55 faker.factory DEBUG    Provider `faker.providers.color` has been localized to `en_US`.
   787 Thread-6 05-16 04:55 faker.factory DEBUG    Looking for locale `en_US` in provider `faker.providers.company`.
   802 Thread-10 05-16 04:55 faker.factory DEBUG    Looking for locale `en_US` in provider `faker.providers.company`.
   802 Thread-8 05-16 04:55 faker.factory DEBUG    Looking for locale `en_US` in provider `faker.providers.company`.
   871 Thread-1 05-16 04:55 faker.factory DEBUG    Provider `faker.providers.company` has been localized to `en_US`.
   871 Thread-2 05-16 04:55 faker.factory DEBUG    Provider `faker.providers.company` has been localized to `en_US`.
   887 Thread-1 05-16 04:55 faker.factory DEBUG    Provider `faker.providers.credit_card` does not feature localization. Specified locale `en_US` is not utilized for this provider.
   887 Thread-3 05-16 04:55 faker.factory DEBUG    Provider `faker.providers.company` has been localized to `en_US`.
   887 Thread-2 05-16 04:55 faker.factory DEBUG    Provider `faker.providers.credit_card` does not feature localization. Specified locale `en_US` is not utilized for this provider.
   887 Thread-1 05-16 04:55 faker.factory DEBUG    Provider `faker.providers.currency` does not feature localization. Specified locale `en_US` is not utilized for this provider.
   887 Thread-3 05-16 04:55 faker.factory DEBUG    Provider `faker.providers.credit_card` does not feature localization. Specified locale `en_US` is not utilized for this provider.
   887 Thread-4 05-16 04:55 faker.factory DEBUG    Provider `faker.providers.company` has been localized to `en_US`.
   887 Thread-2 05-16 04:55 faker.factory DEBUG    Provider `faker.providers.currency` does not feature localization. Specified locale `en_US` is not utilized for this provider.
   887 Thread-5 05-16 04:55 faker.factory DEBUG    Provider `faker.providers.company` has been localized to `en_US`.
   887 Thread-1 05-16 04:55 faker.factory DEBUG    Looking for locale `en_US` in provider `faker.providers.date_time`.
   903 Thread-3 05-16 04:55 faker.factory DEBUG    Provider `faker.providers.currency` does not feature localization. Specified locale `en_US` is not utilized for this provider.
   903 Thread-4 05-16 04:55 faker.factory DEBUG    Provider `faker.providers.credit_card` does not feature localization. Specified locale `en_US` is not utilized for this provider.
   903 Thread-2 05-16 04:55 faker.factory DEBUG    Looking for locale `en_US` in provider `faker.providers.date_time`.
   903 Thread-5 05-16 04:55 faker.factory DEBUG    Provider `faker.providers.credit_card` does not feature localization. Specified locale `en_US` is not utilized for this provider.
   903 Thread-3 05-16 04:55 faker.factory DEBUG    Looking for locale `en_US` in provider `faker.providers.date_time`.
   903 Thread-4 05-16 04:55 faker.factory DEBUG    Provider `faker.providers.currency` does not feature localization. Specified locale `en_US` is not utilized for this provider.
   903 Thread-5 05-16 04:55 faker.factory DEBUG    Provider `faker.providers.currency` does not feature localization. Specified locale `en_US` is not utilized for this provider.
   903 Thread-9 05-16 04:55 faker.factory DEBUG    Provider `faker.providers.company` has been localized to `en_US`.
   903 Thread-4 05-16 04:55 faker.factory DEBUG    Looking for locale `en_US` in provider `faker.providers.date_time`.
   903 Thread-5 05-16 04:55 faker.factory DEBUG    Looking for locale `en_US` in provider `faker.providers.date_time`.
   903 Thread-7 05-16 04:55 faker.factory DEBUG    Provider `faker.providers.company` has been localized to `en_US`.
   903 Thread-9 05-16 04:55 faker.factory DEBUG    Provider `faker.providers.credit_card` does not feature localization. Specified locale `en_US` is not utilized for this provider.
   903 Thread-6 05-16 04:55 faker.factory DEBUG    Provider `faker.providers.company` has been localized to `en_US`.
   918 Thread-7 05-16 04:55 faker.factory DEBUG    Provider `faker.providers.credit_card` does not feature localization. Specified locale `en_US` is not utilized for this provider.
   918 Thread-10 05-16 04:55 faker.factory DEBUG    Provider `faker.providers.company` has been localized to `en_US`.
   918 Thread-9 05-16 04:55 faker.factory DEBUG    Provider `faker.providers.currency` does not feature localization. Specified locale `en_US` is not utilized for this provider.
   918 Thread-6 05-16 04:55 faker.factory DEBUG    Provider `faker.providers.credit_card` does not feature localization. Specified locale `en_US` is not utilized for this provider.
   918 Thread-8 05-16 04:55 faker.factory DEBUG    Provider `faker.providers.company` has been localized to `en_US`.
   918 Thread-7 05-16 04:55 faker.factory DEBUG    Provider `faker.providers.currency` does not feature localization. Specified locale `en_US` is not utilized for this provider.
   918 Thread-10 05-16 04:55 faker.factory DEBUG    Provider `faker.providers.credit_card` does not feature localization. Specified locale `en_US` is not utilized for this provider.
   918 Thread-9 05-16 04:55 faker.factory DEBUG    Looking for locale `en_US` in provider `faker.providers.date_time`.
   918 Thread-6 05-16 04:55 faker.factory DEBUG    Provider `faker.providers.currency` does not feature localization. Specified locale `en_US` is not utilized for this provider.
   918 Thread-8 05-16 04:55 faker.factory DEBUG    Provider `faker.providers.credit_card` does not feature localization. Specified locale `en_US` is not utilized for this provider.
   918 Thread-7 05-16 04:55 faker.factory DEBUG    Looking for locale `en_US` in provider `faker.providers.date_time`.
   918 Thread-10 05-16 04:55 faker.factory DEBUG    Provider `faker.providers.currency` does not feature localization. Specified locale `en_US` is not utilized for this provider.
   918 Thread-6 05-16 04:55 faker.factory DEBUG    Looking for locale `en_US` in provider `faker.providers.date_time`.
   934 Thread-8 05-16 04:55 faker.factory DEBUG    Provider `faker.providers.currency` does not feature localization. Specified locale `en_US` is not utilized for this provider.
   934 Thread-10 05-16 04:55 faker.factory DEBUG    Looking for locale `en_US` in provider `faker.providers.date_time`.
   934 Thread-8 05-16 04:55 faker.factory DEBUG    Looking for locale `en_US` in provider `faker.providers.date_time`.
   949 Thread-1 05-16 04:55 faker.factory DEBUG    Provider `faker.providers.date_time` has been localized to `en_US`.
   949 Thread-2 05-16 04:55 faker.factory DEBUG    Provider `faker.providers.date_time` has been localized to `en_US`.
   949 Thread-3 05-16 04:55 faker.factory DEBUG    Provider `faker.providers.date_time` has been localized to `en_US`.
   965 Thread-1 05-16 04:55 faker.factory DEBUG    Provider `faker.providers.file` does not feature localization. Specified locale `en_US` is not utilized for this provider.
   965 Thread-2 05-16 04:55 faker.factory DEBUG    Provider `faker.providers.file` does not feature localization. Specified locale `en_US` is not utilized for this provider.
   965 Thread-3 05-16 04:55 faker.factory DEBUG    Provider `faker.providers.file` does not feature localization. Specified locale `en_US` is not utilized for this provider.
   972 Thread-1 05-16 04:55 faker.factory DEBUG    Looking for locale `en_US` in provider `faker.providers.geo`.
   972 Thread-4 05-16 04:55 faker.factory DEBUG    Provider `faker.providers.date_time` has been localized to `en_US`.
   972 Thread-2 05-16 04:55 faker.factory DEBUG    Looking for locale `en_US` in provider `faker.providers.geo`.
   972 Thread-5 05-16 04:55 faker.factory DEBUG    Provider `faker.providers.date_time` has been localized to `en_US`.
   972 Thread-3 05-16 04:55 faker.factory DEBUG    Looking for locale `en_US` in provider `faker.providers.geo`.
   972 Thread-4 05-16 04:55 faker.factory DEBUG    Provider `faker.providers.file` does not feature localization. Specified locale `en_US` is not utilized for this provider.
   972 Thread-5 05-16 04:55 faker.factory DEBUG    Provider `faker.providers.file` does not feature localization. Specified locale `en_US` is not utilized for this provider.
   987 Thread-4 05-16 04:55 faker.factory DEBUG    Looking for locale `en_US` in provider `faker.providers.geo`.
   987 Thread-9 05-16 04:55 faker.factory DEBUG    Provider `faker.providers.date_time` has been localized to `en_US`.
   987 Thread-5 05-16 04:55 faker.factory DEBUG    Looking for locale `en_US` in provider `faker.providers.geo`.
   987 Thread-1 05-16 04:55 faker.factory DEBUG    Provider `faker.providers.geo` has been localized to `en_US`.
   987 Thread-7 05-16 04:55 faker.factory DEBUG    Provider `faker.providers.date_time` has been localized to `en_US`.
   987 Thread-2 05-16 04:55 faker.factory DEBUG    Provider `faker.providers.geo` has been localized to `en_US`.
   987 Thread-9 05-16 04:55 faker.factory DEBUG    Provider `faker.providers.file` does not feature localization. Specified locale `en_US` is not utilized for this provider.
   987 Thread-6 05-16 04:55 faker.factory DEBUG    Provider `faker.providers.date_time` has been localized to `en_US`.
  1003 Thread-3 05-16 04:55 faker.factory DEBUG    Provider `faker.providers.geo` has been localized to `en_US`.
  1003 Thread-1 05-16 04:55 faker.factory DEBUG    Looking for locale `en_US` in provider `faker.providers.internet`.
  1003 Thread-10 05-16 04:55 faker.factory DEBUG    Provider `faker.providers.date_time` has been localized to `en_US`.
  1003 Thread-7 05-16 04:55 faker.factory DEBUG    Provider `faker.providers.file` does not feature localization. Specified locale `en_US` is not utilized for this provider.
  1003 Thread-2 05-16 04:55 faker.factory DEBUG    Looking for locale `en_US` in provider `faker.providers.internet`.
  1003 Thread-9 05-16 04:55 faker.factory DEBUG    Looking for locale `en_US` in provider `faker.providers.geo`.
  1003 Thread-8 05-16 04:55 faker.factory DEBUG    Provider `faker.providers.date_time` has been localized to `en_US`.
  1003 Thread-3 05-16 04:55 faker.factory DEBUG    Looking for locale `en_US` in provider `faker.providers.internet`.
  1003 Thread-6 05-16 04:55 faker.factory DEBUG    Provider `faker.providers.file` does not feature localization. Specified locale `en_US` is not utilized for this provider.
  1003 Thread-4 05-16 04:55 faker.factory DEBUG    Provider `faker.providers.geo` has been localized to `en_US`.
  1003 Thread-5 05-16 04:55 faker.factory DEBUG    Provider `faker.providers.geo` has been localized to `en_US`.
  1003 Thread-10 05-16 04:55 faker.factory DEBUG    Provider `faker.providers.file` does not feature localization. Specified locale `en_US` is not utilized for this provider.
  1003 Thread-7 05-16 04:55 faker.factory DEBUG    Looking for locale `en_US` in provider `faker.providers.geo`.
  1003 Thread-8 05-16 04:55 faker.factory DEBUG    Provider `faker.providers.file` does not feature localization. Specified locale `en_US` is not utilized for this provider.
  1003 Thread-6 05-16 04:55 faker.factory DEBUG    Looking for locale `en_US` in provider `faker.providers.geo`.
  1003 Thread-4 05-16 04:55 faker.factory DEBUG    Looking for locale `en_US` in provider `faker.providers.internet`.
  1003 Thread-5 05-16 04:55 faker.factory DEBUG    Looking for locale `en_US` in provider `faker.providers.internet`.
  1003 Thread-10 05-16 04:55 faker.factory DEBUG    Looking for locale `en_US` in provider `faker.providers.geo`.
  1018 Thread-8 05-16 04:55 faker.factory DEBUG    Looking for locale `en_US` in provider `faker.providers.geo`.
  1018 Thread-9 05-16 04:55 faker.factory DEBUG    Provider `faker.providers.geo` has been localized to `en_US`.
  1018 Thread-9 05-16 04:55 faker.factory DEBUG    Looking for locale `en_US` in provider `faker.providers.internet`.
  1018 Thread-7 05-16 04:55 faker.factory DEBUG    Provider `faker.providers.geo` has been localized to `en_US`.
  1034 Thread-6 05-16 04:55 faker.factory DEBUG    Provider `faker.providers.geo` has been localized to `en_US`.
  1034 Thread-7 05-16 04:55 faker.factory DEBUG    Looking for locale `en_US` in provider `faker.providers.internet`.
  1034 Thread-10 05-16 04:55 faker.factory DEBUG    Provider `faker.providers.geo` has been localized to `en_US`.
  1034 Thread-6 05-16 04:55 faker.factory DEBUG    Looking for locale `en_US` in provider `faker.providers.internet`.
  1034 Thread-8 05-16 04:55 faker.factory DEBUG    Provider `faker.providers.geo` has been localized to `en_US`.
  1034 Thread-10 05-16 04:55 faker.factory DEBUG    Looking for locale `en_US` in provider `faker.providers.internet`.
  1034 Thread-8 05-16 04:55 faker.factory DEBUG    Looking for locale `en_US` in provider `faker.providers.internet`.
  1124 Thread-1 05-16 04:55 faker.factory DEBUG    Provider `faker.providers.internet` has been localized to `en_US`.
  1124 Thread-2 05-16 04:55 faker.factory DEBUG    Provider `faker.providers.internet` has been localized to `en_US`.
  1139 Thread-1 05-16 04:55 faker.factory DEBUG    Provider `faker.providers.isbn` does not feature localization. Specified locale `en_US` is not utilized for this provider.
  1139 Thread-3 05-16 04:55 faker.factory DEBUG    Provider `faker.providers.internet` has been localized to `en_US`.
  1139 Thread-2 05-16 04:55 faker.factory DEBUG    Provider `faker.providers.isbn` does not feature localization. Specified locale `en_US` is not utilized for this provider.
  1139 Thread-1 05-16 04:55 faker.factory DEBUG    Looking for locale `en_US` in provider `faker.providers.job`.
  1139 Thread-3 05-16 04:55 faker.factory DEBUG    Provider `faker.providers.isbn` does not feature localization. Specified locale `en_US` is not utilized for this provider.
  1139 Thread-2 05-16 04:55 faker.factory DEBUG    Looking for locale `en_US` in provider `faker.providers.job`.
  1155 Thread-3 05-16 04:55 faker.factory DEBUG    Looking for locale `en_US` in provider `faker.providers.job`.
  1155 Thread-4 05-16 04:55 faker.factory DEBUG    Provider `faker.providers.internet` has been localized to `en_US`.
  1155 Thread-5 05-16 04:55 faker.factory DEBUG    Provider `faker.providers.internet` has been localized to `en_US`.
  1159 Thread-4 05-16 04:55 faker.factory DEBUG    Provider `faker.providers.isbn` does not feature localization. Specified locale `en_US` is not utilized for this provider.
  1163 Thread-5 05-16 04:55 faker.factory DEBUG    Provider `faker.providers.isbn` does not feature localization. Specified locale `en_US` is not utilized for this provider.
  1163 Thread-9 05-16 04:55 faker.factory DEBUG    Provider `faker.providers.internet` has been localized to `en_US`.
  1163 Thread-4 05-16 04:55 faker.factory DEBUG    Looking for locale `en_US` in provider `faker.providers.job`.
  1167 Thread-5 05-16 04:55 faker.factory DEBUG    Looking for locale `en_US` in provider `faker.providers.job`.
  1167 Thread-9 05-16 04:55 faker.factory DEBUG    Provider `faker.providers.isbn` does not feature localization. Specified locale `en_US` is not utilized for this provider.
  1171 Thread-7 05-16 04:55 faker.factory DEBUG    Provider `faker.providers.internet` has been localized to `en_US`.
  1171 Thread-9 05-16 04:55 faker.factory DEBUG    Looking for locale `en_US` in provider `faker.providers.job`.
  1175 Thread-6 05-16 04:55 faker.factory DEBUG    Provider `faker.providers.internet` has been localized to `en_US`.
  1179 Thread-7 05-16 04:55 faker.factory DEBUG    Provider `faker.providers.isbn` does not feature localization. Specified locale `en_US` is not utilized for this provider.
  1179 Thread-8 05-16 04:55 faker.factory DEBUG    Provider `faker.providers.internet` has been localized to `en_US`.
  1179 Thread-10 05-16 04:55 faker.factory DEBUG    Provider `faker.providers.internet` has been localized to `en_US`.
  1179 Thread-6 05-16 04:55 faker.factory DEBUG    Provider `faker.providers.isbn` does not feature localization. Specified locale `en_US` is not utilized for this provider.
  1183 Thread-7 05-16 04:55 faker.factory DEBUG    Looking for locale `en_US` in provider `faker.providers.job`.
  1187 Thread-8 05-16 04:55 faker.factory DEBUG    Provider `faker.providers.isbn` does not feature localization. Specified locale `en_US` is not utilized for this provider.
  1187 Thread-6 05-16 04:55 faker.factory DEBUG    Looking for locale `en_US` in provider `faker.providers.job`.
  1187 Thread-10 05-16 04:55 faker.factory DEBUG    Provider `faker.providers.isbn` does not feature localization. Specified locale `en_US` is not utilized for this provider.
  1191 Thread-8 05-16 04:55 faker.factory DEBUG    Looking for locale `en_US` in provider `faker.providers.job`.
  1191 Thread-10 05-16 04:55 faker.factory DEBUG    Looking for locale `en_US` in provider `faker.providers.job`.
  1219 Thread-1 05-16 04:55 faker.factory DEBUG    Provider `faker.providers.job` has been localized to `en_US`.
  1227 Thread-1 05-16 04:55 faker.factory DEBUG    Looking for locale `en_US` in provider `faker.providers.lorem`.
  1227 Thread-2 05-16 04:55 faker.factory DEBUG    Provider `faker.providers.job` has been localized to `en_US`.
  1231 Thread-3 05-16 04:55 faker.factory DEBUG    Provider `faker.providers.job` has been localized to `en_US`.
  1235 Thread-2 05-16 04:55 faker.factory DEBUG    Looking for locale `en_US` in provider `faker.providers.lorem`.
  1235 Thread-3 05-16 04:55 faker.factory DEBUG    Looking for locale `en_US` in provider `faker.providers.lorem`.
  1243 Thread-4 05-16 04:55 faker.factory DEBUG    Provider `faker.providers.job` has been localized to `en_US`.
  1247 Thread-5 05-16 04:55 faker.factory DEBUG    Provider `faker.providers.job` has been localized to `en_US`.
  1247 Thread-4 05-16 04:55 faker.factory DEBUG    Looking for locale `en_US` in provider `faker.providers.lorem`.
  1251 Thread-5 05-16 04:55 faker.factory DEBUG    Looking for locale `en_US` in provider `faker.providers.lorem`.
  1255 Thread-9 05-16 04:55 faker.factory DEBUG    Provider `faker.providers.job` has been localized to `en_US`.
  1259 Thread-9 05-16 04:55 faker.factory DEBUG    Looking for locale `en_US` in provider `faker.providers.lorem`.
  1259 Thread-7 05-16 04:55 faker.factory DEBUG    Provider `faker.providers.job` has been localized to `en_US`.
  1263 Thread-6 05-16 04:55 faker.factory DEBUG    Provider `faker.providers.job` has been localized to `en_US`.
  1267 Thread-7 05-16 04:55 faker.factory DEBUG    Looking for locale `en_US` in provider `faker.providers.lorem`.
  1267 Thread-8 05-16 04:55 faker.factory DEBUG    Provider `faker.providers.job` has been localized to `en_US`.
  1271 Thread-6 05-16 04:55 faker.factory DEBUG    Looking for locale `en_US` in provider `faker.providers.lorem`.
  1271 Thread-10 05-16 04:55 faker.factory DEBUG    Provider `faker.providers.job` has been localized to `en_US`.
  1275 Thread-8 05-16 04:55 faker.factory DEBUG    Looking for locale `en_US` in provider `faker.providers.lorem`.
  1275 Thread-10 05-16 04:55 faker.factory DEBUG    Looking for locale `en_US` in provider `faker.providers.lorem`.
  1279 Thread-1 05-16 04:55 faker.factory DEBUG    Provider `faker.providers.lorem` has been localized to `en_US`.
  1287 Thread-1 05-16 04:55 faker.factory DEBUG    Provider `faker.providers.misc` does not feature localization. Specified locale `en_US` is not utilized for this provider.
  1291 Thread-2 05-16 04:55 faker.factory DEBUG    Provider `faker.providers.lorem` has been localized to `en_US`.
  1295 Thread-3 05-16 04:55 faker.factory DEBUG    Provider `faker.providers.lorem` has been localized to `en_US`.
  1295 Thread-1 05-16 04:55 faker.factory DEBUG    Looking for locale `en_US` in provider `faker.providers.person`.
  1295 Thread-2 05-16 04:55 faker.factory DEBUG    Provider `faker.providers.misc` does not feature localization. Specified locale `en_US` is not utilized for this provider.
  1299 Thread-3 05-16 04:55 faker.factory DEBUG    Provider `faker.providers.misc` does not feature localization. Specified locale `en_US` is not utilized for this provider.
  1303 Thread-2 05-16 04:55 faker.factory DEBUG    Looking for locale `en_US` in provider `faker.providers.person`.
  1303 Thread-3 05-16 04:55 faker.factory DEBUG    Looking for locale `en_US` in provider `faker.providers.person`.
  1303 Thread-4 05-16 04:55 faker.factory DEBUG    Provider `faker.providers.lorem` has been localized to `en_US`.
  1307 Thread-5 05-16 04:55 faker.factory DEBUG    Provider `faker.providers.lorem` has been localized to `en_US`.
  1307 Thread-4 05-16 04:55 faker.factory DEBUG    Provider `faker.providers.misc` does not feature localization. Specified locale `en_US` is not utilized for this provider.
  1307 Thread-5 05-16 04:55 faker.factory DEBUG    Provider `faker.providers.misc` does not feature localization. Specified locale `en_US` is not utilized for this provider.
  1311 Thread-9 05-16 04:55 faker.factory DEBUG    Provider `faker.providers.lorem` has been localized to `en_US`.
  1311 Thread-4 05-16 04:55 faker.factory DEBUG    Looking for locale `en_US` in provider `faker.providers.person`.
  1311 Thread-5 05-16 04:55 faker.factory DEBUG    Looking for locale `en_US` in provider `faker.providers.person`.
  1315 Thread-9 05-16 04:55 faker.factory DEBUG    Provider `faker.providers.misc` does not feature localization. Specified locale `en_US` is not utilized for this provider.
  1319 Thread-9 05-16 04:55 faker.factory DEBUG    Looking for locale `en_US` in provider `faker.providers.person`.
  1319 Thread-7 05-16 04:55 faker.factory DEBUG    Provider `faker.providers.lorem` has been localized to `en_US`.
  1323 Thread-7 05-16 04:55 faker.factory DEBUG    Provider `faker.providers.misc` does not feature localization. Specified locale `en_US` is not utilized for this provider.
  1323 Thread-6 05-16 04:55 faker.factory DEBUG    Provider `faker.providers.lorem` has been localized to `en_US`.
  1323 Thread-8 05-16 04:55 faker.factory DEBUG    Provider `faker.providers.lorem` has been localized to `en_US`.
  1327 Thread-7 05-16 04:55 faker.factory DEBUG    Looking for locale `en_US` in provider `faker.providers.person`.
  1327 Thread-10 05-16 04:55 faker.factory DEBUG    Provider `faker.providers.lorem` has been localized to `en_US`.
  1327 Thread-6 05-16 04:55 faker.factory DEBUG    Provider `faker.providers.misc` does not feature localization. Specified locale `en_US` is not utilized for this provider.
  1327 Thread-8 05-16 04:55 faker.factory DEBUG    Provider `faker.providers.misc` does not feature localization. Specified locale `en_US` is not utilized for this provider.
  1331 Thread-10 05-16 04:55 faker.factory DEBUG    Provider `faker.providers.misc` does not feature localization. Specified locale `en_US` is not utilized for this provider.
  1331 Thread-6 05-16 04:55 faker.factory DEBUG    Looking for locale `en_US` in provider `faker.providers.person`.
  1331 Thread-8 05-16 04:55 faker.factory DEBUG    Looking for locale `en_US` in provider `faker.providers.person`.
  1335 Thread-10 05-16 04:55 faker.factory DEBUG    Looking for locale `en_US` in provider `faker.providers.person`.
  1487 Thread-1 05-16 04:55 faker.factory DEBUG    Provider `faker.providers.person` has been localized to `en_US`.
  1503 Thread-2 05-16 04:55 faker.factory DEBUG    Provider `faker.providers.person` has been localized to `en_US`.
  1503 Thread-3 05-16 04:55 faker.factory DEBUG    Provider `faker.providers.person` has been localized to `en_US`.
  1515 Thread-4 05-16 04:55 faker.factory DEBUG    Provider `faker.providers.person` has been localized to `en_US`.
  1519 Thread-5 05-16 04:55 faker.factory DEBUG    Provider `faker.providers.person` has been localized to `en_US`.
  1523 Thread-9 05-16 04:55 faker.factory DEBUG    Provider `faker.providers.person` has been localized to `en_US`.
  1527 Thread-7 05-16 04:55 faker.factory DEBUG    Provider `faker.providers.person` has been localized to `en_US`.
  1531 Thread-6 05-16 04:55 faker.factory DEBUG    Provider `faker.providers.person` has been localized to `en_US`.
  1531 Thread-10 05-16 04:55 faker.factory DEBUG    Provider `faker.providers.person` has been localized to `en_US`.
  1531 Thread-8 05-16 04:55 faker.factory DEBUG    Provider `faker.providers.person` has been localized to `en_US`.
  1539 Thread-1 05-16 04:55 faker.factory DEBUG    Looking for locale `en_US` in provider `faker.providers.phone_number`.
  1539 Thread-2 05-16 04:55 faker.factory DEBUG    Looking for locale `en_US` in provider `faker.providers.phone_number`.
  1539 Thread-3 05-16 04:55 faker.factory DEBUG    Looking for locale `en_US` in provider `faker.providers.phone_number`.
  1539 Thread-4 05-16 04:55 faker.factory DEBUG    Looking for locale `en_US` in provider `faker.providers.phone_number`.
  1539 Thread-9 05-16 04:55 faker.factory DEBUG    Looking for locale `en_US` in provider `faker.providers.phone_number`.
  1539 Thread-5 05-16 04:55 faker.factory DEBUG    Looking for locale `en_US` in provider `faker.providers.phone_number`.
  1539 Thread-7 05-16 04:55 faker.factory DEBUG    Looking for locale `en_US` in provider `faker.providers.phone_number`.
  1539 Thread-10 05-16 04:55 faker.factory DEBUG    Looking for locale `en_US` in provider `faker.providers.phone_number`.
  1539 Thread-6 05-16 04:55 faker.factory DEBUG    Looking for locale `en_US` in provider `faker.providers.phone_number`.
  1539 Thread-8 05-16 04:55 faker.factory DEBUG    Looking for locale `en_US` in provider `faker.providers.phone_number`.
  1715 Thread-2 05-16 04:55 faker.factory DEBUG    Provider `faker.providers.phone_number` has been localized to `en_US`.
  1719 Thread-3 05-16 04:55 faker.factory DEBUG    Provider `faker.providers.phone_number` has been localized to `en_US`.
  1719 Thread-1 05-16 04:55 faker.factory DEBUG    Provider `faker.providers.phone_number` has been localized to `en_US`.
  1723 Thread-4 05-16 04:55 faker.factory DEBUG    Provider `faker.providers.phone_number` has been localized to `en_US`.
  1727 Thread-2 05-16 04:55 faker.factory DEBUG    Provider `faker.providers.profile` does not feature localization. Specified locale `en_US` is not utilized for this provider.
  1727 Thread-5 05-16 04:55 faker.factory DEBUG    Provider `faker.providers.phone_number` has been localized to `en_US`.
  1727 Thread-7 05-16 04:55 faker.factory DEBUG    Provider `faker.providers.phone_number` has been localized to `en_US`.
  1727 Thread-3 05-16 04:55 faker.factory DEBUG    Provider `faker.providers.profile` does not feature localization. Specified locale `en_US` is not utilized for this provider.
  1731 Thread-9 05-16 04:55 faker.factory DEBUG    Provider `faker.providers.phone_number` has been localized to `en_US`.
  1731 Thread-1 05-16 04:55 faker.factory DEBUG    Provider `faker.providers.profile` does not feature localization. Specified locale `en_US` is not utilized for this provider.
  1731 Thread-4 05-16 04:55 faker.factory DEBUG    Provider `faker.providers.profile` does not feature localization. Specified locale `en_US` is not utilized for this provider.
  1731 Thread-2 05-16 04:55 faker.factory DEBUG    Provider `faker.providers.python` does not feature localization. Specified locale `en_US` is not utilized for this provider.
  1731 Thread-5 05-16 04:55 faker.factory DEBUG    Provider `faker.providers.profile` does not feature localization. Specified locale `en_US` is not utilized for this provider.
  1735 Thread-10 05-16 04:55 faker.factory DEBUG    Provider `faker.providers.phone_number` has been localized to `en_US`.
  1735 Thread-6 05-16 04:55 faker.factory DEBUG    Provider `faker.providers.phone_number` has been localized to `en_US`.
  1735 Thread-7 05-16 04:55 faker.factory DEBUG    Provider `faker.providers.profile` does not feature localization. Specified locale `en_US` is not utilized for this provider.
  1735 Thread-8 05-16 04:55 faker.factory DEBUG    Provider `faker.providers.phone_number` has been localized to `en_US`.
  1735 Thread-3 05-16 04:55 faker.factory DEBUG    Provider `faker.providers.python` does not feature localization. Specified locale `en_US` is not utilized for this provider.
  1735 Thread-9 05-16 04:55 faker.factory DEBUG    Provider `faker.providers.profile` does not feature localization. Specified locale `en_US` is not utilized for this provider.
  1735 Thread-1 05-16 04:55 faker.factory DEBUG    Provider `faker.providers.python` does not feature localization. Specified locale `en_US` is not utilized for this provider.
  1735 Thread-4 05-16 04:55 faker.factory DEBUG    Provider `faker.providers.python` does not feature localization. Specified locale `en_US` is not utilized for this provider.
  1735 Thread-2 05-16 04:55 faker.factory DEBUG    Looking for locale `en_US` in provider `faker.providers.ssn`.
  1735 Thread-5 05-16 04:55 faker.factory DEBUG    Provider `faker.providers.python` does not feature localization. Specified locale `en_US` is not utilized for this provider.
  1735 Thread-10 05-16 04:55 faker.factory DEBUG    Provider `faker.providers.profile` does not feature localization. Specified locale `en_US` is not utilized for this provider.
  1739 Thread-6 05-16 04:55 faker.factory DEBUG    Provider `faker.providers.profile` does not feature localization. Specified locale `en_US` is not utilized for this provider.
  1739 Thread-7 05-16 04:55 faker.factory DEBUG    Provider `faker.providers.python` does not feature localization. Specified locale `en_US` is not utilized for this provider.
  1739 Thread-8 05-16 04:55 faker.factory DEBUG    Provider `faker.providers.profile` does not feature localization. Specified locale `en_US` is not utilized for this provider.
  1739 Thread-3 05-16 04:55 faker.factory DEBUG    Looking for locale `en_US` in provider `faker.providers.ssn`.
  1739 Thread-9 05-16 04:55 faker.factory DEBUG    Provider `faker.providers.python` does not feature localization. Specified locale `en_US` is not utilized for this provider.
  1739 Thread-1 05-16 04:55 faker.factory DEBUG    Looking for locale `en_US` in provider `faker.providers.ssn`.
  1739 Thread-4 05-16 04:55 faker.factory DEBUG    Looking for locale `en_US` in provider `faker.providers.ssn`.
  1739 Thread-5 05-16 04:55 faker.factory DEBUG    Looking for locale `en_US` in provider `faker.providers.ssn`.
  1739 Thread-10 05-16 04:55 faker.factory DEBUG    Provider `faker.providers.python` does not feature localization. Specified locale `en_US` is not utilized for this provider.
  1743 Thread-6 05-16 04:55 faker.factory DEBUG    Provider `faker.providers.python` does not feature localization. Specified locale `en_US` is not utilized for this provider.
  1743 Thread-7 05-16 04:55 faker.factory DEBUG    Looking for locale `en_US` in provider `faker.providers.ssn`.
  1743 Thread-8 05-16 04:55 faker.factory DEBUG    Provider `faker.providers.python` does not feature localization. Specified locale `en_US` is not utilized for this provider.
  1743 Thread-9 05-16 04:55 faker.factory DEBUG    Looking for locale `en_US` in provider `faker.providers.ssn`.
  1747 Thread-10 05-16 04:55 faker.factory DEBUG    Looking for locale `en_US` in provider `faker.providers.ssn`.
  1747 Thread-6 05-16 04:55 faker.factory DEBUG    Looking for locale `en_US` in provider `faker.providers.ssn`.
  1747 Thread-8 05-16 04:55 faker.factory DEBUG    Looking for locale `en_US` in provider `faker.providers.ssn`.
  1871 Thread-2 05-16 04:55 faker.factory DEBUG    Provider `faker.providers.ssn` has been localized to `en_US`.
  1879 Thread-2 05-16 04:55 faker.factory DEBUG    Provider `faker.providers.user_agent` does not feature localization. Specified locale `en_US` is not utilized for this provider.
  1887 Thread-1 05-16 04:55 faker.factory DEBUG    Provider `faker.providers.ssn` has been localized to `en_US`.
  1887 Thread-3 05-16 04:55 faker.factory DEBUG    Provider `faker.providers.ssn` has been localized to `en_US`.
  1891 Thread-1 05-16 04:55 faker.factory DEBUG    Provider `faker.providers.user_agent` does not feature localization. Specified locale `en_US` is not utilized for this provider.
  1891 Thread-3 05-16 04:55 faker.factory DEBUG    Provider `faker.providers.user_agent` does not feature localization. Specified locale `en_US` is not utilized for this provider.
  1891 Thread-4 05-16 04:55 faker.factory DEBUG    Provider `faker.providers.ssn` has been localized to `en_US`.
  1895 Thread-5 05-16 04:55 faker.factory DEBUG    Provider `faker.providers.ssn` has been localized to `en_US`.
  1899 Thread-7 05-16 04:55 faker.factory DEBUG    Provider `faker.providers.ssn` has been localized to `en_US`.
  1899 Thread-4 05-16 04:55 faker.factory DEBUG    Provider `faker.providers.user_agent` does not feature localization. Specified locale `en_US` is not utilized for this provider.
  1899 Thread-9 05-16 04:55 faker.factory DEBUG    Provider `faker.providers.ssn` has been localized to `en_US`.
  1899 Thread-5 05-16 04:55 faker.factory DEBUG    Provider `faker.providers.user_agent` does not feature localization. Specified locale `en_US` is not utilized for this provider.
  1899 Thread-7 05-16 04:55 faker.factory DEBUG    Provider `faker.providers.user_agent` does not feature localization. Specified locale `en_US` is not utilized for this provider.
  1903 Thread-10 05-16 04:55 faker.factory DEBUG    Provider `faker.providers.ssn` has been localized to `en_US`.
  1903 Thread-9 05-16 04:55 faker.factory DEBUG    Provider `faker.providers.user_agent` does not feature localization. Specified locale `en_US` is not utilized for this provider.
  1903 Thread-6 05-16 04:55 faker.factory DEBUG    Provider `faker.providers.ssn` has been localized to `en_US`.
  1903 Thread-8 05-16 04:55 faker.factory DEBUG    Provider `faker.providers.ssn` has been localized to `en_US`.
  1903 Thread-10 05-16 04:55 faker.factory DEBUG    Provider `faker.providers.user_agent` does not feature localization. Specified locale `en_US` is not utilized for this provider.
  1907 Thread-6 05-16 04:55 faker.factory DEBUG    Provider `faker.providers.user_agent` does not feature localization. Specified locale `en_US` is not utilized for this provider.
  1907 Thread-8 05-16 04:55 faker.factory DEBUG    Provider `faker.providers.user_agent` does not feature localization. Specified locale `en_US` is not utilized for this provider.
  2023 MainThread 05-16 04:55 root         INFO     Report is generated at C:\Users\sushrut.holey\gitrepos\ThreadingExample\reports\report_16_05_2019_04_55.csv
